{"/Users/younghoonan/Documents/ACE/src/engine/CanvasViewport.ts": {"path":"/Users/younghoonan/Documents/ACE/src/engine/CanvasViewport.ts","statementMap":{"0":{"start":{"line":16,"column":8},"end":{"line":16,"column":null}},"1":{"start":{"line":17,"column":8},"end":{"line":17,"column":null}},"2":{"start":{"line":18,"column":8},"end":{"line":18,"column":null}},"3":{"start":{"line":21,"column":8},"end":{"line":21,"column":null}},"4":{"start":{"line":22,"column":8},"end":{"line":22,"column":null}},"5":{"start":{"line":23,"column":8},"end":{"line":23,"column":null}},"6":{"start":{"line":26,"column":8},"end":{"line":26,"column":null}},"7":{"start":{"line":27,"column":8},"end":{"line":27,"column":null}},"8":{"start":{"line":30,"column":8},"end":{"line":30,"column":null}},"9":{"start":{"line":31,"column":8},"end":{"line":31,"column":null}},"10":{"start":{"line":32,"column":8},"end":{"line":32,"column":null}},"11":{"start":{"line":35,"column":8},"end":{"line":35,"column":null}},"12":{"start":{"line":40,"column":8},"end":{"line":40,"column":null}},"13":{"start":{"line":43,"column":8},"end":{"line":43,"column":null}},"14":{"start":{"line":46,"column":8},"end":{"line":46,"column":null}},"15":{"start":{"line":49,"column":14},"end":{"line":49,"column":null}},"16":{"start":{"line":50,"column":8},"end":{"line":52,"column":null}},"17":{"start":{"line":51,"column":12},"end":{"line":51,"column":null}},"18":{"start":{"line":57,"column":8},"end":{"line":57,"column":null}},"19":{"start":{"line":60,"column":25},"end":{"line":60,"column":null}},"20":{"start":{"line":60,"column":68},"end":{"line":60,"column":89}},"21":{"start":{"line":61,"column":8},"end":{"line":70,"column":null}},"22":{"start":{"line":62,"column":24},"end":{"line":62,"column":null}},"23":{"start":{"line":63,"column":12},"end":{"line":63,"column":null}},"24":{"start":{"line":65,"column":23},"end":{"line":65,"column":null}},"25":{"start":{"line":65,"column":52},"end":{"line":65,"column":70}},"26":{"start":{"line":66,"column":12},"end":{"line":69,"column":null}},"27":{"start":{"line":67,"column":22},"end":{"line":67,"column":null}},"28":{"start":{"line":68,"column":16},"end":{"line":68,"column":null}},"29":{"start":{"line":75,"column":8},"end":{"line":75,"column":null}},"30":{"start":{"line":79,"column":8},"end":{"line":79,"column":null}},"31":{"start":{"line":80,"column":8},"end":{"line":80,"column":null}},"32":{"start":{"line":81,"column":8},"end":{"line":81,"column":null}},"33":{"start":{"line":82,"column":8},"end":{"line":82,"column":null}},"34":{"start":{"line":86,"column":8},"end":{"line":86,"column":null}},"35":{"start":{"line":87,"column":8},"end":{"line":90,"column":null}},"36":{"start":{"line":91,"column":8},"end":{"line":91,"column":null}},"37":{"start":{"line":92,"column":8},"end":{"line":92,"column":null}},"38":{"start":{"line":96,"column":8},"end":{"line":96,"column":null}}},"fnMap":{"0":{"name":"(anonymous_0)","decl":{"start":{"line":15,"column":4},"end":{"line":15,"column":16}},"loc":{"start":{"line":15,"column":40},"end":{"line":36,"column":null}},"line":15},"1":{"name":"(anonymous_1)","decl":{"start":{"line":39,"column":4},"end":{"line":39,"column":19}},"loc":{"start":{"line":39,"column":49},"end":{"line":53,"column":null}},"line":39},"2":{"name":"(anonymous_2)","decl":{"start":{"line":56,"column":4},"end":{"line":56,"column":18}},"loc":{"start":{"line":56,"column":67},"end":{"line":71,"column":null}},"line":56},"3":{"name":"(anonymous_3)","decl":{"start":{"line":60,"column":61},"end":{"line":60,"column":62}},"loc":{"start":{"line":60,"column":68},"end":{"line":60,"column":89}},"line":60},"4":{"name":"(anonymous_4)","decl":{"start":{"line":65,"column":45},"end":{"line":65,"column":46}},"loc":{"start":{"line":65,"column":52},"end":{"line":65,"column":70}},"line":65},"5":{"name":"(anonymous_5)","decl":{"start":{"line":74,"column":4},"end":{"line":74,"column":16}},"loc":{"start":{"line":74,"column":41},"end":{"line":76,"column":null}},"line":74},"6":{"name":"(anonymous_6)","decl":{"start":{"line":78,"column":12},"end":{"line":78,"column":35}},"loc":{"start":{"line":78,"column":35},"end":{"line":83,"column":null}},"line":78},"7":{"name":"(anonymous_7)","decl":{"start":{"line":85,"column":12},"end":{"line":85,"column":23}},"loc":{"start":{"line":85,"column":48},"end":{"line":93,"column":null}},"line":85},"8":{"name":"(anonymous_8)","decl":{"start":{"line":95,"column":4},"end":{"line":95,"column":20}},"loc":{"start":{"line":95,"column":20},"end":{"line":97,"column":null}},"line":95}},"branchMap":{"0":{"loc":{"start":{"line":61,"column":8},"end":{"line":70,"column":null}},"type":"if","locations":[{"start":{"line":61,"column":8},"end":{"line":70,"column":null}},{"start":{},"end":{}}],"line":61},"1":{"loc":{"start":{"line":66,"column":12},"end":{"line":69,"column":null}},"type":"if","locations":[{"start":{"line":66,"column":12},"end":{"line":69,"column":null}},{"start":{},"end":{}}],"line":66},"2":{"loc":{"start":{"line":88,"column":19},"end":{"line":88,"column":null}},"type":"cond-expr","locations":[{"start":{"line":88,"column":30},"end":{"line":88,"column":42}},{"start":{"line":88,"column":42},"end":{"line":88,"column":null}}],"line":88},"3":{"loc":{"start":{"line":89,"column":19},"end":{"line":89,"column":null}},"type":"cond-expr","locations":[{"start":{"line":89,"column":30},"end":{"line":89,"column":34}},{"start":{"line":89,"column":34},"end":{"line":89,"column":null}}],"line":89}},"s":{"0":0,"1":0,"2":0,"3":0,"4":0,"5":0,"6":0,"7":0,"8":0,"9":0,"10":0,"11":0,"12":0,"13":0,"14":0,"15":0,"16":0,"17":0,"18":0,"19":0,"20":0,"21":0,"22":0,"23":0,"24":0,"25":0,"26":0,"27":0,"28":0,"29":0,"30":0,"31":0,"32":0,"33":0,"34":0,"35":0,"36":0,"37":0,"38":0},"f":{"0":0,"1":0,"2":0,"3":0,"4":0,"5":0,"6":0,"7":0,"8":0},"b":{"0":[0,0],"1":[0,0],"2":[0,0],"3":[0,0]},"meta":{"lastBranch":4,"lastFunction":9,"lastStatement":39,"seen":{"f:15:4:15:16":0,"s:16:8:16:Infinity":0,"s:17:8:17:Infinity":1,"s:18:8:18:Infinity":2,"s:21:8:21:Infinity":3,"s:22:8:22:Infinity":4,"s:23:8:23:Infinity":5,"s:26:8:26:Infinity":6,"s:27:8:27:Infinity":7,"s:30:8:30:Infinity":8,"s:31:8:31:Infinity":9,"s:32:8:32:Infinity":10,"s:35:8:35:Infinity":11,"f:39:4:39:19":1,"s:40:8:40:Infinity":12,"s:43:8:43:Infinity":13,"s:46:8:46:Infinity":14,"s:49:14:49:Infinity":15,"s:50:8:52:Infinity":16,"s:51:12:51:Infinity":17,"f:56:4:56:18":2,"s:57:8:57:Infinity":18,"s:60:25:60:Infinity":19,"f:60:61:60:62":3,"s:60:68:60:89":20,"b:61:8:70:Infinity:undefined:undefined:undefined:undefined":0,"s:61:8:70:Infinity":21,"s:62:24:62:Infinity":22,"s:63:12:63:Infinity":23,"s:65:23:65:Infinity":24,"f:65:45:65:46":4,"s:65:52:65:70":25,"b:66:12:69:Infinity:undefined:undefined:undefined:undefined":1,"s:66:12:69:Infinity":26,"s:67:22:67:Infinity":27,"s:68:16:68:Infinity":28,"f:74:4:74:16":5,"s:75:8:75:Infinity":29,"f:78:12:78:35":6,"s:79:8:79:Infinity":30,"s:80:8:80:Infinity":31,"s:81:8:81:Infinity":32,"s:82:8:82:Infinity":33,"f:85:12:85:23":7,"s:86:8:86:Infinity":34,"s:87:8:90:Infinity":35,"b:88:30:88:42:88:42:88:Infinity":2,"b:89:30:89:34:89:34:89:Infinity":3,"s:91:8:91:Infinity":36,"s:92:8:92:Infinity":37,"f:95:4:95:20":8,"s:96:8:96:Infinity":38}}}
,"/Users/younghoonan/Documents/ACE/src/engine/ElementRenderer.ts": {"path":"/Users/younghoonan/Documents/ACE/src/engine/ElementRenderer.ts","statementMap":{"0":{"start":{"line":17,"column":10},"end":{"line":17,"column":null}},"1":{"start":{"line":19,"column":4},"end":{"line":32,"column":null}},"2":{"start":{"line":21,"column":12},"end":{"line":21,"column":null}},"3":{"start":{"line":23,"column":12},"end":{"line":23,"column":null}},"4":{"start":{"line":25,"column":12},"end":{"line":25,"column":null}},"5":{"start":{"line":27,"column":12},"end":{"line":27,"column":null}},"6":{"start":{"line":29,"column":12},"end":{"line":29,"column":null}},"7":{"start":{"line":31,"column":12},"end":{"line":31,"column":null}},"8":{"start":{"line":46,"column":18},"end":{"line":57,"column":null}},"9":{"start":{"line":59,"column":17},"end":{"line":59,"column":null}},"10":{"start":{"line":60,"column":4},"end":{"line":60,"column":null}},"11":{"start":{"line":61,"column":4},"end":{"line":61,"column":null}},"12":{"start":{"line":62,"column":4},"end":{"line":62,"column":null}},"13":{"start":{"line":63,"column":4},"end":{"line":63,"column":null}},"14":{"start":{"line":64,"column":4},"end":{"line":64,"column":null}},"15":{"start":{"line":65,"column":4},"end":{"line":65,"column":null}},"16":{"start":{"line":66,"column":4},"end":{"line":66,"column":null}},"17":{"start":{"line":73,"column":14},"end":{"line":73,"column":null}},"18":{"start":{"line":75,"column":4},"end":{"line":77,"column":null}},"19":{"start":{"line":76,"column":8},"end":{"line":76,"column":null}},"20":{"start":{"line":78,"column":4},"end":{"line":80,"column":null}},"21":{"start":{"line":79,"column":8},"end":{"line":79,"column":null}},"22":{"start":{"line":82,"column":4},"end":{"line":95,"column":null}},"23":{"start":{"line":84,"column":12},"end":{"line":84,"column":null}},"24":{"start":{"line":85,"column":12},"end":{"line":85,"column":null}},"25":{"start":{"line":87,"column":12},"end":{"line":87,"column":null}},"26":{"start":{"line":88,"column":12},"end":{"line":88,"column":null}},"27":{"start":{"line":90,"column":12},"end":{"line":90,"column":null}},"28":{"start":{"line":91,"column":12},"end":{"line":91,"column":null}},"29":{"start":{"line":92,"column":12},"end":{"line":92,"column":null}},"30":{"start":{"line":94,"column":12},"end":{"line":94,"column":null}},"31":{"start":{"line":97,"column":4},"end":{"line":97,"column":null}},"32":{"start":{"line":98,"column":4},"end":{"line":98,"column":null}},"33":{"start":{"line":98,"column":19},"end":{"line":98,"column":null}},"34":{"start":{"line":100,"column":4},"end":{"line":100,"column":null}},"35":{"start":{"line":101,"column":4},"end":{"line":101,"column":null}},"36":{"start":{"line":102,"column":4},"end":{"line":102,"column":null}},"37":{"start":{"line":103,"column":4},"end":{"line":103,"column":null}},"38":{"start":{"line":104,"column":4},"end":{"line":104,"column":null}},"39":{"start":{"line":105,"column":4},"end":{"line":105,"column":null}},"40":{"start":{"line":106,"column":4},"end":{"line":106,"column":null}},"41":{"start":{"line":113,"column":22},"end":{"line":113,"column":null}},"42":{"start":{"line":114,"column":4},"end":{"line":114,"column":null}},"43":{"start":{"line":115,"column":4},"end":{"line":115,"column":null}},"44":{"start":{"line":116,"column":4},"end":{"line":116,"column":null}},"45":{"start":{"line":119,"column":15},"end":{"line":119,"column":null}},"46":{"start":{"line":120,"column":4},"end":{"line":120,"column":null}},"47":{"start":{"line":121,"column":4},"end":{"line":121,"column":null}},"48":{"start":{"line":122,"column":4},"end":{"line":122,"column":null}},"49":{"start":{"line":123,"column":4},"end":{"line":123,"column":null}},"50":{"start":{"line":126,"column":18},"end":{"line":132,"column":null}},"51":{"start":{"line":133,"column":18},"end":{"line":133,"column":null}},"52":{"start":{"line":134,"column":4},"end":{"line":134,"column":null}},"53":{"start":{"line":135,"column":4},"end":{"line":135,"column":null}},"54":{"start":{"line":136,"column":4},"end":{"line":136,"column":null}},"55":{"start":{"line":138,"column":4},"end":{"line":138,"column":null}},"56":{"start":{"line":139,"column":4},"end":{"line":139,"column":null}},"57":{"start":{"line":140,"column":4},"end":{"line":140,"column":null}},"58":{"start":{"line":148,"column":22},"end":{"line":148,"column":null}},"59":{"start":{"line":149,"column":4},"end":{"line":149,"column":null}},"60":{"start":{"line":150,"column":4},"end":{"line":150,"column":null}},"61":{"start":{"line":151,"column":4},"end":{"line":151,"column":null}},"62":{"start":{"line":153,"column":24},"end":{"line":153,"column":null}},"63":{"start":{"line":154,"column":4},"end":{"line":154,"column":null}},"64":{"start":{"line":155,"column":4},"end":{"line":155,"column":null}},"65":{"start":{"line":156,"column":4},"end":{"line":156,"column":null}},"66":{"start":{"line":159,"column":4},"end":{"line":159,"column":null}},"67":{"start":{"line":160,"column":4},"end":{"line":160,"column":null}},"68":{"start":{"line":161,"column":4},"end":{"line":161,"column":null}},"69":{"start":{"line":162,"column":4},"end":{"line":162,"column":null}},"70":{"start":{"line":163,"column":4},"end":{"line":163,"column":null}},"71":{"start":{"line":164,"column":4},"end":{"line":164,"column":null}},"72":{"start":{"line":166,"column":4},"end":{"line":166,"column":null}},"73":{"start":{"line":167,"column":4},"end":{"line":167,"column":null}},"74":{"start":{"line":168,"column":4},"end":{"line":168,"column":null}},"75":{"start":{"line":169,"column":4},"end":{"line":169,"column":null}},"76":{"start":{"line":178,"column":22},"end":{"line":178,"column":null}},"77":{"start":{"line":179,"column":4},"end":{"line":179,"column":null}},"78":{"start":{"line":180,"column":4},"end":{"line":180,"column":null}},"79":{"start":{"line":181,"column":4},"end":{"line":181,"column":null}},"80":{"start":{"line":183,"column":4},"end":{"line":185,"column":null}},"81":{"start":{"line":184,"column":8},"end":{"line":184,"column":null}},"82":{"start":{"line":187,"column":4},"end":{"line":187,"column":null}},"83":{"start":{"line":188,"column":4},"end":{"line":188,"column":null}},"84":{"start":{"line":189,"column":4},"end":{"line":189,"column":null}},"85":{"start":{"line":196,"column":14},"end":{"line":196,"column":null}},"86":{"start":{"line":197,"column":14},"end":{"line":197,"column":null}},"87":{"start":{"line":198,"column":4},"end":{"line":201,"column":null}},"88":{"start":{"line":200,"column":24},"end":{"line":200,"column":43}},"89":{"start":{"line":201,"column":21},"end":{"line":201,"column":44}}},"fnMap":{"0":{"name":"renderElement","decl":{"start":{"line":12,"column":16},"end":{"line":12,"column":null}},"loc":{"start":{"line":16,"column":13},"end":{"line":33,"column":null}},"line":16},"1":{"name":"renderText","decl":{"start":{"line":42,"column":9},"end":{"line":42,"column":null}},"loc":{"start":{"line":45,"column":13},"end":{"line":67,"column":null}},"line":45},"2":{"name":"renderShape","decl":{"start":{"line":69,"column":9},"end":{"line":69,"column":null}},"loc":{"start":{"line":72,"column":13},"end":{"line":107,"column":null}},"line":72},"3":{"name":"renderButton","decl":{"start":{"line":109,"column":9},"end":{"line":109,"column":null}},"loc":{"start":{"line":112,"column":13},"end":{"line":141,"column":null}},"line":112},"4":{"name":"renderImagePlaceholder","decl":{"start":{"line":143,"column":9},"end":{"line":143,"column":null}},"loc":{"start":{"line":146,"column":13},"end":{"line":170,"column":null}},"line":146},"5":{"name":"renderGroup","decl":{"start":{"line":172,"column":9},"end":{"line":172,"column":null}},"loc":{"start":{"line":177,"column":13},"end":{"line":190,"column":null}},"line":177},"6":{"name":"renderVariant","decl":{"start":{"line":195,"column":16},"end":{"line":195,"column":30}},"loc":{"start":{"line":195,"column":67},"end":{"line":202,"column":null}},"line":195},"7":{"name":"(anonymous_7)","decl":{"start":{"line":200,"column":14},"end":{"line":200,"column":15}},"loc":{"start":{"line":200,"column":24},"end":{"line":200,"column":43}},"line":200},"8":{"name":"(anonymous_8)","decl":{"start":{"line":201,"column":13},"end":{"line":201,"column":14}},"loc":{"start":{"line":201,"column":21},"end":{"line":201,"column":44}},"line":201}},"branchMap":{"0":{"loc":{"start":{"line":19,"column":4},"end":{"line":32,"column":null}},"type":"switch","locations":[{"start":{"line":20,"column":8},"end":{"line":21,"column":null}},{"start":{"line":22,"column":8},"end":{"line":23,"column":null}},{"start":{"line":24,"column":8},"end":{"line":25,"column":null}},{"start":{"line":26,"column":8},"end":{"line":27,"column":null}},{"start":{"line":28,"column":8},"end":{"line":29,"column":null}},{"start":{"line":30,"column":8},"end":{"line":31,"column":null}}],"line":19},"1":{"loc":{"start":{"line":75,"column":4},"end":{"line":77,"column":null}},"type":"if","locations":[{"start":{"line":75,"column":4},"end":{"line":77,"column":null}},{"start":{},"end":{}}],"line":75},"2":{"loc":{"start":{"line":78,"column":4},"end":{"line":80,"column":null}},"type":"if","locations":[{"start":{"line":78,"column":4},"end":{"line":80,"column":null}},{"start":{},"end":{}}],"line":78},"3":{"loc":{"start":{"line":79,"column":44},"end":{"line":79,"column":64}},"type":"binary-expr","locations":[{"start":{"line":79,"column":44},"end":{"line":79,"column":62}},{"start":{"line":79,"column":62},"end":{"line":79,"column":64}}],"line":79},"4":{"loc":{"start":{"line":82,"column":4},"end":{"line":95,"column":null}},"type":"switch","locations":[{"start":{"line":83,"column":8},"end":{"line":85,"column":null}},{"start":{"line":86,"column":8},"end":{"line":88,"column":null}},{"start":{"line":89,"column":8},"end":{"line":92,"column":null}},{"start":{"line":93,"column":8},"end":{"line":94,"column":null}}],"line":82},"5":{"loc":{"start":{"line":84,"column":49},"end":{"line":84,"column":69}},"type":"binary-expr","locations":[{"start":{"line":84,"column":49},"end":{"line":84,"column":68}},{"start":{"line":84,"column":68},"end":{"line":84,"column":69}}],"line":84},"6":{"loc":{"start":{"line":98,"column":4},"end":{"line":98,"column":null}},"type":"if","locations":[{"start":{"line":98,"column":4},"end":{"line":98,"column":null}},{"start":{},"end":{}}],"line":98}},"s":{"0":0,"1":0,"2":0,"3":0,"4":0,"5":0,"6":0,"7":0,"8":0,"9":0,"10":0,"11":0,"12":0,"13":0,"14":0,"15":0,"16":0,"17":0,"18":0,"19":0,"20":0,"21":0,"22":0,"23":0,"24":0,"25":0,"26":0,"27":0,"28":0,"29":0,"30":0,"31":0,"32":0,"33":0,"34":0,"35":0,"36":0,"37":0,"38":0,"39":0,"40":0,"41":0,"42":0,"43":0,"44":0,"45":0,"46":0,"47":0,"48":0,"49":0,"50":0,"51":0,"52":0,"53":0,"54":0,"55":0,"56":0,"57":0,"58":0,"59":0,"60":0,"61":0,"62":0,"63":0,"64":0,"65":0,"66":0,"67":0,"68":0,"69":0,"70":0,"71":0,"72":0,"73":0,"74":0,"75":0,"76":0,"77":0,"78":0,"79":0,"80":0,"81":0,"82":0,"83":0,"84":0,"85":0,"86":0,"87":0,"88":0,"89":0},"f":{"0":0,"1":0,"2":0,"3":0,"4":0,"5":0,"6":0,"7":0,"8":0},"b":{"0":[0,0,0,0,0,0],"1":[0,0],"2":[0,0],"3":[0,0],"4":[0,0,0,0],"5":[0,0],"6":[0,0]},"meta":{"lastBranch":7,"lastFunction":9,"lastStatement":90,"seen":{"f:12:16:12:Infinity":0,"s:17:10:17:Infinity":0,"b:20:8:21:Infinity:22:8:23:Infinity:24:8:25:Infinity:26:8:27:Infinity:28:8:29:Infinity:30:8:31:Infinity":0,"s:19:4:32:Infinity":1,"s:21:12:21:Infinity":2,"s:23:12:23:Infinity":3,"s:25:12:25:Infinity":4,"s:27:12:27:Infinity":5,"s:29:12:29:Infinity":6,"s:31:12:31:Infinity":7,"f:42:9:42:Infinity":1,"s:46:18:57:Infinity":8,"s:59:17:59:Infinity":9,"s:60:4:60:Infinity":10,"s:61:4:61:Infinity":11,"s:62:4:62:Infinity":12,"s:63:4:63:Infinity":13,"s:64:4:64:Infinity":14,"s:65:4:65:Infinity":15,"s:66:4:66:Infinity":16,"f:69:9:69:Infinity":2,"s:73:14:73:Infinity":17,"b:75:4:77:Infinity:undefined:undefined:undefined:undefined":1,"s:75:4:77:Infinity":18,"s:76:8:76:Infinity":19,"b:78:4:80:Infinity:undefined:undefined:undefined:undefined":2,"s:78:4:80:Infinity":20,"s:79:8:79:Infinity":21,"b:79:44:79:62:79:62:79:64":3,"b:83:8:85:Infinity:86:8:88:Infinity:89:8:92:Infinity:93:8:94:Infinity":4,"s:82:4:95:Infinity":22,"s:84:12:84:Infinity":23,"b:84:49:84:68:84:68:84:69":5,"s:85:12:85:Infinity":24,"s:87:12:87:Infinity":25,"s:88:12:88:Infinity":26,"s:90:12:90:Infinity":27,"s:91:12:91:Infinity":28,"s:92:12:92:Infinity":29,"s:94:12:94:Infinity":30,"s:97:4:97:Infinity":31,"b:98:4:98:Infinity:undefined:undefined:undefined:undefined":6,"s:98:4:98:Infinity":32,"s:98:19:98:Infinity":33,"s:100:4:100:Infinity":34,"s:101:4:101:Infinity":35,"s:102:4:102:Infinity":36,"s:103:4:103:Infinity":37,"s:104:4:104:Infinity":38,"s:105:4:105:Infinity":39,"s:106:4:106:Infinity":40,"f:109:9:109:Infinity":3,"s:113:22:113:Infinity":41,"s:114:4:114:Infinity":42,"s:115:4:115:Infinity":43,"s:116:4:116:Infinity":44,"s:119:15:119:Infinity":45,"s:120:4:120:Infinity":46,"s:121:4:121:Infinity":47,"s:122:4:122:Infinity":48,"s:123:4:123:Infinity":49,"s:126:18:132:Infinity":50,"s:133:18:133:Infinity":51,"s:134:4:134:Infinity":52,"s:135:4:135:Infinity":53,"s:136:4:136:Infinity":54,"s:138:4:138:Infinity":55,"s:139:4:139:Infinity":56,"s:140:4:140:Infinity":57,"f:143:9:143:Infinity":4,"s:148:22:148:Infinity":58,"s:149:4:149:Infinity":59,"s:150:4:150:Infinity":60,"s:151:4:151:Infinity":61,"s:153:24:153:Infinity":62,"s:154:4:154:Infinity":63,"s:155:4:155:Infinity":64,"s:156:4:156:Infinity":65,"s:159:4:159:Infinity":66,"s:160:4:160:Infinity":67,"s:161:4:161:Infinity":68,"s:162:4:162:Infinity":69,"s:163:4:163:Infinity":70,"s:164:4:164:Infinity":71,"s:166:4:166:Infinity":72,"s:167:4:167:Infinity":73,"s:168:4:168:Infinity":74,"s:169:4:169:Infinity":75,"f:172:9:172:Infinity":5,"s:178:22:178:Infinity":76,"s:179:4:179:Infinity":77,"s:180:4:180:Infinity":78,"s:181:4:181:Infinity":79,"s:183:4:185:Infinity":80,"s:184:8:184:Infinity":81,"s:187:4:187:Infinity":82,"s:188:4:188:Infinity":83,"s:189:4:189:Infinity":84,"f:195:16:195:30":6,"s:196:14:196:Infinity":85,"s:197:14:197:Infinity":86,"s:198:4:201:Infinity":87,"f:200:14:200:15":7,"s:200:24:200:43":88,"f:201:13:201:14":8,"s:201:21:201:44":89}}}
,"/Users/younghoonan/Documents/ACE/src/engine/PixiRenderer.ts": {"path":"/Users/younghoonan/Documents/ACE/src/engine/PixiRenderer.ts","statementMap":{"0":{"start":{"line":10,"column":53},"end":{"line":10,"column":null}},"1":{"start":{"line":11,"column":27},"end":{"line":11,"column":null}},"2":{"start":{"line":14,"column":8},"end":{"line":14,"column":null}},"3":{"start":{"line":19,"column":8},"end":{"line":19,"column":null}},"4":{"start":{"line":19,"column":31},"end":{"line":19,"column":null}},"5":{"start":{"line":21,"column":8},"end":{"line":27,"column":null}},"6":{"start":{"line":29,"column":8},"end":{"line":29,"column":null}},"7":{"start":{"line":30,"column":8},"end":{"line":30,"column":null}},"8":{"start":{"line":34,"column":8},"end":{"line":34,"column":null}},"9":{"start":{"line":38,"column":8},"end":{"line":38,"column":null}},"10":{"start":{"line":42,"column":8},"end":{"line":42,"column":null}},"11":{"start":{"line":47,"column":8},"end":{"line":49,"column":null}},"12":{"start":{"line":48,"column":12},"end":{"line":48,"column":null}},"13":{"start":{"line":51,"column":25},"end":{"line":51,"column":null}},"14":{"start":{"line":52,"column":8},"end":{"line":52,"column":null}},"15":{"start":{"line":53,"column":8},"end":{"line":53,"column":null}},"16":{"start":{"line":54,"column":8},"end":{"line":54,"column":null}},"17":{"start":{"line":59,"column":25},"end":{"line":59,"column":null}},"18":{"start":{"line":60,"column":8},"end":{"line":64,"column":null}},"19":{"start":{"line":61,"column":12},"end":{"line":61,"column":null}},"20":{"start":{"line":62,"column":12},"end":{"line":62,"column":null}},"21":{"start":{"line":63,"column":12},"end":{"line":63,"column":null}},"22":{"start":{"line":69,"column":8},"end":{"line":69,"column":null}},"23":{"start":{"line":74,"column":8},"end":{"line":74,"column":null}},"24":{"start":{"line":79,"column":26},"end":{"line":79,"column":null}},"25":{"start":{"line":80,"column":18},"end":{"line":80,"column":null}},"26":{"start":{"line":81,"column":18},"end":{"line":81,"column":null}},"27":{"start":{"line":82,"column":24},"end":{"line":82,"column":null}},"28":{"start":{"line":83,"column":16},"end":{"line":83,"column":null}},"29":{"start":{"line":84,"column":16},"end":{"line":84,"column":null}},"30":{"start":{"line":86,"column":8},"end":{"line":110,"column":null}},"31":{"start":{"line":87,"column":26},"end":{"line":91,"column":null}},"32":{"start":{"line":92,"column":12},"end":{"line":92,"column":null}},"33":{"start":{"line":93,"column":12},"end":{"line":93,"column":null}},"34":{"start":{"line":94,"column":12},"end":{"line":94,"column":null}},"35":{"start":{"line":96,"column":28},"end":{"line":96,"column":null}},"36":{"start":{"line":97,"column":28},"end":{"line":97,"column":null}},"37":{"start":{"line":99,"column":12},"end":{"line":99,"column":null}},"38":{"start":{"line":100,"column":12},"end":{"line":100,"column":null}},"39":{"start":{"line":101,"column":12},"end":{"line":101,"column":null}},"40":{"start":{"line":103,"column":12},"end":{"line":109,"column":null}},"41":{"start":{"line":104,"column":16},"end":{"line":104,"column":null}},"42":{"start":{"line":105,"column":16},"end":{"line":105,"column":null}},"43":{"start":{"line":106,"column":16},"end":{"line":106,"column":null}},"44":{"start":{"line":107,"column":16},"end":{"line":107,"column":null}},"45":{"start":{"line":108,"column":16},"end":{"line":108,"column":null}},"46":{"start":{"line":115,"column":8},"end":{"line":117,"column":null}},"47":{"start":{"line":116,"column":12},"end":{"line":116,"column":null}},"48":{"start":{"line":118,"column":8},"end":{"line":118,"column":null}},"49":{"start":{"line":119,"column":8},"end":{"line":125,"column":null}},"50":{"start":{"line":120,"column":12},"end":{"line":124,"column":null}},"51":{"start":{"line":121,"column":16},"end":{"line":121,"column":null}},"52":{"start":{"line":126,"column":8},"end":{"line":126,"column":null}}},"fnMap":{"0":{"name":"(anonymous_0)","decl":{"start":{"line":13,"column":4},"end":{"line":13,"column":18}},"loc":{"start":{"line":13,"column":18},"end":{"line":15,"column":null}},"line":13},"1":{"name":"(anonymous_1)","decl":{"start":{"line":18,"column":10},"end":{"line":18,"column":15}},"loc":{"start":{"line":18,"column":54},"end":{"line":31,"column":null}},"line":18},"2":{"name":"(anonymous_2)","decl":{"start":{"line":33,"column":8},"end":{"line":33,"column":31}},"loc":{"start":{"line":33,"column":31},"end":{"line":35,"column":null}},"line":33},"3":{"name":"(anonymous_3)","decl":{"start":{"line":37,"column":8},"end":{"line":37,"column":16}},"loc":{"start":{"line":37,"column":16},"end":{"line":39,"column":null}},"line":37},"4":{"name":"(anonymous_4)","decl":{"start":{"line":41,"column":8},"end":{"line":41,"column":17}},"loc":{"start":{"line":41,"column":17},"end":{"line":43,"column":null}},"line":41},"5":{"name":"(anonymous_5)","decl":{"start":{"line":46,"column":4},"end":{"line":46,"column":19}},"loc":{"start":{"line":46,"column":59},"end":{"line":55,"column":null}},"line":46},"6":{"name":"(anonymous_6)","decl":{"start":{"line":58,"column":4},"end":{"line":58,"column":19}},"loc":{"start":{"line":58,"column":44},"end":{"line":65,"column":null}},"line":58},"7":{"name":"(anonymous_7)","decl":{"start":{"line":68,"column":4},"end":{"line":68,"column":16}},"loc":{"start":{"line":68,"column":63},"end":{"line":70,"column":null}},"line":68},"8":{"name":"(anonymous_8)","decl":{"start":{"line":73,"column":4},"end":{"line":73,"column":40}},"loc":{"start":{"line":73,"column":40},"end":{"line":75,"column":null}},"line":73},"9":{"name":"(anonymous_9)","decl":{"start":{"line":78,"column":4},"end":{"line":78,"column":26}},"loc":{"start":{"line":78,"column":55},"end":{"line":111,"column":null}},"line":78},"10":{"name":"(anonymous_10)","decl":{"start":{"line":114,"column":4},"end":{"line":114,"column":20}},"loc":{"start":{"line":114,"column":20},"end":{"line":127,"column":null}},"line":114}},"branchMap":{"0":{"loc":{"start":{"line":19,"column":8},"end":{"line":19,"column":null}},"type":"if","locations":[{"start":{"line":19,"column":8},"end":{"line":19,"column":null}},{"start":{},"end":{}}],"line":19},"1":{"loc":{"start":{"line":47,"column":8},"end":{"line":49,"column":null}},"type":"if","locations":[{"start":{"line":47,"column":8},"end":{"line":49,"column":null}},{"start":{},"end":{}}],"line":47},"2":{"loc":{"start":{"line":60,"column":8},"end":{"line":64,"column":null}},"type":"if","locations":[{"start":{"line":60,"column":8},"end":{"line":64,"column":null}},{"start":{},"end":{}}],"line":60},"3":{"loc":{"start":{"line":78,"column":26},"end":{"line":78,"column":36}},"type":"default-arg","locations":[{"start":{"line":78,"column":32},"end":{"line":78,"column":36}}],"line":78},"4":{"loc":{"start":{"line":78,"column":36},"end":{"line":78,"column":55}},"type":"default-arg","locations":[{"start":{"line":78,"column":46},"end":{"line":78,"column":55}}],"line":78},"5":{"loc":{"start":{"line":103,"column":12},"end":{"line":109,"column":null}},"type":"if","locations":[{"start":{"line":103,"column":12},"end":{"line":109,"column":null}},{"start":{},"end":{}}],"line":103},"6":{"loc":{"start":{"line":119,"column":8},"end":{"line":125,"column":null}},"type":"if","locations":[{"start":{"line":119,"column":8},"end":{"line":125,"column":null}},{"start":{},"end":{}}],"line":119}},"s":{"0":0,"1":0,"2":0,"3":0,"4":0,"5":0,"6":0,"7":0,"8":0,"9":0,"10":0,"11":0,"12":0,"13":0,"14":0,"15":0,"16":0,"17":0,"18":0,"19":0,"20":0,"21":0,"22":0,"23":0,"24":0,"25":0,"26":0,"27":0,"28":0,"29":0,"30":0,"31":0,"32":0,"33":0,"34":0,"35":0,"36":0,"37":0,"38":0,"39":0,"40":0,"41":0,"42":0,"43":0,"44":0,"45":0,"46":0,"47":0,"48":0,"49":0,"50":0,"51":0,"52":0},"f":{"0":0,"1":0,"2":0,"3":0,"4":0,"5":0,"6":0,"7":0,"8":0,"9":0,"10":0},"b":{"0":[0,0],"1":[0,0],"2":[0,0],"3":[0],"4":[0],"5":[0,0],"6":[0,0]},"meta":{"lastBranch":7,"lastFunction":11,"lastStatement":53,"seen":{"s:10:53:10:Infinity":0,"s:11:27:11:Infinity":1,"f:13:4:13:18":0,"s:14:8:14:Infinity":2,"f:18:10:18:15":1,"b:19:8:19:Infinity:undefined:undefined:undefined:undefined":0,"s:19:8:19:Infinity":3,"s:19:31:19:Infinity":4,"s:21:8:27:Infinity":5,"s:29:8:29:Infinity":6,"s:30:8:30:Infinity":7,"f:33:8:33:31":2,"s:34:8:34:Infinity":8,"f:37:8:37:16":3,"s:38:8:38:Infinity":9,"f:41:8:41:17":4,"s:42:8:42:Infinity":10,"f:46:4:46:19":5,"b:47:8:49:Infinity:undefined:undefined:undefined:undefined":1,"s:47:8:49:Infinity":11,"s:48:12:48:Infinity":12,"s:51:25:51:Infinity":13,"s:52:8:52:Infinity":14,"s:53:8:53:Infinity":15,"s:54:8:54:Infinity":16,"f:58:4:58:19":6,"s:59:25:59:Infinity":17,"b:60:8:64:Infinity:undefined:undefined:undefined:undefined":2,"s:60:8:64:Infinity":18,"s:61:12:61:Infinity":19,"s:62:12:62:Infinity":20,"s:63:12:63:Infinity":21,"f:68:4:68:16":7,"s:69:8:69:Infinity":22,"f:73:4:73:40":8,"s:74:8:74:Infinity":23,"f:78:4:78:26":9,"b:78:32:78:36":3,"b:78:46:78:55":4,"s:79:26:79:Infinity":24,"s:80:18:80:Infinity":25,"s:81:18:81:Infinity":26,"s:82:24:82:Infinity":27,"s:83:16:83:Infinity":28,"s:84:16:84:Infinity":29,"s:86:8:110:Infinity":30,"s:87:26:91:Infinity":31,"s:92:12:92:Infinity":32,"s:93:12:93:Infinity":33,"s:94:12:94:Infinity":34,"s:96:28:96:Infinity":35,"s:97:28:97:Infinity":36,"s:99:12:99:Infinity":37,"s:100:12:100:Infinity":38,"s:101:12:101:Infinity":39,"b:103:12:109:Infinity:undefined:undefined:undefined:undefined":5,"s:103:12:109:Infinity":40,"s:104:16:104:Infinity":41,"s:105:16:105:Infinity":42,"s:106:16:106:Infinity":43,"s:107:16:107:Infinity":44,"s:108:16:108:Infinity":45,"f:114:4:114:20":10,"s:115:8:117:Infinity":46,"s:116:12:116:Infinity":47,"s:118:8:118:Infinity":48,"b:119:8:125:Infinity:undefined:undefined:undefined:undefined":6,"s:119:8:125:Infinity":49,"s:120:12:124:Infinity":50,"s:121:16:121:Infinity":51,"s:126:8:126:Infinity":52}}}
,"/Users/younghoonan/Documents/ACE/src/engine/SyncEngine.ts": {"path":"/Users/younghoonan/Documents/ACE/src/engine/SyncEngine.ts","statementMap":{"0":{"start":{"line":45,"column":35},"end":{"line":45,"column":null}},"1":{"start":{"line":47,"column":8},"end":{"line":113,"column":null}},"2":{"start":{"line":49,"column":12},"end":{"line":49,"column":null}},"3":{"start":{"line":49,"column":60},"end":{"line":49,"column":null}},"4":{"start":{"line":52,"column":12},"end":{"line":55,"column":null}},"5":{"start":{"line":53,"column":16},"end":{"line":53,"column":null}},"6":{"start":{"line":54,"column":16},"end":{"line":54,"column":null}},"7":{"start":{"line":58,"column":12},"end":{"line":61,"column":null}},"8":{"start":{"line":59,"column":16},"end":{"line":59,"column":null}},"9":{"start":{"line":60,"column":16},"end":{"line":60,"column":null}},"10":{"start":{"line":64,"column":33},"end":{"line":64,"column":null}},"11":{"start":{"line":64,"column":63},"end":{"line":64,"column":89}},"12":{"start":{"line":65,"column":12},"end":{"line":65,"column":null}},"13":{"start":{"line":65,"column":31},"end":{"line":65,"column":null}},"14":{"start":{"line":69,"column":12},"end":{"line":80,"column":null}},"15":{"start":{"line":71,"column":28},"end":{"line":71,"column":null}},"16":{"start":{"line":72,"column":16},"end":{"line":79,"column":null}},"17":{"start":{"line":82,"column":37},"end":{"line":82,"column":null}},"18":{"start":{"line":83,"column":18},"end":{"line":87,"column":null}},"19":{"start":{"line":90,"column":28},"end":{"line":90,"column":null}},"20":{"start":{"line":93,"column":12},"end":{"line":95,"column":null}},"21":{"start":{"line":94,"column":16},"end":{"line":94,"column":null}},"22":{"start":{"line":98,"column":12},"end":{"line":105,"column":null}},"23":{"start":{"line":99,"column":22},"end":{"line":103,"column":null}},"24":{"start":{"line":104,"column":17},"end":{"line":104,"column":null}},"25":{"start":{"line":107,"column":12},"end":{"line":112,"column":null}},"26":{"start":{"line":115,"column":8},"end":{"line":115,"column":null}},"27":{"start":{"line":123,"column":23},"end":{"line":125,"column":null}},"28":{"start":{"line":124,"column":19},"end":{"line":124,"column":null}},"29":{"start":{"line":126,"column":8},"end":{"line":126,"column":null}},"30":{"start":{"line":126,"column":21},"end":{"line":126,"column":null}},"31":{"start":{"line":128,"column":39},"end":{"line":128,"column":null}},"32":{"start":{"line":129,"column":68},"end":{"line":129,"column":null}},"33":{"start":{"line":131,"column":8},"end":{"line":135,"column":null}},"34":{"start":{"line":132,"column":27},"end":{"line":132,"column":null}},"35":{"start":{"line":133,"column":12},"end":{"line":133,"column":null}},"36":{"start":{"line":134,"column":12},"end":{"line":134,"column":null}},"37":{"start":{"line":137,"column":8},"end":{"line":137,"column":null}},"38":{"start":{"line":148,"column":39},"end":{"line":148,"column":null}},"39":{"start":{"line":149,"column":68},"end":{"line":149,"column":null}},"40":{"start":{"line":151,"column":8},"end":{"line":155,"column":null}},"41":{"start":{"line":152,"column":27},"end":{"line":152,"column":null}},"42":{"start":{"line":153,"column":12},"end":{"line":153,"column":null}},"43":{"start":{"line":154,"column":12},"end":{"line":154,"column":null}},"44":{"start":{"line":157,"column":8},"end":{"line":157,"column":null}},"45":{"start":{"line":167,"column":49},"end":{"line":167,"column":null}},"46":{"start":{"line":170,"column":8},"end":{"line":170,"column":null}},"47":{"start":{"line":173,"column":8},"end":{"line":173,"column":null}},"48":{"start":{"line":173,"column":46},"end":{"line":173,"column":null}},"49":{"start":{"line":174,"column":8},"end":{"line":174,"column":null}},"50":{"start":{"line":174,"column":46},"end":{"line":174,"column":null}},"51":{"start":{"line":175,"column":8},"end":{"line":175,"column":null}},"52":{"start":{"line":175,"column":44},"end":{"line":175,"column":null}},"53":{"start":{"line":176,"column":8},"end":{"line":176,"column":null}},"54":{"start":{"line":176,"column":50},"end":{"line":176,"column":null}},"55":{"start":{"line":179,"column":8},"end":{"line":209,"column":null}},"56":{"start":{"line":180,"column":12},"end":{"line":208,"column":null}},"57":{"start":{"line":182,"column":30},"end":{"line":182,"column":null}},"58":{"start":{"line":183,"column":20},"end":{"line":183,"column":null}},"59":{"start":{"line":183,"column":54},"end":{"line":183,"column":null}},"60":{"start":{"line":184,"column":20},"end":{"line":184,"column":null}},"61":{"start":{"line":184,"column":60},"end":{"line":184,"column":null}},"62":{"start":{"line":185,"column":20},"end":{"line":185,"column":null}},"63":{"start":{"line":185,"column":56},"end":{"line":185,"column":null}},"64":{"start":{"line":186,"column":20},"end":{"line":186,"column":null}},"65":{"start":{"line":186,"column":60},"end":{"line":186,"column":null}},"66":{"start":{"line":187,"column":20},"end":{"line":187,"column":null}},"67":{"start":{"line":187,"column":50},"end":{"line":187,"column":null}},"68":{"start":{"line":188,"column":20},"end":{"line":188,"column":null}},"69":{"start":{"line":188,"column":58},"end":{"line":188,"column":null}},"70":{"start":{"line":189,"column":20},"end":{"line":189,"column":null}},"71":{"start":{"line":189,"column":60},"end":{"line":189,"column":null}},"72":{"start":{"line":190,"column":20},"end":{"line":190,"column":null}},"73":{"start":{"line":193,"column":30},"end":{"line":193,"column":null}},"74":{"start":{"line":194,"column":20},"end":{"line":194,"column":null}},"75":{"start":{"line":194,"column":48},"end":{"line":194,"column":null}},"76":{"start":{"line":195,"column":20},"end":{"line":195,"column":null}},"77":{"start":{"line":195,"column":52},"end":{"line":195,"column":null}},"78":{"start":{"line":196,"column":20},"end":{"line":196,"column":null}},"79":{"start":{"line":196,"column":62},"end":{"line":196,"column":null}},"80":{"start":{"line":197,"column":20},"end":{"line":197,"column":null}},"81":{"start":{"line":197,"column":64},"end":{"line":197,"column":null}},"82":{"start":{"line":198,"column":20},"end":{"line":198,"column":null}},"83":{"start":{"line":201,"column":30},"end":{"line":201,"column":null}},"84":{"start":{"line":202,"column":20},"end":{"line":202,"column":null}},"85":{"start":{"line":202,"column":50},"end":{"line":202,"column":null}},"86":{"start":{"line":203,"column":20},"end":{"line":203,"column":null}},"87":{"start":{"line":203,"column":50},"end":{"line":203,"column":null}},"88":{"start":{"line":204,"column":20},"end":{"line":204,"column":null}},"89":{"start":{"line":204,"column":70},"end":{"line":204,"column":null}},"90":{"start":{"line":205,"column":20},"end":{"line":205,"column":null}},"91":{"start":{"line":205,"column":64},"end":{"line":205,"column":null}},"92":{"start":{"line":206,"column":20},"end":{"line":206,"column":null}},"93":{"start":{"line":211,"column":8},"end":{"line":211,"column":null}},"94":{"start":{"line":227,"column":24},"end":{"line":227,"column":null}},"95":{"start":{"line":228,"column":24},"end":{"line":228,"column":null}},"96":{"start":{"line":230,"column":25},"end":{"line":230,"column":null}},"97":{"start":{"line":231,"column":26},"end":{"line":231,"column":null}},"98":{"start":{"line":232,"column":28},"end":{"line":232,"column":null}},"99":{"start":{"line":234,"column":24},"end":{"line":234,"column":null}},"100":{"start":{"line":235,"column":27},"end":{"line":235,"column":null}},"101":{"start":{"line":236,"column":28},"end":{"line":236,"column":null}},"102":{"start":{"line":241,"column":8},"end":{"line":251,"column":null}},"103":{"start":{"line":242,"column":12},"end":{"line":242,"column":null}},"104":{"start":{"line":243,"column":12},"end":{"line":243,"column":null}},"105":{"start":{"line":244,"column":12},"end":{"line":244,"column":null}},"106":{"start":{"line":245,"column":8},"end":{"line":251,"column":null}},"107":{"start":{"line":246,"column":12},"end":{"line":246,"column":null}},"108":{"start":{"line":247,"column":12},"end":{"line":247,"column":null}},"109":{"start":{"line":249,"column":12},"end":{"line":249,"column":null}},"110":{"start":{"line":250,"column":12},"end":{"line":250,"column":null}},"111":{"start":{"line":256,"column":8},"end":{"line":265,"column":null}},"112":{"start":{"line":257,"column":12},"end":{"line":257,"column":null}},"113":{"start":{"line":258,"column":12},"end":{"line":258,"column":null}},"114":{"start":{"line":259,"column":8},"end":{"line":265,"column":null}},"115":{"start":{"line":260,"column":12},"end":{"line":260,"column":null}},"116":{"start":{"line":261,"column":12},"end":{"line":261,"column":null}},"117":{"start":{"line":263,"column":12},"end":{"line":263,"column":null}},"118":{"start":{"line":264,"column":12},"end":{"line":264,"column":null}},"119":{"start":{"line":267,"column":8},"end":{"line":277,"column":null}}},"fnMap":{"0":{"name":"(anonymous_0)","decl":{"start":{"line":41,"column":11},"end":{"line":41,"column":null}},"loc":{"start":{"line":44,"column":18},"end":{"line":116,"column":null}},"line":44},"1":{"name":"(anonymous_1)","decl":{"start":{"line":64,"column":55},"end":{"line":64,"column":56}},"loc":{"start":{"line":64,"column":63},"end":{"line":64,"column":89}},"line":64},"2":{"name":"(anonymous_2)","decl":{"start":{"line":122,"column":11},"end":{"line":122,"column":20}},"loc":{"start":{"line":122,"column":58},"end":{"line":138,"column":null}},"line":122},"3":{"name":"(anonymous_3)","decl":{"start":{"line":124,"column":12},"end":{"line":124,"column":13}},"loc":{"start":{"line":124,"column":19},"end":{"line":124,"column":null}},"line":124},"4":{"name":"(anonymous_4)","decl":{"start":{"line":144,"column":11},"end":{"line":144,"column":null}},"loc":{"start":{"line":147,"column":18},"end":{"line":158,"column":null}},"line":147},"5":{"name":"(anonymous_5)","decl":{"start":{"line":163,"column":19},"end":{"line":163,"column":null}},"loc":{"start":{"line":166,"column":30},"end":{"line":212,"column":null}},"line":166},"6":{"name":"(anonymous_6)","decl":{"start":{"line":218,"column":11},"end":{"line":218,"column":null}},"loc":{"start":{"line":225,"column":26},"end":{"line":278,"column":null}},"line":225}},"branchMap":{"0":{"loc":{"start":{"line":49,"column":12},"end":{"line":49,"column":null}},"type":"if","locations":[{"start":{"line":49,"column":12},"end":{"line":49,"column":null}},{"start":{},"end":{}}],"line":49},"1":{"loc":{"start":{"line":52,"column":12},"end":{"line":55,"column":null}},"type":"if","locations":[{"start":{"line":52,"column":12},"end":{"line":55,"column":null}},{"start":{},"end":{}}],"line":52},"2":{"loc":{"start":{"line":58,"column":12},"end":{"line":61,"column":null}},"type":"if","locations":[{"start":{"line":58,"column":12},"end":{"line":61,"column":null}},{"start":{},"end":{}}],"line":58},"3":{"loc":{"start":{"line":65,"column":12},"end":{"line":65,"column":null}},"type":"if","locations":[{"start":{"line":65,"column":12},"end":{"line":65,"column":null}},{"start":{},"end":{}}],"line":65},"4":{"loc":{"start":{"line":69,"column":12},"end":{"line":80,"column":null}},"type":"if","locations":[{"start":{"line":69,"column":12},"end":{"line":80,"column":null}},{"start":{},"end":{}}],"line":69},"5":{"loc":{"start":{"line":78,"column":30},"end":{"line":78,"column":null}},"type":"binary-expr","locations":[{"start":{"line":78,"column":30},"end":{"line":78,"column":46}},{"start":{"line":78,"column":46},"end":{"line":78,"column":58}},{"start":{"line":78,"column":58},"end":{"line":78,"column":null}}],"line":78},"6":{"loc":{"start":{"line":82,"column":37},"end":{"line":82,"column":null}},"type":"binary-expr","locations":[{"start":{"line":82,"column":37},"end":{"line":82,"column":57}},{"start":{"line":82,"column":57},"end":{"line":82,"column":null}}],"line":82},"7":{"loc":{"start":{"line":93,"column":12},"end":{"line":95,"column":null}},"type":"if","locations":[{"start":{"line":93,"column":12},"end":{"line":95,"column":null}},{"start":{},"end":{}}],"line":93},"8":{"loc":{"start":{"line":98,"column":12},"end":{"line":105,"column":null}},"type":"if","locations":[{"start":{"line":98,"column":12},"end":{"line":105,"column":null}},{"start":{},"end":{}}],"line":98},"9":{"loc":{"start":{"line":98,"column":16},"end":{"line":98,"column":106}},"type":"binary-expr","locations":[{"start":{"line":98,"column":16},"end":{"line":98,"column":39}},{"start":{"line":98,"column":39},"end":{"line":98,"column":72}},{"start":{"line":98,"column":72},"end":{"line":98,"column":106}}],"line":98},"10":{"loc":{"start":{"line":126,"column":8},"end":{"line":126,"column":null}},"type":"if","locations":[{"start":{"line":126,"column":8},"end":{"line":126,"column":null}},{"start":{},"end":{}}],"line":126},"11":{"loc":{"start":{"line":173,"column":8},"end":{"line":173,"column":null}},"type":"if","locations":[{"start":{"line":173,"column":8},"end":{"line":173,"column":null}},{"start":{},"end":{}}],"line":173},"12":{"loc":{"start":{"line":174,"column":8},"end":{"line":174,"column":null}},"type":"if","locations":[{"start":{"line":174,"column":8},"end":{"line":174,"column":null}},{"start":{},"end":{}}],"line":174},"13":{"loc":{"start":{"line":175,"column":8},"end":{"line":175,"column":null}},"type":"if","locations":[{"start":{"line":175,"column":8},"end":{"line":175,"column":null}},{"start":{},"end":{}}],"line":175},"14":{"loc":{"start":{"line":176,"column":8},"end":{"line":176,"column":null}},"type":"if","locations":[{"start":{"line":176,"column":8},"end":{"line":176,"column":null}},{"start":{},"end":{}}],"line":176},"15":{"loc":{"start":{"line":179,"column":8},"end":{"line":209,"column":null}},"type":"if","locations":[{"start":{"line":179,"column":8},"end":{"line":209,"column":null}},{"start":{},"end":{}}],"line":179},"16":{"loc":{"start":{"line":180,"column":12},"end":{"line":208,"column":null}},"type":"switch","locations":[{"start":{"line":181,"column":16},"end":{"line":191,"column":null}},{"start":{"line":192,"column":16},"end":{"line":199,"column":null}},{"start":{"line":200,"column":16},"end":{"line":207,"column":null}}],"line":180},"17":{"loc":{"start":{"line":183,"column":20},"end":{"line":183,"column":null}},"type":"if","locations":[{"start":{"line":183,"column":20},"end":{"line":183,"column":null}},{"start":{},"end":{}}],"line":183},"18":{"loc":{"start":{"line":184,"column":20},"end":{"line":184,"column":null}},"type":"if","locations":[{"start":{"line":184,"column":20},"end":{"line":184,"column":null}},{"start":{},"end":{}}],"line":184},"19":{"loc":{"start":{"line":185,"column":20},"end":{"line":185,"column":null}},"type":"if","locations":[{"start":{"line":185,"column":20},"end":{"line":185,"column":null}},{"start":{},"end":{}}],"line":185},"20":{"loc":{"start":{"line":186,"column":20},"end":{"line":186,"column":null}},"type":"if","locations":[{"start":{"line":186,"column":20},"end":{"line":186,"column":null}},{"start":{},"end":{}}],"line":186},"21":{"loc":{"start":{"line":187,"column":20},"end":{"line":187,"column":null}},"type":"if","locations":[{"start":{"line":187,"column":20},"end":{"line":187,"column":null}},{"start":{},"end":{}}],"line":187},"22":{"loc":{"start":{"line":188,"column":20},"end":{"line":188,"column":null}},"type":"if","locations":[{"start":{"line":188,"column":20},"end":{"line":188,"column":null}},{"start":{},"end":{}}],"line":188},"23":{"loc":{"start":{"line":189,"column":20},"end":{"line":189,"column":null}},"type":"if","locations":[{"start":{"line":189,"column":20},"end":{"line":189,"column":null}},{"start":{},"end":{}}],"line":189},"24":{"loc":{"start":{"line":194,"column":20},"end":{"line":194,"column":null}},"type":"if","locations":[{"start":{"line":194,"column":20},"end":{"line":194,"column":null}},{"start":{},"end":{}}],"line":194},"25":{"loc":{"start":{"line":195,"column":20},"end":{"line":195,"column":null}},"type":"if","locations":[{"start":{"line":195,"column":20},"end":{"line":195,"column":null}},{"start":{},"end":{}}],"line":195},"26":{"loc":{"start":{"line":196,"column":20},"end":{"line":196,"column":null}},"type":"if","locations":[{"start":{"line":196,"column":20},"end":{"line":196,"column":null}},{"start":{},"end":{}}],"line":196},"27":{"loc":{"start":{"line":197,"column":20},"end":{"line":197,"column":null}},"type":"if","locations":[{"start":{"line":197,"column":20},"end":{"line":197,"column":null}},{"start":{},"end":{}}],"line":197},"28":{"loc":{"start":{"line":202,"column":20},"end":{"line":202,"column":null}},"type":"if","locations":[{"start":{"line":202,"column":20},"end":{"line":202,"column":null}},{"start":{},"end":{}}],"line":202},"29":{"loc":{"start":{"line":203,"column":20},"end":{"line":203,"column":null}},"type":"if","locations":[{"start":{"line":203,"column":20},"end":{"line":203,"column":null}},{"start":{},"end":{}}],"line":203},"30":{"loc":{"start":{"line":204,"column":20},"end":{"line":204,"column":null}},"type":"if","locations":[{"start":{"line":204,"column":20},"end":{"line":204,"column":null}},{"start":{},"end":{}}],"line":204},"31":{"loc":{"start":{"line":205,"column":20},"end":{"line":205,"column":null}},"type":"if","locations":[{"start":{"line":205,"column":20},"end":{"line":205,"column":null}},{"start":{},"end":{}}],"line":205},"32":{"loc":{"start":{"line":241,"column":8},"end":{"line":251,"column":null}},"type":"if","locations":[{"start":{"line":241,"column":8},"end":{"line":251,"column":null}},{"start":{"line":245,"column":8},"end":{"line":251,"column":null}}],"line":241},"33":{"loc":{"start":{"line":241,"column":12},"end":{"line":241,"column":65}},"type":"binary-expr","locations":[{"start":{"line":241,"column":12},"end":{"line":241,"column":39}},{"start":{"line":241,"column":39},"end":{"line":241,"column":65}}],"line":241},"34":{"loc":{"start":{"line":245,"column":8},"end":{"line":251,"column":null}},"type":"if","locations":[{"start":{"line":245,"column":8},"end":{"line":251,"column":null}},{"start":{"line":248,"column":15},"end":{"line":251,"column":null}}],"line":245},"35":{"loc":{"start":{"line":256,"column":8},"end":{"line":265,"column":null}},"type":"if","locations":[{"start":{"line":256,"column":8},"end":{"line":265,"column":null}},{"start":{"line":259,"column":8},"end":{"line":265,"column":null}}],"line":256},"36":{"loc":{"start":{"line":256,"column":12},"end":{"line":256,"column":65}},"type":"binary-expr","locations":[{"start":{"line":256,"column":12},"end":{"line":256,"column":38}},{"start":{"line":256,"column":38},"end":{"line":256,"column":65}}],"line":256},"37":{"loc":{"start":{"line":259,"column":8},"end":{"line":265,"column":null}},"type":"if","locations":[{"start":{"line":259,"column":8},"end":{"line":265,"column":null}},{"start":{"line":262,"column":15},"end":{"line":265,"column":null}}],"line":259}},"s":{"0":0,"1":0,"2":0,"3":0,"4":0,"5":0,"6":0,"7":0,"8":0,"9":0,"10":0,"11":0,"12":0,"13":0,"14":0,"15":0,"16":0,"17":0,"18":0,"19":0,"20":0,"21":0,"22":0,"23":0,"24":0,"25":0,"26":0,"27":0,"28":0,"29":0,"30":0,"31":0,"32":0,"33":0,"34":0,"35":0,"36":0,"37":0,"38":0,"39":0,"40":0,"41":0,"42":0,"43":0,"44":0,"45":0,"46":0,"47":0,"48":0,"49":0,"50":0,"51":0,"52":0,"53":0,"54":0,"55":0,"56":0,"57":0,"58":0,"59":0,"60":0,"61":0,"62":0,"63":0,"64":0,"65":0,"66":0,"67":0,"68":0,"69":0,"70":0,"71":0,"72":0,"73":0,"74":0,"75":0,"76":0,"77":0,"78":0,"79":0,"80":0,"81":0,"82":0,"83":0,"84":0,"85":0,"86":0,"87":0,"88":0,"89":0,"90":0,"91":0,"92":0,"93":0,"94":0,"95":0,"96":0,"97":0,"98":0,"99":0,"100":0,"101":0,"102":0,"103":0,"104":0,"105":0,"106":0,"107":0,"108":0,"109":0,"110":0,"111":0,"112":0,"113":0,"114":0,"115":0,"116":0,"117":0,"118":0,"119":0},"f":{"0":0,"1":0,"2":0,"3":0,"4":0,"5":0,"6":0},"b":{"0":[0,0],"1":[0,0],"2":[0,0],"3":[0,0],"4":[0,0],"5":[0,0,0],"6":[0,0],"7":[0,0],"8":[0,0],"9":[0,0,0],"10":[0,0],"11":[0,0],"12":[0,0],"13":[0,0],"14":[0,0],"15":[0,0],"16":[0,0,0],"17":[0,0],"18":[0,0],"19":[0,0],"20":[0,0],"21":[0,0],"22":[0,0],"23":[0,0],"24":[0,0],"25":[0,0],"26":[0,0],"27":[0,0],"28":[0,0],"29":[0,0],"30":[0,0],"31":[0,0],"32":[0,0],"33":[0,0],"34":[0,0],"35":[0,0],"36":[0,0],"37":[0,0]},"meta":{"lastBranch":38,"lastFunction":7,"lastStatement":120,"seen":{"f:41:11:41:Infinity":0,"s:45:35:45:Infinity":0,"s:47:8:113:Infinity":1,"b:49:12:49:Infinity:undefined:undefined:undefined:undefined":0,"s:49:12:49:Infinity":2,"s:49:60:49:Infinity":3,"b:52:12:55:Infinity:undefined:undefined:undefined:undefined":1,"s:52:12:55:Infinity":4,"s:53:16:53:Infinity":5,"s:54:16:54:Infinity":6,"b:58:12:61:Infinity:undefined:undefined:undefined:undefined":2,"s:58:12:61:Infinity":7,"s:59:16:59:Infinity":8,"s:60:16:60:Infinity":9,"s:64:33:64:Infinity":10,"f:64:55:64:56":1,"s:64:63:64:89":11,"b:65:12:65:Infinity:undefined:undefined:undefined:undefined":3,"s:65:12:65:Infinity":12,"s:65:31:65:Infinity":13,"b:69:12:80:Infinity:undefined:undefined:undefined:undefined":4,"s:69:12:80:Infinity":14,"s:71:28:71:Infinity":15,"s:72:16:79:Infinity":16,"b:78:30:78:46:78:46:78:58:78:58:78:Infinity":5,"s:82:37:82:Infinity":17,"b:82:37:82:57:82:57:82:Infinity":6,"s:83:18:87:Infinity":18,"s:90:28:90:Infinity":19,"b:93:12:95:Infinity:undefined:undefined:undefined:undefined":7,"s:93:12:95:Infinity":20,"s:94:16:94:Infinity":21,"b:98:12:105:Infinity:undefined:undefined:undefined:undefined":8,"s:98:12:105:Infinity":22,"b:98:16:98:39:98:39:98:72:98:72:98:106":9,"s:99:22:103:Infinity":23,"s:104:17:104:Infinity":24,"s:107:12:112:Infinity":25,"s:115:8:115:Infinity":26,"f:122:11:122:20":2,"s:123:23:125:Infinity":27,"f:124:12:124:13":3,"s:124:19:124:Infinity":28,"b:126:8:126:Infinity:undefined:undefined:undefined:undefined":10,"s:126:8:126:Infinity":29,"s:126:21:126:Infinity":30,"s:128:39:128:Infinity":31,"s:129:68:129:Infinity":32,"s:131:8:135:Infinity":33,"s:132:27:132:Infinity":34,"s:133:12:133:Infinity":35,"s:134:12:134:Infinity":36,"s:137:8:137:Infinity":37,"f:144:11:144:Infinity":4,"s:148:39:148:Infinity":38,"s:149:68:149:Infinity":39,"s:151:8:155:Infinity":40,"s:152:27:152:Infinity":41,"s:153:12:153:Infinity":42,"s:154:12:154:Infinity":43,"s:157:8:157:Infinity":44,"f:163:19:163:Infinity":5,"s:167:49:167:Infinity":45,"s:170:8:170:Infinity":46,"b:173:8:173:Infinity:undefined:undefined:undefined:undefined":11,"s:173:8:173:Infinity":47,"s:173:46:173:Infinity":48,"b:174:8:174:Infinity:undefined:undefined:undefined:undefined":12,"s:174:8:174:Infinity":49,"s:174:46:174:Infinity":50,"b:175:8:175:Infinity:undefined:undefined:undefined:undefined":13,"s:175:8:175:Infinity":51,"s:175:44:175:Infinity":52,"b:176:8:176:Infinity:undefined:undefined:undefined:undefined":14,"s:176:8:176:Infinity":53,"s:176:50:176:Infinity":54,"b:179:8:209:Infinity:undefined:undefined:undefined:undefined":15,"s:179:8:209:Infinity":55,"b:181:16:191:Infinity:192:16:199:Infinity:200:16:207:Infinity":16,"s:180:12:208:Infinity":56,"s:182:30:182:Infinity":57,"b:183:20:183:Infinity:undefined:undefined:undefined:undefined":17,"s:183:20:183:Infinity":58,"s:183:54:183:Infinity":59,"b:184:20:184:Infinity:undefined:undefined:undefined:undefined":18,"s:184:20:184:Infinity":60,"s:184:60:184:Infinity":61,"b:185:20:185:Infinity:undefined:undefined:undefined:undefined":19,"s:185:20:185:Infinity":62,"s:185:56:185:Infinity":63,"b:186:20:186:Infinity:undefined:undefined:undefined:undefined":20,"s:186:20:186:Infinity":64,"s:186:60:186:Infinity":65,"b:187:20:187:Infinity:undefined:undefined:undefined:undefined":21,"s:187:20:187:Infinity":66,"s:187:50:187:Infinity":67,"b:188:20:188:Infinity:undefined:undefined:undefined:undefined":22,"s:188:20:188:Infinity":68,"s:188:58:188:Infinity":69,"b:189:20:189:Infinity:undefined:undefined:undefined:undefined":23,"s:189:20:189:Infinity":70,"s:189:60:189:Infinity":71,"s:190:20:190:Infinity":72,"s:193:30:193:Infinity":73,"b:194:20:194:Infinity:undefined:undefined:undefined:undefined":24,"s:194:20:194:Infinity":74,"s:194:48:194:Infinity":75,"b:195:20:195:Infinity:undefined:undefined:undefined:undefined":25,"s:195:20:195:Infinity":76,"s:195:52:195:Infinity":77,"b:196:20:196:Infinity:undefined:undefined:undefined:undefined":26,"s:196:20:196:Infinity":78,"s:196:62:196:Infinity":79,"b:197:20:197:Infinity:undefined:undefined:undefined:undefined":27,"s:197:20:197:Infinity":80,"s:197:64:197:Infinity":81,"s:198:20:198:Infinity":82,"s:201:30:201:Infinity":83,"b:202:20:202:Infinity:undefined:undefined:undefined:undefined":28,"s:202:20:202:Infinity":84,"s:202:50:202:Infinity":85,"b:203:20:203:Infinity:undefined:undefined:undefined:undefined":29,"s:203:20:203:Infinity":86,"s:203:50:203:Infinity":87,"b:204:20:204:Infinity:undefined:undefined:undefined:undefined":30,"s:204:20:204:Infinity":88,"s:204:70:204:Infinity":89,"b:205:20:205:Infinity:undefined:undefined:undefined:undefined":31,"s:205:20:205:Infinity":90,"s:205:64:205:Infinity":91,"s:206:20:206:Infinity":92,"s:211:8:211:Infinity":93,"f:218:11:218:Infinity":6,"s:227:24:227:Infinity":94,"s:228:24:228:Infinity":95,"s:230:25:230:Infinity":96,"s:231:26:231:Infinity":97,"s:232:28:232:Infinity":98,"s:234:24:234:Infinity":99,"s:235:27:235:Infinity":100,"s:236:28:236:Infinity":101,"b:241:8:251:Infinity:245:8:251:Infinity":32,"s:241:8:251:Infinity":102,"b:241:12:241:39:241:39:241:65":33,"s:242:12:242:Infinity":103,"s:243:12:243:Infinity":104,"s:244:12:244:Infinity":105,"b:245:8:251:Infinity:248:15:251:Infinity":34,"s:245:8:251:Infinity":106,"s:246:12:246:Infinity":107,"s:247:12:247:Infinity":108,"s:249:12:249:Infinity":109,"s:250:12:250:Infinity":110,"b:256:8:265:Infinity:259:8:265:Infinity":35,"s:256:8:265:Infinity":111,"b:256:12:256:38:256:38:256:65":36,"s:257:12:257:Infinity":112,"s:258:12:258:Infinity":113,"b:259:8:265:Infinity:262:15:265:Infinity":37,"s:259:8:265:Infinity":114,"s:260:12:260:Infinity":115,"s:261:12:261:Infinity":116,"s:263:12:263:Infinity":117,"s:264:12:264:Infinity":118,"s:267:8:277:Infinity":119}}}
,"/Users/younghoonan/Documents/ACE/src/engine/bannerRoleResolver.ts": {"path":"/Users/younghoonan/Documents/ACE/src/engine/bannerRoleResolver.ts","statementMap":{"0":{"start":{"line":50,"column":18},"end":{"line":50,"column":null}},"1":{"start":{"line":53,"column":0},"end":{"line":65,"column":null}},"2":{"start":{"line":54,"column":10},"end":{"line":54,"column":null}},"3":{"start":{"line":55,"column":27},"end":{"line":55,"column":null}},"4":{"start":{"line":56,"column":21},"end":{"line":56,"column":null}},"5":{"start":{"line":57,"column":4},"end":{"line":64,"column":null}},"6":{"start":{"line":68,"column":0},"end":{"line":80,"column":null}},"7":{"start":{"line":69,"column":10},"end":{"line":69,"column":null}},"8":{"start":{"line":70,"column":27},"end":{"line":70,"column":null}},"9":{"start":{"line":71,"column":21},"end":{"line":71,"column":null}},"10":{"start":{"line":72,"column":4},"end":{"line":79,"column":null}},"11":{"start":{"line":83,"column":0},"end":{"line":96,"column":null}},"12":{"start":{"line":84,"column":10},"end":{"line":84,"column":null}},"13":{"start":{"line":85,"column":27},"end":{"line":85,"column":null}},"14":{"start":{"line":86,"column":21},"end":{"line":86,"column":null}},"15":{"start":{"line":87,"column":20},"end":{"line":87,"column":null}},"16":{"start":{"line":88,"column":4},"end":{"line":95,"column":null}},"17":{"start":{"line":99,"column":0},"end":{"line":106,"column":null}},"18":{"start":{"line":100,"column":19},"end":{"line":100,"column":null}},"19":{"start":{"line":101,"column":4},"end":{"line":105,"column":null}},"20":{"start":{"line":109,"column":0},"end":{"line":115,"column":null}},"21":{"start":{"line":109,"column":35},"end":{"line":115,"column":2}},"22":{"start":{"line":118,"column":0},"end":{"line":122,"column":null}},"23":{"start":{"line":118,"column":40},"end":{"line":122,"column":2}},"24":{"start":{"line":125,"column":0},"end":{"line":137,"column":null}},"25":{"start":{"line":126,"column":10},"end":{"line":126,"column":null}},"26":{"start":{"line":127,"column":20},"end":{"line":127,"column":null}},"27":{"start":{"line":128,"column":4},"end":{"line":136,"column":null}},"28":{"start":{"line":140,"column":0},"end":{"line":151,"column":null}},"29":{"start":{"line":141,"column":10},"end":{"line":141,"column":null}},"30":{"start":{"line":142,"column":27},"end":{"line":142,"column":null}},"31":{"start":{"line":143,"column":21},"end":{"line":143,"column":null}},"32":{"start":{"line":144,"column":4},"end":{"line":150,"column":null}},"33":{"start":{"line":154,"column":0},"end":{"line":156,"column":null}},"34":{"start":{"line":154,"column":31},"end":{"line":156,"column":2}},"35":{"start":{"line":159,"column":0},"end":{"line":169,"column":null}},"36":{"start":{"line":160,"column":10},"end":{"line":160,"column":null}},"37":{"start":{"line":161,"column":20},"end":{"line":161,"column":null}},"38":{"start":{"line":162,"column":4},"end":{"line":168,"column":null}},"39":{"start":{"line":185,"column":4},"end":{"line":185,"column":null}},"40":{"start":{"line":185,"column":23},"end":{"line":185,"column":null}},"41":{"start":{"line":187,"column":19},"end":{"line":187,"column":null}},"42":{"start":{"line":188,"column":4},"end":{"line":188,"column":null}},"43":{"start":{"line":188,"column":17},"end":{"line":188,"column":null}},"44":{"start":{"line":190,"column":10},"end":{"line":190,"column":null}},"45":{"start":{"line":191,"column":21},"end":{"line":191,"column":null}},"46":{"start":{"line":194,"column":43},"end":{"line":194,"column":null}},"47":{"start":{"line":197,"column":4},"end":{"line":214,"column":null}},"48":{"start":{"line":198,"column":21},"end":{"line":198,"column":null}},"49":{"start":{"line":199,"column":8},"end":{"line":201,"column":null}},"50":{"start":{"line":200,"column":12},"end":{"line":200,"column":null}},"51":{"start":{"line":202,"column":8},"end":{"line":204,"column":null}},"52":{"start":{"line":203,"column":12},"end":{"line":203,"column":null}},"53":{"start":{"line":205,"column":8},"end":{"line":207,"column":null}},"54":{"start":{"line":206,"column":12},"end":{"line":206,"column":null}},"55":{"start":{"line":208,"column":8},"end":{"line":210,"column":null}},"56":{"start":{"line":209,"column":12},"end":{"line":209,"column":null}},"57":{"start":{"line":211,"column":8},"end":{"line":213,"column":null}},"58":{"start":{"line":212,"column":12},"end":{"line":212,"column":null}},"59":{"start":{"line":217,"column":4},"end":{"line":228,"column":null}},"60":{"start":{"line":218,"column":20},"end":{"line":218,"column":null}},"61":{"start":{"line":219,"column":8},"end":{"line":221,"column":null}},"62":{"start":{"line":220,"column":12},"end":{"line":220,"column":null}},"63":{"start":{"line":222,"column":8},"end":{"line":224,"column":null}},"64":{"start":{"line":223,"column":12},"end":{"line":223,"column":null}},"65":{"start":{"line":225,"column":8},"end":{"line":227,"column":null}},"66":{"start":{"line":226,"column":12},"end":{"line":226,"column":null}},"67":{"start":{"line":231,"column":4},"end":{"line":236,"column":null}},"68":{"start":{"line":232,"column":22},"end":{"line":232,"column":null}},"69":{"start":{"line":233,"column":8},"end":{"line":235,"column":null}},"70":{"start":{"line":234,"column":12},"end":{"line":234,"column":null}},"71":{"start":{"line":239,"column":4},"end":{"line":241,"column":null}},"72":{"start":{"line":240,"column":8},"end":{"line":240,"column":null}},"73":{"start":{"line":243,"column":4},"end":{"line":243,"column":null}},"74":{"start":{"line":256,"column":81},"end":{"line":256,"column":null}},"75":{"start":{"line":258,"column":4},"end":{"line":263,"column":null}},"76":{"start":{"line":259,"column":22},"end":{"line":259,"column":null}},"77":{"start":{"line":260,"column":8},"end":{"line":262,"column":null}},"78":{"start":{"line":261,"column":12},"end":{"line":261,"column":null}},"79":{"start":{"line":265,"column":4},"end":{"line":265,"column":null}},"80":{"start":{"line":277,"column":10},"end":{"line":277,"column":null}},"81":{"start":{"line":278,"column":4},"end":{"line":278,"column":null}},"82":{"start":{"line":278,"column":20},"end":{"line":278,"column":null}},"83":{"start":{"line":280,"column":80},"end":{"line":287,"column":null}},"84":{"start":{"line":289,"column":21},"end":{"line":289,"column":null}},"85":{"start":{"line":290,"column":4},"end":{"line":290,"column":null}},"86":{"start":{"line":290,"column":19},"end":{"line":290,"column":null}},"87":{"start":{"line":292,"column":27},"end":{"line":292,"column":null}},"88":{"start":{"line":293,"column":44},"end":{"line":295,"column":null}},"89":{"start":{"line":297,"column":4},"end":{"line":297,"column":null}}},"fnMap":{"0":{"name":"(anonymous_0)","decl":{"start":{"line":53,"column":26},"end":{"line":53,"column":27}},"loc":{"start":{"line":53,"column":41},"end":{"line":65,"column":1}},"line":53},"1":{"name":"(anonymous_1)","decl":{"start":{"line":68,"column":25},"end":{"line":68,"column":26}},"loc":{"start":{"line":68,"column":40},"end":{"line":80,"column":1}},"line":68},"2":{"name":"(anonymous_2)","decl":{"start":{"line":83,"column":21},"end":{"line":83,"column":22}},"loc":{"start":{"line":83,"column":31},"end":{"line":96,"column":1}},"line":83},"3":{"name":"(anonymous_3)","decl":{"start":{"line":99,"column":22},"end":{"line":99,"column":23}},"loc":{"start":{"line":99,"column":32},"end":{"line":106,"column":1}},"line":99},"4":{"name":"(anonymous_4)","decl":{"start":{"line":109,"column":28},"end":{"line":109,"column":35}},"loc":{"start":{"line":109,"column":35},"end":{"line":115,"column":2}},"line":109},"5":{"name":"(anonymous_5)","decl":{"start":{"line":118,"column":22},"end":{"line":118,"column":23}},"loc":{"start":{"line":118,"column":40},"end":{"line":122,"column":2}},"line":118},"6":{"name":"(anonymous_6)","decl":{"start":{"line":125,"column":21},"end":{"line":125,"column":22}},"loc":{"start":{"line":125,"column":31},"end":{"line":137,"column":1}},"line":125},"7":{"name":"(anonymous_7)","decl":{"start":{"line":140,"column":24},"end":{"line":140,"column":25}},"loc":{"start":{"line":140,"column":34},"end":{"line":151,"column":1}},"line":140},"8":{"name":"(anonymous_8)","decl":{"start":{"line":154,"column":24},"end":{"line":154,"column":31}},"loc":{"start":{"line":154,"column":31},"end":{"line":156,"column":2}},"line":154},"9":{"name":"(anonymous_9)","decl":{"start":{"line":159,"column":23},"end":{"line":159,"column":24}},"loc":{"start":{"line":159,"column":33},"end":{"line":169,"column":1}},"line":159},"10":{"name":"resolveRoleDefaults","decl":{"start":{"line":180,"column":16},"end":{"line":180,"column":null}},"loc":{"start":{"line":184,"column":33},"end":{"line":244,"column":null}},"line":184},"11":{"name":"resolveAllRoleDefaults","decl":{"start":{"line":251,"column":16},"end":{"line":251,"column":null}},"loc":{"start":{"line":255,"column":63},"end":{"line":266,"column":null}},"line":255},"12":{"name":"getRoleTypographyHint","decl":{"start":{"line":272,"column":16},"end":{"line":272,"column":null}},"loc":{"start":{"line":276,"column":59},"end":{"line":298,"column":null}},"line":276}},"branchMap":{"0":{"loc":{"start":{"line":55,"column":27},"end":{"line":55,"column":null}},"type":"binary-expr","locations":[{"start":{"line":55,"column":27},"end":{"line":55,"column":66}},{"start":{"line":55,"column":66},"end":{"line":55,"column":null}}],"line":55},"1":{"loc":{"start":{"line":60,"column":19},"end":{"line":60,"column":null}},"type":"cond-expr","locations":[{"start":{"line":60,"column":42},"end":{"line":60,"column":51}},{"start":{"line":60,"column":51},"end":{"line":60,"column":null}}],"line":60},"2":{"loc":{"start":{"line":70,"column":27},"end":{"line":70,"column":null}},"type":"binary-expr","locations":[{"start":{"line":70,"column":27},"end":{"line":70,"column":65}},{"start":{"line":70,"column":65},"end":{"line":70,"column":null}}],"line":70},"3":{"loc":{"start":{"line":75,"column":19},"end":{"line":75,"column":null}},"type":"cond-expr","locations":[{"start":{"line":75,"column":42},"end":{"line":75,"column":51}},{"start":{"line":75,"column":51},"end":{"line":75,"column":null}}],"line":75},"4":{"loc":{"start":{"line":85,"column":27},"end":{"line":85,"column":null}},"type":"binary-expr","locations":[{"start":{"line":85,"column":27},"end":{"line":85,"column":61}},{"start":{"line":85,"column":61},"end":{"line":85,"column":null}}],"line":85},"5":{"loc":{"start":{"line":93,"column":22},"end":{"line":93,"column":null}},"type":"cond-expr","locations":[{"start":{"line":93,"column":32},"end":{"line":93,"column":36}},{"start":{"line":93,"column":36},"end":{"line":93,"column":null}}],"line":93},"6":{"loc":{"start":{"line":119,"column":20},"end":{"line":119,"column":null}},"type":"cond-expr","locations":[{"start":{"line":119,"column":43},"end":{"line":119,"column":49}},{"start":{"line":119,"column":49},"end":{"line":119,"column":null}}],"line":119},"7":{"loc":{"start":{"line":120,"column":21},"end":{"line":120,"column":null}},"type":"cond-expr","locations":[{"start":{"line":120,"column":42},"end":{"line":120,"column":48}},{"start":{"line":120,"column":48},"end":{"line":120,"column":null}}],"line":120},"8":{"loc":{"start":{"line":127,"column":20},"end":{"line":127,"column":null}},"type":"binary-expr","locations":[{"start":{"line":127,"column":20},"end":{"line":127,"column":56}},{"start":{"line":127,"column":56},"end":{"line":127,"column":null}}],"line":127},"9":{"loc":{"start":{"line":142,"column":27},"end":{"line":142,"column":null}},"type":"binary-expr","locations":[{"start":{"line":142,"column":27},"end":{"line":142,"column":62}},{"start":{"line":142,"column":62},"end":{"line":142,"column":null}}],"line":142},"10":{"loc":{"start":{"line":161,"column":20},"end":{"line":161,"column":null}},"type":"binary-expr","locations":[{"start":{"line":161,"column":20},"end":{"line":161,"column":54}},{"start":{"line":161,"column":54},"end":{"line":161,"column":null}}],"line":161},"11":{"loc":{"start":{"line":185,"column":4},"end":{"line":185,"column":null}},"type":"if","locations":[{"start":{"line":185,"column":4},"end":{"line":185,"column":null}},{"start":{},"end":{}}],"line":185},"12":{"loc":{"start":{"line":188,"column":4},"end":{"line":188,"column":null}},"type":"if","locations":[{"start":{"line":188,"column":4},"end":{"line":188,"column":null}},{"start":{},"end":{}}],"line":188},"13":{"loc":{"start":{"line":197,"column":4},"end":{"line":214,"column":null}},"type":"if","locations":[{"start":{"line":197,"column":4},"end":{"line":214,"column":null}},{"start":{},"end":{}}],"line":197},"14":{"loc":{"start":{"line":199,"column":8},"end":{"line":201,"column":null}},"type":"if","locations":[{"start":{"line":199,"column":8},"end":{"line":201,"column":null}},{"start":{},"end":{}}],"line":199},"15":{"loc":{"start":{"line":199,"column":12},"end":{"line":199,"column":55}},"type":"binary-expr","locations":[{"start":{"line":199,"column":12},"end":{"line":199,"column":33}},{"start":{"line":199,"column":33},"end":{"line":199,"column":55}}],"line":199},"16":{"loc":{"start":{"line":202,"column":8},"end":{"line":204,"column":null}},"type":"if","locations":[{"start":{"line":202,"column":8},"end":{"line":204,"column":null}},{"start":{},"end":{}}],"line":202},"17":{"loc":{"start":{"line":202,"column":12},"end":{"line":202,"column":60}},"type":"binary-expr","locations":[{"start":{"line":202,"column":12},"end":{"line":202,"column":35}},{"start":{"line":202,"column":35},"end":{"line":202,"column":60}}],"line":202},"18":{"loc":{"start":{"line":205,"column":8},"end":{"line":207,"column":null}},"type":"if","locations":[{"start":{"line":205,"column":8},"end":{"line":207,"column":null}},{"start":{},"end":{}}],"line":205},"19":{"loc":{"start":{"line":205,"column":12},"end":{"line":205,"column":61}},"type":"binary-expr","locations":[{"start":{"line":205,"column":12},"end":{"line":205,"column":34}},{"start":{"line":205,"column":34},"end":{"line":205,"column":61}}],"line":205},"20":{"loc":{"start":{"line":208,"column":8},"end":{"line":210,"column":null}},"type":"if","locations":[{"start":{"line":208,"column":8},"end":{"line":210,"column":null}},{"start":{},"end":{}}],"line":208},"21":{"loc":{"start":{"line":208,"column":12},"end":{"line":208,"column":60}},"type":"binary-expr","locations":[{"start":{"line":208,"column":12},"end":{"line":208,"column":35}},{"start":{"line":208,"column":35},"end":{"line":208,"column":60}}],"line":208},"22":{"loc":{"start":{"line":211,"column":8},"end":{"line":213,"column":null}},"type":"if","locations":[{"start":{"line":211,"column":8},"end":{"line":213,"column":null}},{"start":{},"end":{}}],"line":211},"23":{"loc":{"start":{"line":211,"column":12},"end":{"line":211,"column":78}},"type":"binary-expr","locations":[{"start":{"line":211,"column":12},"end":{"line":211,"column":52}},{"start":{"line":211,"column":52},"end":{"line":211,"column":78}}],"line":211},"24":{"loc":{"start":{"line":217,"column":4},"end":{"line":228,"column":null}},"type":"if","locations":[{"start":{"line":217,"column":4},"end":{"line":228,"column":null}},{"start":{},"end":{}}],"line":217},"25":{"loc":{"start":{"line":219,"column":8},"end":{"line":221,"column":null}},"type":"if","locations":[{"start":{"line":219,"column":8},"end":{"line":221,"column":null}},{"start":{},"end":{}}],"line":219},"26":{"loc":{"start":{"line":219,"column":12},"end":{"line":219,"column":54}},"type":"binary-expr","locations":[{"start":{"line":219,"column":12},"end":{"line":219,"column":33}},{"start":{"line":219,"column":33},"end":{"line":219,"column":54}}],"line":219},"27":{"loc":{"start":{"line":222,"column":8},"end":{"line":224,"column":null}},"type":"if","locations":[{"start":{"line":222,"column":8},"end":{"line":224,"column":null}},{"start":{},"end":{}}],"line":222},"28":{"loc":{"start":{"line":222,"column":12},"end":{"line":222,"column":59}},"type":"binary-expr","locations":[{"start":{"line":222,"column":12},"end":{"line":222,"column":35}},{"start":{"line":222,"column":35},"end":{"line":222,"column":59}}],"line":222},"29":{"loc":{"start":{"line":225,"column":8},"end":{"line":227,"column":null}},"type":"if","locations":[{"start":{"line":225,"column":8},"end":{"line":227,"column":null}},{"start":{},"end":{}}],"line":225},"30":{"loc":{"start":{"line":225,"column":12},"end":{"line":225,"column":75}},"type":"binary-expr","locations":[{"start":{"line":225,"column":12},"end":{"line":225,"column":51}},{"start":{"line":225,"column":51},"end":{"line":225,"column":75}}],"line":225},"31":{"loc":{"start":{"line":231,"column":4},"end":{"line":236,"column":null}},"type":"if","locations":[{"start":{"line":231,"column":4},"end":{"line":236,"column":null}},{"start":{},"end":{}}],"line":231},"32":{"loc":{"start":{"line":233,"column":8},"end":{"line":235,"column":null}},"type":"if","locations":[{"start":{"line":233,"column":8},"end":{"line":235,"column":null}},{"start":{},"end":{}}],"line":233},"33":{"loc":{"start":{"line":233,"column":12},"end":{"line":233,"column":72}},"type":"binary-expr","locations":[{"start":{"line":233,"column":12},"end":{"line":233,"column":51}},{"start":{"line":233,"column":51},"end":{"line":233,"column":72}}],"line":233},"34":{"loc":{"start":{"line":239,"column":4},"end":{"line":241,"column":null}},"type":"if","locations":[{"start":{"line":239,"column":4},"end":{"line":241,"column":null}},{"start":{},"end":{}}],"line":239},"35":{"loc":{"start":{"line":239,"column":8},"end":{"line":239,"column":63}},"type":"binary-expr","locations":[{"start":{"line":239,"column":8},"end":{"line":239,"column":41}},{"start":{"line":239,"column":41},"end":{"line":239,"column":63}}],"line":239},"36":{"loc":{"start":{"line":243,"column":11},"end":{"line":243,"column":null}},"type":"cond-expr","locations":[{"start":{"line":243,"column":44},"end":{"line":243,"column":79}},{"start":{"line":243,"column":79},"end":{"line":243,"column":null}}],"line":243},"37":{"loc":{"start":{"line":260,"column":8},"end":{"line":262,"column":null}},"type":"if","locations":[{"start":{"line":260,"column":8},"end":{"line":262,"column":null}},{"start":{},"end":{}}],"line":260},"38":{"loc":{"start":{"line":278,"column":4},"end":{"line":278,"column":null}},"type":"if","locations":[{"start":{"line":278,"column":4},"end":{"line":278,"column":null}},{"start":{},"end":{}}],"line":278},"39":{"loc":{"start":{"line":290,"column":4},"end":{"line":290,"column":null}},"type":"if","locations":[{"start":{"line":290,"column":4},"end":{"line":290,"column":null}},{"start":{},"end":{}}],"line":290},"40":{"loc":{"start":{"line":297,"column":35},"end":{"line":297,"column":56}},"type":"binary-expr","locations":[{"start":{"line":297,"column":35},"end":{"line":297,"column":52}},{"start":{"line":297,"column":52},"end":{"line":297,"column":56}}],"line":297}},"s":{"0":0,"1":0,"2":0,"3":0,"4":0,"5":0,"6":0,"7":0,"8":0,"9":0,"10":0,"11":0,"12":0,"13":0,"14":0,"15":0,"16":0,"17":0,"18":0,"19":0,"20":0,"21":0,"22":0,"23":0,"24":0,"25":0,"26":0,"27":0,"28":0,"29":0,"30":0,"31":0,"32":0,"33":0,"34":0,"35":0,"36":0,"37":0,"38":0,"39":0,"40":0,"41":0,"42":0,"43":0,"44":0,"45":0,"46":0,"47":0,"48":0,"49":0,"50":0,"51":0,"52":0,"53":0,"54":0,"55":0,"56":0,"57":0,"58":0,"59":0,"60":0,"61":0,"62":0,"63":0,"64":0,"65":0,"66":0,"67":0,"68":0,"69":0,"70":0,"71":0,"72":0,"73":0,"74":0,"75":0,"76":0,"77":0,"78":0,"79":0,"80":0,"81":0,"82":0,"83":0,"84":0,"85":0,"86":0,"87":0,"88":0,"89":0},"f":{"0":0,"1":0,"2":0,"3":0,"4":0,"5":0,"6":0,"7":0,"8":0,"9":0,"10":0,"11":0,"12":0},"b":{"0":[0,0],"1":[0,0],"2":[0,0],"3":[0,0],"4":[0,0],"5":[0,0],"6":[0,0],"7":[0,0],"8":[0,0],"9":[0,0],"10":[0,0],"11":[0,0],"12":[0,0],"13":[0,0],"14":[0,0],"15":[0,0],"16":[0,0],"17":[0,0],"18":[0,0],"19":[0,0],"20":[0,0],"21":[0,0],"22":[0,0],"23":[0,0],"24":[0,0],"25":[0,0],"26":[0,0],"27":[0,0],"28":[0,0],"29":[0,0],"30":[0,0],"31":[0,0],"32":[0,0],"33":[0,0],"34":[0,0],"35":[0,0],"36":[0,0],"37":[0,0],"38":[0,0],"39":[0,0],"40":[0,0]},"meta":{"lastBranch":41,"lastFunction":13,"lastStatement":90,"seen":{"s:50:18:50:Infinity":0,"s:53:0:65:Infinity":1,"f:53:26:53:27":0,"s:54:10:54:Infinity":2,"s:55:27:55:Infinity":3,"b:55:27:55:66:55:66:55:Infinity":0,"s:56:21:56:Infinity":4,"s:57:4:64:Infinity":5,"b:60:42:60:51:60:51:60:Infinity":1,"s:68:0:80:Infinity":6,"f:68:25:68:26":1,"s:69:10:69:Infinity":7,"s:70:27:70:Infinity":8,"b:70:27:70:65:70:65:70:Infinity":2,"s:71:21:71:Infinity":9,"s:72:4:79:Infinity":10,"b:75:42:75:51:75:51:75:Infinity":3,"s:83:0:96:Infinity":11,"f:83:21:83:22":2,"s:84:10:84:Infinity":12,"s:85:27:85:Infinity":13,"b:85:27:85:61:85:61:85:Infinity":4,"s:86:21:86:Infinity":14,"s:87:20:87:Infinity":15,"s:88:4:95:Infinity":16,"b:93:32:93:36:93:36:93:Infinity":5,"s:99:0:106:Infinity":17,"f:99:22:99:23":3,"s:100:19:100:Infinity":18,"s:101:4:105:Infinity":19,"s:109:0:115:Infinity":20,"f:109:28:109:35":4,"s:109:35:115:2":21,"s:118:0:122:Infinity":22,"f:118:22:118:23":5,"s:118:40:122:2":23,"b:119:43:119:49:119:49:119:Infinity":6,"b:120:42:120:48:120:48:120:Infinity":7,"s:125:0:137:Infinity":24,"f:125:21:125:22":6,"s:126:10:126:Infinity":25,"s:127:20:127:Infinity":26,"b:127:20:127:56:127:56:127:Infinity":8,"s:128:4:136:Infinity":27,"s:140:0:151:Infinity":28,"f:140:24:140:25":7,"s:141:10:141:Infinity":29,"s:142:27:142:Infinity":30,"b:142:27:142:62:142:62:142:Infinity":9,"s:143:21:143:Infinity":31,"s:144:4:150:Infinity":32,"s:154:0:156:Infinity":33,"f:154:24:154:31":8,"s:154:31:156:2":34,"s:159:0:169:Infinity":35,"f:159:23:159:24":9,"s:160:10:160:Infinity":36,"s:161:20:161:Infinity":37,"b:161:20:161:54:161:54:161:Infinity":10,"s:162:4:168:Infinity":38,"f:180:16:180:Infinity":10,"b:185:4:185:Infinity:undefined:undefined:undefined:undefined":11,"s:185:4:185:Infinity":39,"s:185:23:185:Infinity":40,"s:187:19:187:Infinity":41,"b:188:4:188:Infinity:undefined:undefined:undefined:undefined":12,"s:188:4:188:Infinity":42,"s:188:17:188:Infinity":43,"s:190:10:190:Infinity":44,"s:191:21:191:Infinity":45,"s:194:43:194:Infinity":46,"b:197:4:214:Infinity:undefined:undefined:undefined:undefined":13,"s:197:4:214:Infinity":47,"s:198:21:198:Infinity":48,"b:199:8:201:Infinity:undefined:undefined:undefined:undefined":14,"s:199:8:201:Infinity":49,"b:199:12:199:33:199:33:199:55":15,"s:200:12:200:Infinity":50,"b:202:8:204:Infinity:undefined:undefined:undefined:undefined":16,"s:202:8:204:Infinity":51,"b:202:12:202:35:202:35:202:60":17,"s:203:12:203:Infinity":52,"b:205:8:207:Infinity:undefined:undefined:undefined:undefined":18,"s:205:8:207:Infinity":53,"b:205:12:205:34:205:34:205:61":19,"s:206:12:206:Infinity":54,"b:208:8:210:Infinity:undefined:undefined:undefined:undefined":20,"s:208:8:210:Infinity":55,"b:208:12:208:35:208:35:208:60":21,"s:209:12:209:Infinity":56,"b:211:8:213:Infinity:undefined:undefined:undefined:undefined":22,"s:211:8:213:Infinity":57,"b:211:12:211:52:211:52:211:78":23,"s:212:12:212:Infinity":58,"b:217:4:228:Infinity:undefined:undefined:undefined:undefined":24,"s:217:4:228:Infinity":59,"s:218:20:218:Infinity":60,"b:219:8:221:Infinity:undefined:undefined:undefined:undefined":25,"s:219:8:221:Infinity":61,"b:219:12:219:33:219:33:219:54":26,"s:220:12:220:Infinity":62,"b:222:8:224:Infinity:undefined:undefined:undefined:undefined":27,"s:222:8:224:Infinity":63,"b:222:12:222:35:222:35:222:59":28,"s:223:12:223:Infinity":64,"b:225:8:227:Infinity:undefined:undefined:undefined:undefined":29,"s:225:8:227:Infinity":65,"b:225:12:225:51:225:51:225:75":30,"s:226:12:226:In
[...]
olumn":41},"end":{"line":102,"column":85}},"line":102},"7":{"name":"(anonymous_7)","decl":{"start":{"line":108,"column":33},"end":{"line":108,"column":39}},"loc":{"start":{"line":108,"column":39},"end":{"line":108,"column":57}},"line":108},"8":{"name":"trackTextUsage","decl":{"start":{"line":124,"column":16},"end":{"line":124,"column":31}},"loc":{"start":{"line":124,"column":65},"end":{"line":137,"column":null}},"line":124},"9":{"name":"(anonymous_9)","decl":{"start":{"line":127,"column":46},"end":{"line":127,"column":51}},"loc":{"start":{"line":127,"column":51},"end":{"line":127,"column":91}},"line":127},"10":{"name":"(anonymous_10)","decl":{"start":{"line":134,"column":29},"end":{"line":134,"column":30}},"loc":{"start":{"line":134,"column":39},"end":{"line":134,"column":56}},"line":134},"11":{"name":"trackSizeUsage","decl":{"start":{"line":142,"column":16},"end":{"line":142,"column":31}},"loc":{"start":{"line":142,"column":68},"end":{"line":152,"column":null}},"line":142},"12":{"name":"prefsToPromptSection","decl":{"start":{"line":157,"column":16},"end":{"line":157,"column":37}},"loc":{"start":{"line":157,"column":63},"end":{"line":169,"column":null}},"line":157},"13":{"name":"(anonymous_13)","decl":{"start":{"line":165,"column":74},"end":{"line":165,"column":79}},"loc":{"start":{"line":165,"column":79},"end":{"line":165,"column":104}},"line":165}},"branchMap":{"0":{"loc":{"start":{"line":65,"column":8},"end":{"line":65,"column":null}},"type":"if","locations":[{"start":{"line":65,"column":8},"end":{"line":65,"column":null}},{"start":{},"end":{}}],"line":65},"1":{"loc":{"start":{"line":86,"column":35},"end":{"line":86,"column":82}},"type":"binary-expr","locations":[{"start":{"line":86,"column":35},"end":{"line":86,"column":63}},{"start":{"line":86,"column":63},"end":{"line":86,"column":82}}],"line":86},"2":{"loc":{"start":{"line":87,"column":4},"end":{"line":89,"column":null}},"type":"if","locations":[{"start":{"line":87,"column":4},"end":{"line":89,"column":null}},{"start":{},"end":{}}],"line":87},"3":{"loc":{"start":{"line":87,"column":8},"end":{"line":87,"column":43}},"type":"binary-expr","locations":[{"start":{"line":87,"column":8},"end":{"line":87,"column":14}},{"start":{"line":87,"column":14},"end":{"line":87,"column":43}}],"line":87},"4":{"loc":{"start":{"line":92,"column":39},"end":{"line":92,"column":82}},"type":"binary-expr","locations":[{"start":{"line":92,"column":39},"end":{"line":92,"column":63}},{"start":{"line":92,"column":63},"end":{"line":92,"column":82}}],"line":92},"5":{"loc":{"start":{"line":93,"column":4},"end":{"line":95,"column":null}},"type":"if","locations":[{"start":{"line":93,"column":4},"end":{"line":95,"column":null}},{"start":{},"end":{}}],"line":93},"6":{"loc":{"start":{"line":93,"column":8},"end":{"line":93,"column":51}},"type":"binary-expr","locations":[{"start":{"line":93,"column":8},"end":{"line":93,"column":18}},{"start":{"line":93,"column":18},"end":{"line":93,"column":51}}],"line":93},"7":{"loc":{"start":{"line":96,"column":36},"end":{"line":96,"column":77}},"type":"binary-expr","locations":[{"start":{"line":96,"column":36},"end":{"line":96,"column":57}},{"start":{"line":96,"column":57},"end":{"line":96,"column":77}}],"line":96},"8":{"loc":{"start":{"line":97,"column":4},"end":{"line":99,"column":null}},"type":"if","locations":[{"start":{"line":97,"column":4},"end":{"line":99,"column":null}},{"start":{},"end":{}}],"line":97},"9":{"loc":{"start":{"line":97,"column":8},"end":{"line":97,"column":56}},"type":"binary-expr","locations":[{"start":{"line":97,"column":8},"end":{"line":97,"column":15}},{"start":{"line":97,"column":15},"end":{"line":97,"column":56}}],"line":97},"10":{"loc":{"start":{"line":102,"column":41},"end":{"line":102,"column":85}},"type":"binary-expr","locations":[{"start":{"line":102,"column":41},"end":{"line":102,"column":67}},{"start":{"line":102,"column":67},"end":{"line":102,"column":85}}],"line":102},"11":{"loc":{"start":{"line":103,"column":4},"end":{"line":105,"column":null}},"type":"if","locations":[{"start":{"line":103,"column":4},"end":{"line":105,"column":null}},{"start":{},"end":{}}],"line":103},"12":{"loc":{"start":{"line":103,"column":8},"end":{"line":103,"column":56}},"type":"binary-expr","locations":[{"start":{"line":103,"column":8},"end":{"line":103,"column":20}},{"start":{"line":103,"column":20},"end":{"line":103,"column":56}}],"line":103},"13":{"loc":{"start":{"line":109,"column":4},"end":{"line":112,"column":null}},"type":"if","locations":[{"start":{"line":109,"column":4},"end":{"line":112,"column":null}},{"start":{},"end":{}}],"line":109},"14":{"loc":{"start":{"line":109,"column":8},"end":{"line":109,"column":57}},"type":"binary-expr","locations":[{"start":{"line":109,"column":8},"end":{"line":109,"column":18}},{"start":{"line":109,"column":18},"end":{"line":109,"column":57}}],"line":109},"15":{"loc":{"start":{"line":127,"column":51},"end":{"line":127,"column":91}},"type":"binary-expr","locations":[{"start":{"line":127,"column":51},"end":{"line":127,"column":76}},{"start":{"line":127,"column":76},"end":{"line":127,"column":91}}],"line":127},"16":{"loc":{"start":{"line":128,"column":4},"end":{"line":132,"column":null}},"type":"if","locations":[{"start":{"line":128,"column":4},"end":{"line":132,"column":null}},{"start":{"line":130,"column":11},"end":{"line":132,"column":null}}],"line":128},"17":{"loc":{"start":{"line":145,"column":4},"end":{"line":150,"column":null}},"type":"if","locations":[{"start":{"line":145,"column":4},"end":{"line":150,"column":null}},{"start":{},"end":{}}],"line":145},"18":{"loc":{"start":{"line":147,"column":8},"end":{"line":149,"column":null}},"type":"if","locations":[{"start":{"line":147,"column":8},"end":{"line":149,"column":null}},{"start":{},"end":{}}],"line":147},"19":{"loc":{"start":{"line":164,"column":4},"end":{"line":166,"column":null}},"type":"if","locations":[{"start":{"line":164,"column":4},"end":{"line":166,"column":null}},{"start":{},"end":{}}],"line":164}},"s":{"0":0,"1":0,"2":0,"3":0,"4":0,"5":0,"6":0,"7":0,"8":0,"9":0,"10":0,"11":0,"12":0,"13":0,"14":0,"15":0,"16":0,"17":0,"18":0,"19":0,"20":0,"21":0,"22":0,"23":0,"24":0,"25":0,"26":0,"27":0,"28":0,"29":0,"30":0,"31":0,"32":0,"33":0,"34":0,"35":0,"36":0,"37":0,"38":0,"39":0,"40":0,"41":0,"42":0,"43":0,"44":0,"45":0,"46":0,"47":0,"48":0,"49":0,"50":0,"51":0,"52":0,"53":0,"54":0,"55":0,"56":0,"57":0,"58":0,"59":0,"60":0,"61":0,"62":0},"f":{"0":0,"1":0,"2":0,"3":0,"4":0,"5":0,"6":0,"7":0,"8":0,"9":0,"10":0,"11":0,"12":0,"13":0},"b":{"0":[0,0],"1":[0,0],"2":[0,0],"3":[0,0],"4":[0,0],"5":[0,0],"6":[0,0],"7":[0,0],"8":[0,0],"9":[0,0],"10":[0,0],"11":[0,0],"12":[0,0],"13":[0,0],"14":[0,0],"15":[0,0],"16":[0,0],"17":[0,0],"18":[0,0],"19":[0,0]},"meta":{"lastBranch":20,"lastFunction":14,"lastStatement":63,"seen":{"s:8:20:8:Infinity":0,"s:39:33:58:Infinity":1,"f:62:16:62:43":0,"s:63:4:69:Infinity":2,"s:64:20:64:Infinity":3,"b:65:8:65:Infinity:undefined:undefined:undefined:undefined":0,"s:65:8:65:Infinity":4,"s:65:18:65:Infinity":5,"s:66:8:66:Infinity":6,"s:68:8:68:Infinity":7,"f:72:16:72:30":1,"s:73:4:73:Infinity":8,"f:82:16:82:37":2,"s:83:18:83:Infinity":9,"s:86:15:86:Infinity":10,"f:86:29:86:35":3,"s:86:35:86:82":11,"b:86:35:86:63:86:63:86:82":1,"b:87:4:89:Infinity:undefined:undefined:undefined:undefined":2,"s:87:4:89:Infinity":12,"b:87:8:87:14:87:14:87:43":3,"s:88:8:88:Infinity":13,"s:92:19:92:Infinity":14,"f:92:33:92:39":4,"s:92:39:92:82":15,"b:92:39:92:63:92:63:92:82":4,"b:93:4:95:Infinity:undefined:undefined:undefined:undefined":5,"s:93:4:95:Infinity":16,"b:93:8:93:18:93:18:93:51":6,"s:94:8:94:Infinity":17,"s:96:16:96:Infinity":18,"f:96:30:96:36":5,"s:96:36:96:77":19,"b:96:36:96:57:96:57:96:77":7,"b:97:4:99:Infinity:undefined:undefined:undefined:undefined":8,"s:97:4:99:Infinity":20,"b:97:8:97:15:97:15:97:56":9,"s:98:8:98:Infinity":21,"s:102:21:102:Infinity":22,"f:102:35:102:41":6,"s:102:41:102:85":23,"b:102:41:102:67:102:67:102:85":10,"b:103:4:105:Infinity:undefined:undefined:undefined:undefined":11,"s:103:4:105:Infinity":24,"b:103:8:103:20:103:20:103:56":12,"s:104:8:104:Infinity":25,"s:108:19:108:Infinity":26,"f:108:33:108:39":7,"s:108:39:108:57":27,"b:109:4:112:Infinity:undefined:undefined:undefined:undefined":13,"s:109:4:112:Infinity":28,"b:109:8:109:18:109:18:109:57":14,"s:110:8:110:Infinity":29,"s:111:8:111:Infinity":30,"s:115:4:115:Infinity":31,"s:116:4:116:Infinity":32,"s:118:4:118:Infinity":33,"f:124:16:124:31":8,"s:125:18:125:Infinity":34,"s:126:23:126:Infinity":35,"s:127:21:127:Infinity":36,"f:127:46:127:51":9,"s:127:51:127:91":37,"b:127:51:127:76:127:76:127:91":15,"b:128:4:132:Infinity:130:11:132:Infinity":16,"s:128:4:132:Infinity":38,"s:129:8:129:Infinity":39,"s:131:8:131:Infinity":40,"s:134:4:134:Infinity":41,"f:134:29:134:30":10,"s:134:39:134:56":42,"s:135:4:135:Infinity":43,"s:136:4:136:Infinity":44,"f:142:16:142:31":11,"s:143:18:143:Infinity":45,"s:144:17:144:Infinity":46,"b:145:4:150:Infinity:undefined:undefined:undefined:undefined":17,"s:145:4:150:Infinity":47,"s:146:8:146:Infinity":48,"b:147:8:149:Infinity:undefined:undefined:undefined:undefined":18,"s:147:8:149:Infinity":49,"s:148:12:148:Infinity":50,"s:151:4:151:Infinity":51,"f:157:16:157:37":12,"s:158:28:158:Infinity":52,"s:159:4:159:Infinity":53,"s:160:4:160:Infinity":54,"s:161:4:161:Infinity":55,"s:162:4:162:Infinity":56,"s:163:4:163:Infinity":57,"b:164:4:166:Infinity:undefined:undefined:undefined:undefined":19,"s:164:4:166:Infinity":58,"s:165:8:165:Infinity":59,"f:165:74:165:79":13,"s:165:79:165:104":60,"s:167:4:167:Infinity":61,"s:168:4:168:Infinity":62}}}
,"/Users/younghoonan/Documents/ACE/src/stores/videoStorage.ts": {"path":"/Users/younghoonan/Documents/ACE/src/stores/videoStorage.ts","statementMap":{"0":{"start":{"line":7,"column":16},"end":{"line":7,"column":null}},"1":{"start":{"line":8,"column":19},"end":{"line":8,"column":null}},"2":{"start":{"line":9,"column":19},"end":{"line":9,"column":null}},"3":{"start":{"line":12,"column":4},"end":{"line":22,"column":null}},"4":{"start":{"line":13,"column":20},"end":{"line":13,"column":null}},"5":{"start":{"line":14,"column":8},"end":{"line":19,"column":null}},"6":{"start":{"line":15,"column":23},"end":{"line":15,"column":null}},"7":{"start":{"line":16,"column":12},"end":{"line":18,"column":null}},"8":{"start":{"line":17,"column":16},"end":{"line":17,"column":null}},"9":{"start":{"line":20,"column":8},"end":{"line":20,"column":null}},"10":{"start":{"line":20,"column":30},"end":{"line":20,"column":null}},"11":{"start":{"line":21,"column":8},"end":{"line":21,"column":null}},"12":{"start":{"line":21,"column":28},"end":{"line":21,"column":null}},"13":{"start":{"line":27,"column":15},"end":{"line":27,"column":null}},"14":{"start":{"line":28,"column":19},"end":{"line":28,"column":null}},"15":{"start":{"line":29,"column":4},"end":{"line":37,"column":null}},"16":{"start":{"line":30,"column":19},"end":{"line":30,"column":null}},"17":{"start":{"line":31,"column":8},"end":{"line":34,"column":null}},"18":{"start":{"line":35,"column":8},"end":{"line":35,"column":null}},"19":{"start":{"line":35,"column":30},"end":{"line":35,"column":null}},"20":{"start":{"line":36,"column":8},"end":{"line":36,"column":null}},"21":{"start":{"line":36,"column":27},"end":{"line":36,"column":null}},"22":{"start":{"line":42,"column":15},"end":{"line":42,"column":null}},"23":{"start":{"line":43,"column":4},"end":{"line":54,"column":null}},"24":{"start":{"line":44,"column":19},"end":{"line":44,"column":null}},"25":{"start":{"line":45,"column":20},"end":{"line":45,"column":null}},"26":{"start":{"line":46,"column":8},"end":{"line":52,"column":null}},"27":{"start":{"line":47,"column":25},"end":{"line":47,"column":null}},"28":{"start":{"line":48,"column":12},"end":{"line":48,"column":null}},"29":{"start":{"line":48,"column":25},"end":{"line":48,"column":40}},"30":{"start":{"line":48,"column":40},"end":{"line":48,"column":48}},"31":{"start":{"line":49,"column":25},"end":{"line":49,"column":null}},"32":{"start":{"line":50,"column":24},"end":{"line":50,"column":null}},"33":{"start":{"line":51,"column":12},"end":{"line":51,"column":null}},"34":{"start":{"line":53,"column":8},"end":{"line":53,"column":null}},"35":{"start":{"line":53,"column":28},"end":{"line":53,"column":null}},"36":{"start":{"line":59,"column":15},"end":{"line":59,"column":null}},"37":{"start":{"line":60,"column":4},"end":{"line":65,"column":null}},"38":{"start":{"line":61,"column":19},"end":{"line":61,"column":null}},"39":{"start":{"line":62,"column":8},"end":{"line":62,"column":null}},"40":{"start":{"line":63,"column":8},"end":{"line":63,"column":null}},"41":{"start":{"line":63,"column":30},"end":{"line":63,"column":null}},"42":{"start":{"line":64,"column":8},"end":{"line":64,"column":null}},"43":{"start":{"line":64,"column":27},"end":{"line":64,"column":null}},"44":{"start":{"line":70,"column":15},"end":{"line":70,"column":null}},"45":{"start":{"line":71,"column":4},"end":{"line":76,"column":null}},"46":{"start":{"line":72,"column":19},"end":{"line":72,"column":null}},"47":{"start":{"line":73,"column":20},"end":{"line":73,"column":null}},"48":{"start":{"line":74,"column":8},"end":{"line":74,"column":null}},"49":{"start":{"line":74,"column":30},"end":{"line":74,"column":null}},"50":{"start":{"line":75,"column":8},"end":{"line":75,"column":null}},"51":{"start":{"line":75,"column":28},"end":{"line":75,"column":null}}},"fnMap":{"0":{"name":"openDB","decl":{"start":{"line":11,"column":9},"end":{"line":11,"column":40}},"loc":{"start":{"line":11,"column":40},"end":{"line":23,"column":null}},"line":11},"1":{"name":"(anonymous_1)","decl":{"start":{"line":12,"column":23},"end":{"line":12,"column":24}},"loc":{"start":{"line":12,"column":44},"end":{"line":22,"column":5}},"line":12},"2":{"name":"(anonymous_2)","decl":{"start":{"line":14,"column":30},"end":{"line":14,"column":36}},"loc":{"start":{"line":14,"column":36},"end":{"line":19,"column":null}},"line":14},"3":{"name":"(anonymous_3)","decl":{"start":{"line":20,"column":24},"end":{"line":20,"column":30}},"loc":{"start":{"line":20,"column":30},"end":{"line":20,"column":null}},"line":20},"4":{"name":"(anonymous_4)","decl":{"start":{"line":21,"column":22},"end":{"line":21,"column":28}},"loc":{"start":{"line":21,"column":28},"end":{"line":21,"column":null}},"line":21},"5":{"name":"saveVideoBlob","decl":{"start":{"line":26,"column":22},"end":{"line":26,"column":36}},"loc":{"start":{"line":26,"column":82},"end":{"line":38,"column":null}},"line":26},"6":{"name":"(anonymous_6)","decl":{"start":{"line":29,"column":23},"end":{"line":29,"column":24}},"loc":{"start":{"line":29,"column":44},"end":{"line":37,"column":5}},"line":29},"7":{"name":"(anonymous_7)","decl":{"start":{"line":35,"column":24},"end":{"line":35,"column":30}},"loc":{"start":{"line":35,"column":30},"end":{"line":35,"column":null}},"line":35},"8":{"name":"(anonymous_8)","decl":{"start":{"line":36,"column":21},"end":{"line":36,"column":27}},"loc":{"start":{"line":36,"column":27},"end":{"line":36,"column":null}},"line":36},"9":{"name":"loadVideoBlob","decl":{"start":{"line":41,"column":22},"end":{"line":41,"column":36}},"loc":{"start":{"line":41,"column":79},"end":{"line":55,"column":null}},"line":41},"10":{"name":"(anonymous_10)","decl":{"start":{"line":43,"column":23},"end":{"line":43,"column":24}},"loc":{"start":{"line":43,"column":44},"end":{"line":54,"column":5}},"line":43},"11":{"name":"(anonymous_11)","decl":{"start":{"line":46,"column":24},"end":{"line":46,"column":30}},"loc":{"start":{"line":46,"column":30},"end":{"line":52,"column":null}},"line":46},"12":{"name":"(anonymous_12)","decl":{"start":{"line":53,"column":22},"end":{"line":53,"column":28}},"loc":{"start":{"line":53,"column":28},"end":{"line":53,"column":null}},"line":53},"13":{"name":"deleteVideoBlob","decl":{"start":{"line":58,"column":22},"end":{"line":58,"column":38}},"loc":{"start":{"line":58,"column":72},"end":{"line":66,"column":null}},"line":58},"14":{"name":"(anonymous_14)","decl":{"start":{"line":60,"column":23},"end":{"line":60,"column":24}},"loc":{"start":{"line":60,"column":44},"end":{"line":65,"column":5}},"line":60},"15":{"name":"(anonymous_15)","decl":{"start":{"line":63,"column":24},"end":{"line":63,"column":30}},"loc":{"start":{"line":63,"column":30},"end":{"line":63,"column":null}},"line":63},"16":{"name":"(anonymous_16)","decl":{"start":{"line":64,"column":21},"end":{"line":64,"column":27}},"loc":{"start":{"line":64,"column":27},"end":{"line":64,"column":null}},"line":64},"17":{"name":"hasVideoBlob","decl":{"start":{"line":69,"column":22},"end":{"line":69,"column":35}},"loc":{"start":{"line":69,"column":72},"end":{"line":77,"column":null}},"line":69},"18":{"name":"(anonymous_18)","decl":{"start":{"line":71,"column":23},"end":{"line":71,"column":24}},"loc":{"start":{"line":71,"column":36},"end":{"line":76,"column":5}},"line":71},"19":{"name":"(anonymous_19)","decl":{"start":{"line":74,"column":24},"end":{"line":74,"column":30}},"loc":{"start":{"line":74,"column":30},"end":{"line":74,"column":null}},"line":74},"20":{"name":"(anonymous_20)","decl":{"start":{"line":75,"column":22},"end":{"line":75,"column":28}},"loc":{"start":{"line":75,"column":28},"end":{"line":75,"column":null}},"line":75}},"branchMap":{"0":{"loc":{"start":{"line":16,"column":12},"end":{"line":18,"column":null}},"type":"if","locations":[{"start":{"line":16,"column":12},"end":{"line":18,"column":null}},{"start":{},"end":{}}],"line":16},"1":{"loc":{"start":{"line":48,"column":12},"end":{"line":48,"column":null}},"type":"if","locations":[{"start":{"line":48,"column":12},"end":{"line":48,"column":null}},{"start":{},"end":{}}],"line":48}},"s":{"0":0,"1":0,"2":0,"3":0,"4":0,"5":0,"6":0,"7":0,"8":0,"9":0,"10":0,"11":0,"12":0,"13":0,"14":0,"15":0,"16":0,"17":0,"18":0,"19":0,"20":0,"21":0,"22":0,"23":0,"24":0,"25":0,"26":0,"27":0,"28":0,"29":0,"30":0,"31":0,"32":0,"33":0,"34":0,"35":0,"36":0,"37":0,"38":0,"39":0,"40":0,"41":0,"42":0,"43":0,"44":0,"45":0,"46":0,"47":0,"48":0,"49":0,"50":0,"51":0},"f":{"0":0,"1":0,"2":0,"3":0,"4":0,"5":0,"6":0,"7":0,"8":0,"9":0,"10":0,"11":0,"12":0,"13":0,"14":0,"15":0,"16":0,"17":0,"18":0,"19":0,"20":0},"b":{"0":[0,0],"1":[0,0]},"meta":{"lastBranch":2,"lastFunction":21,"lastStatement":52,"seen":{"s:7:16:7:Infinity":0,"s:8:19:8:Infinity":1,"s:9:19:9:Infinity":2,"f:11:9:11:40":0,"s:12:4:22:Infinity":3,"f:12:23:12:24":1,"s:13:20:13:Infinity":4,"s:14:8:19:Infinity":5,"f:14:30:14:36":2,"s:15:23:15:Infinity":6,"b:16:12:18:Infinity:undefined:undefined:undefined:undefined":0,"s:16:12:18:Infinity":7,"s:17:16:17:Infinity":8,"s:20:8:20:Infinity":9,"f:20:24:20:30":3,"s:20:30:20:Infinity":10,"s:21:8:21:Infinity":11,"f:21:22:21:28":4,"s:21:28:21:Infinity":12,"f:26:22:26:36":5,"s:27:15:27:Infinity":13,"s:28:19:28:Infinity":14,"s:29:4:37:Infinity":15,"f:29:23:29:24":6,"s:30:19:30:Infinity":16,"s:31:8:34:Infinity":17,"s:35:8:35:Infinity":18,"f:35:24:35:30":7,"s:35:30:35:Infinity":19,"s:36:8:36:Infinity":20,"f:36:21:36:27":8,"s:36:27:36:Infinity":21,"f:41:22:41:36":9,"s:42:15:42:Infinity":22,"s:43:4:54:Infinity":23,"f:43:23:43:24":10,"s:44:19:44:Infinity":24,"s:45:20:45:Infinity":25,"s:46:8:52:Infinity":26,"f:46:24:46:30":11,"s:47:25:47:Infinity":27,"b:48:12:48:Infinity:undefined:undefined:undefined:undefined":1,"s:48:12:48:Infinity":28,"s:48:25:48:40":29,"s:48:40:48:48":30,"s:49:25:49:Infinity":31,"s:50:24:50:Infinity":32,"s:51:12:51:Infinity":33,"s:53:8:53:Infinity":34,"f:53:22:53:28":12,"s:53:28:53:Infinity":35,"f:58:22:58:38":13,"s:59:15:59:Infinity":36,"s:60:4:65:Infinity":37,"f:60:23:60:24":14,"s:61:19:61:Infinity":38,"s:62:8:62:Infinity":39,"s:63:8:63:Infinity":40,"f:63:24:63:30":15,"s:63:30:63:Infinity":41,"s:64:8:64:Infinity":42,"f:64:21:64:27":16,"s:64:27:64:Infinity":43,"f:69:22:69:35":17,"s:70:15:70:Infinity":44,"s:71:4:76:Infinity":45,"f:71:23:71:24":18,"s:72:19:72:Infinity":46,"s:73:20:73:Infinity":47,"s:74:8:74:Infinity":48,"f:74:24:74:30":19,"s:74:30:74:Infinity":49,"s:75:8:75:Infinity":50,"f:75:22:75:28":20,"s:75:28:75:Infinity":51}}}
}
