TN:
SF:src/engine/CanvasViewport.ts
FN:15,(anonymous_0)
FN:39,(anonymous_1)
FN:56,(anonymous_2)
FN:60,(anonymous_3)
FN:65,(anonymous_4)
FN:74,(anonymous_5)
FN:78,(anonymous_6)
FN:85,(anonymous_7)
FN:95,(anonymous_8)
FNF:9
FNH:0
FNDA:0,(anonymous_0)
FNDA:0,(anonymous_1)
FNDA:0,(anonymous_2)
FNDA:0,(anonymous_3)
FNDA:0,(anonymous_4)
FNDA:0,(anonymous_5)
FNDA:0,(anonymous_6)
FNDA:0,(anonymous_7)
FNDA:0,(anonymous_8)
DA:16,0
DA:17,0
DA:18,0
DA:21,0
DA:22,0
DA:23,0
DA:26,0
DA:27,0
DA:30,0
DA:31,0
DA:32,0
DA:35,0
DA:40,0
DA:43,0
DA:46,0
DA:49,0
DA:50,0
DA:51,0
DA:57,0
DA:60,0
DA:61,0
DA:62,0
DA:63,0
DA:65,0
DA:66,0
DA:67,0
DA:68,0
DA:75,0
DA:79,0
DA:80,0
DA:81,0
DA:82,0
DA:86,0
DA:87,0
DA:91,0
DA:92,0
DA:96,0
LF:37
LH:0
BRDA:61,0,0,0
BRDA:61,0,1,0
BRDA:66,1,0,0
BRDA:66,1,1,0
BRDA:88,2,0,0
BRDA:88,2,1,0
BRDA:89,3,0,0
BRDA:89,3,1,0
BRF:8
BRH:0
end_of_record
TN:
SF:src/engine/ElementRenderer.ts
FN:12,renderElement
FN:42,renderText
FN:69,renderShape
FN:109,renderButton
FN:143,renderImagePlaceholder
FN:172,renderGroup
FN:195,renderVariant
FN:200,(anonymous_7)
FN:201,(anonymous_8)
FNF:9
FNH:0
FNDA:0,renderElement
FNDA:0,renderText
FNDA:0,renderShape
FNDA:0,renderButton
FNDA:0,renderImagePlaceholder
FNDA:0,renderGroup
FNDA:0,renderVariant
FNDA:0,(anonymous_7)
FNDA:0,(anonymous_8)
DA:17,0
DA:19,0
DA:21,0
DA:23,0
DA:25,0
DA:27,0
DA:29,0
DA:31,0
DA:46,0
DA:59,0
DA:60,0
DA:61,0
DA:62,0
DA:63,0
DA:64,0
DA:65,0
DA:66,0
DA:73,0
DA:75,0
DA:76,0
DA:78,0
DA:79,0
DA:82,0
DA:84,0
DA:85,0
DA:87,0
DA:88,0
DA:90,0
DA:91,0
DA:92,0
DA:94,0
DA:97,0
DA:98,0
DA:100,0
DA:101,0
DA:102,0
DA:103,0
DA:104,0
DA:105,0
DA:106,0
DA:113,0
DA:114,0
DA:115,0
DA:116,0
DA:119,0
DA:120,0
DA:121,0
DA:122,0
DA:123,0
DA:126,0
DA:133,0
DA:134,0
DA:135,0
DA:136,0
DA:138,0
DA:139,0
DA:140,0
DA:148,0
DA:149,0
DA:150,0
DA:151,0
DA:153,0
DA:154,0
DA:155,0
DA:156,0
DA:159,0
DA:160,0
DA:161,0
DA:162,0
DA:163,0
DA:164,0
DA:166,0
DA:167,0
DA:168,0
DA:169,0
DA:178,0
DA:179,0
DA:180,0
DA:181,0
DA:183,0
DA:184,0
DA:187,0
DA:188,0
DA:189,0
DA:196,0
DA:197,0
DA:198,0
DA:200,0
DA:201,0
LF:89
LH:0
BRDA:19,0,0,0
BRDA:19,0,1,0
BRDA:19,0,2,0
BRDA:19,0,3,0
BRDA:19,0,4,0
BRDA:19,0,5,0
BRDA:75,1,0,0
BRDA:75,1,1,0
BRDA:78,2,0,0
BRDA:78,2,1,0
BRDA:79,3,0,0
BRDA:79,3,1,0
BRDA:82,4,0,0
BRDA:82,4,1,0
BRDA:82,4,2,0
BRDA:82,4,3,0
BRDA:84,5,0,0
BRDA:84,5,1,0
BRDA:98,6,0,0
BRDA:98,6,1,0
BRF:20
BRH:0
end_of_record
TN:
SF:src/engine/PixiRenderer.ts
FN:13,(anonymous_0)
FN:18,(anonymous_1)
FN:33,(anonymous_2)
FN:37,(anonymous_3)
FN:41,(anonymous_4)
FN:46,(anonymous_5)
FN:58,(anonymous_6)
FN:68,(anonymous_7)
FN:73,(anonymous_8)
FN:78,(anonymous_9)
FN:114,(anonymous_10)
FNF:11
FNH:0
FNDA:0,(anonymous_0)
FNDA:0,(anonymous_1)
FNDA:0,(anonymous_2)
FNDA:0,(anonymous_3)
FNDA:0,(anonymous_4)
FNDA:0,(anonymous_5)
FNDA:0,(anonymous_6)
FNDA:0,(anonymous_7)
FNDA:0,(anonymous_8)
FNDA:0,(anonymous_9)
FNDA:0,(anonymous_10)
DA:10,0
DA:11,0
DA:14,0
DA:19,0
DA:21,0
DA:29,0
DA:30,0
DA:34,0
DA:38,0
DA:42,0
DA:47,0
DA:48,0
DA:51,0
DA:52,0
DA:53,0
DA:54,0
DA:59,0
DA:60,0
DA:61,0
DA:62,0
DA:63,0
DA:69,0
DA:74,0
DA:79,0
DA:80,0
DA:81,0
DA:82,0
DA:83,0
DA:84,0
DA:86,0
DA:87,0
DA:92,0
DA:93,0
DA:94,0
DA:96,0
DA:97,0
DA:99,0
DA:100,0
DA:101,0
DA:103,0
DA:104,0
DA:105,0
DA:106,0
DA:107,0
DA:108,0
DA:115,0
DA:116,0
DA:118,0
DA:119,0
DA:120,0
DA:121,0
DA:126,0
LF:52
LH:0
BRDA:19,0,0,0
BRDA:19,0,1,0
BRDA:47,1,0,0
BRDA:47,1,1,0
BRDA:60,2,0,0
BRDA:60,2,1,0
BRDA:78,3,0,0
BRDA:78,4,0,0
BRDA:103,5,0,0
BRDA:103,5,1,0
BRDA:119,6,0,0
BRDA:119,6,1,0
BRF:12
BRH:0
end_of_record
TN:
SF:src/engine/SyncEngine.ts
FN:40,(anonymous_0)
FN:52,(anonymous_1)
FN:53,(anonymous_2)
FN:81,(anonymous_3)
FN:139,(anonymous_4)
FN:141,(anonymous_5)
FN:161,(anonymous_6)
FN:180,(anonymous_7)
FN:235,(anonymous_8)
FNF:9
FNH:8
FNDA:1,(anonymous_0)
FNDA:5,(anonymous_1)
FNDA:4,(anonymous_2)
FNDA:5,(anonymous_3)
FNDA:1,(anonymous_4)
FNDA:0,(anonymous_5)
FNDA:1,(anonymous_6)
FNDA:1,(anonymous_7)
FNDA:1,(anonymous_8)
DA:46,5
DA:47,5
DA:48,5
DA:51,5
DA:52,5
DA:53,4
DA:54,5
DA:56,5
DA:58,13
DA:63,8
DA:64,2
DA:65,2
DA:69,6
DA:70,1
DA:71,1
DA:75,5
DA:76,0
DA:77,0
DA:81,5
DA:82,5
DA:86,5
DA:88,0
DA:89,0
DA:99,5
DA:100,13
DA:107,13
DA:110,13
DA:111,0
DA:115,5
DA:116,0
DA:121,0
DA:124,5
DA:132,5
DA:140,0
DA:141,0
DA:143,0
DA:145,0
DA:146,0
DA:148,0
DA:149,0
DA:150,0
DA:151,0
DA:154,0
DA:165,0
DA:166,0
DA:168,0
DA:169,0
DA:170,0
DA:171,0
DA:174,0
DA:184,5
DA:187,5
DA:190,5
DA:191,5
DA:192,5
DA:193,5
DA:196,5
DA:197,5
DA:199,0
DA:200,0
DA:201,0
DA:202,0
DA:203,0
DA:204,0
DA:205,0
DA:206,0
DA:207,0
DA:210,5
DA:211,5
DA:212,5
DA:213,5
DA:214,5
DA:215,5
DA:218,0
DA:219,0
DA:220,0
DA:221,0
DA:222,0
DA:223,0
DA:228,5
DA:244,0
DA:245,0
DA:247,0
DA:248,0
DA:249,0
DA:251,0
DA:252,0
DA:253,0
DA:258,0
DA:259,0
DA:260,0
DA:261,0
DA:262,0
DA:263,0
DA:264,0
DA:266,0
DA:267,0
DA:273,0
DA:274,0
DA:275,0
DA:276,0
DA:277,0
DA:278,0
DA:280,0
DA:281,0
DA:284,0
LF:106
LH:41
BRDA:47,0,0,5
BRDA:47,0,1,0
BRDA:48,1,0,5
BRDA:48,1,1,0
BRDA:58,2,0,5
BRDA:58,2,1,8
BRDA:63,3,0,2
BRDA:63,3,1,6
BRDA:63,4,0,8
BRDA:63,4,1,6
BRDA:69,5,0,1
BRDA:69,5,1,5
BRDA:75,6,0,0
BRDA:75,6,1,5
BRDA:82,7,0,0
BRDA:82,7,1,5
BRDA:86,8,0,0
BRDA:86,8,1,5
BRDA:95,9,0,0
BRDA:95,9,1,0
BRDA:95,9,2,0
BRDA:99,10,0,5
BRDA:99,10,1,5
BRDA:110,11,0,0
BRDA:110,11,1,13
BRDA:115,12,0,0
BRDA:115,12,1,5
BRDA:115,13,0,5
BRDA:115,13,1,0
BRDA:115,13,2,0
BRDA:143,14,0,0
BRDA:143,14,1,0
BRDA:190,15,0,0
BRDA:190,15,1,5
BRDA:191,16,0,0
BRDA:191,16,1,5
BRDA:192,17,0,0
BRDA:192,17,1,5
BRDA:193,18,0,0
BRDA:193,18,1,5
BRDA:196,19,0,5
BRDA:196,19,1,0
BRDA:197,20,0,0
BRDA:197,20,1,5
BRDA:197,20,2,0
BRDA:200,21,0,0
BRDA:200,21,1,0
BRDA:201,22,0,0
BRDA:201,22,1,0
BRDA:202,23,0,0
BRDA:202,23,1,0
BRDA:203,24,0,0
BRDA:203,24,1,0
BRDA:204,25,0,0
BRDA:204,25,1,0
BRDA:205,26,0,0
BRDA:205,26,1,0
BRDA:206,27,0,0
BRDA:206,27,1,0
BRDA:211,28,0,0
BRDA:211,28,1,5
BRDA:212,29,0,0
BRDA:212,29,1,5
BRDA:213,30,0,0
BRDA:213,30,1,5
BRDA:214,31,0,0
BRDA:214,31,1,5
BRDA:219,32,0,0
BRDA:219,32,1,0
BRDA:220,33,0,0
BRDA:220,33,1,0
BRDA:221,34,0,0
BRDA:221,34,1,0
BRDA:222,35,0,0
BRDA:222,35,1,0
BRDA:258,36,0,0
BRDA:258,36,1,0
BRDA:258,37,0,0
BRDA:258,37,1,0
BRDA:262,38,0,0
BRDA:262,38,1,0
BRDA:273,39,0,0
BRDA:273,39,1,0
BRDA:273,40,0,0
BRDA:273,40,1,0
BRDA:276,41,0,0
BRDA:276,41,1,0
BRF:87
BRH:28
end_of_record
TN:
SF:src/engine/adNetworkValidator.ts
FN:108,validateForNetwork
FN:131,(anonymous_1)
FN:137,(anonymous_2)
FN:193,(anonymous_3)
FN:209,validateAllNetworks
FN:210,(anonymous_5)
FN:216,getNetworkSpec
FNF:7
FNH:7
FNDA:13,validateForNetwork
FNDA:30,(anonymous_1)
FNDA:10,(anonymous_2)
FNDA:7,(anonymous_3)
FNDA:1,validateAllNetworks
FNDA:4,(anonymous_5)
FNDA:1,getNetworkSpec
DA:39,1
DA:109,13
DA:110,13
DA:111,13
DA:114,13
DA:115,13
DA:116,2
DA:122,11
DA:123,1
DA:131,30
DA:132,13
DA:133,2
DA:137,10
DA:142,13
DA:143,1
DA:152,13
DA:153,1
DA:162,13
DA:163,1
DA:172,13
DA:173,0
DA:182,13
DA:183,0
DA:184,0
DA:193,13
DA:194,13
DA:195,13
DA:197,13
DA:210,4
DA:217,1
LF:30
LH:27
BRDA:115,0,0,2
BRDA:115,0,1,11
BRDA:122,1,0,1
BRDA:122,1,1,10
BRDA:131,2,0,30
BRDA:131,2,1,11
BRDA:132,3,0,2
BRDA:132,3,1,11
BRDA:142,4,0,1
BRDA:142,4,1,12
BRDA:152,5,0,1
BRDA:152,5,1,12
BRDA:152,6,0,13
BRDA:152,6,1,11
BRDA:162,7,0,1
BRDA:162,7,1,12
BRDA:162,8,0,13
BRDA:162,8,1,11
BRDA:172,9,0,0
BRDA:172,9,1,13
BRDA:172,10,0,13
BRDA:172,10,1,11
BRDA:182,11,0,0
BRDA:182,11,1,13
BRDA:183,12,0,0
BRDA:183,12,1,0
BRF:26
BRH:22
end_of_record
TN:
SF:src/engine/bannerRoleResolver.ts
FN:53,(anonymous_0)
FN:68,(anonymous_1)
FN:83,(anonymous_2)
FN:99,(anonymous_3)
FN:109,(anonymous_4)
FN:118,(anonymous_5)
FN:125,(anonymous_6)
FN:140,(anonymous_7)
FN:154,(anonymous_8)
FN:159,(anonymous_9)
FN:180,resolveRoleDefaults
FN:251,resolveAllRoleDefaults
FN:272,getRoleTypographyHint
FNF:13
FNH:0
FNDA:0,(anonymous_0)
FNDA:0,(anonymous_1)
FNDA:0,(anonymous_2)
FNDA:0,(anonymous_3)
FNDA:0,(anonymous_4)
FNDA:0,(anonymous_5)
FNDA:0,(anonymous_6)
FNDA:0,(anonymous_7)
FNDA:0,(anonymous_8)
FNDA:0,(anonymous_9)
FNDA:0,resolveRoleDefaults
FNDA:0,resolveAllRoleDefaults
FNDA:0,getRoleTypographyHint
DA:50,0
DA:53,0
DA:54,0
DA:55,0
DA:56,0
DA:57,0
DA:68,0
DA:69,0
DA:70,0
DA:71,0
DA:72,0
DA:83,0
DA:84,0
DA:85,0
DA:86,0
DA:87,0
DA:88,0
DA:99,0
DA:100,0
DA:101,0
DA:109,0
DA:118,0
DA:125,0
DA:126,0
DA:127,0
DA:128,0
DA:140,0
DA:141,0
DA:142,0
DA:143,0
DA:144,0
DA:154,0
DA:159,0
DA:160,0
DA:161,0
DA:162,0
DA:185,0
DA:187,0
DA:188,0
DA:190,0
DA:191,0
DA:194,0
DA:197,0
DA:198,0
DA:199,0
DA:200,0
DA:202,0
DA:203,0
DA:205,0
DA:206,0
DA:208,0
DA:209,0
DA:211,0
DA:212,0
DA:217,0
DA:218,0
DA:219,0
DA:220,0
DA:222,0
DA:223,0
DA:225,0
DA:226,0
DA:231,0
DA:232,0
DA:233,0
DA:234,0
DA:239,0
DA:240,0
DA:243,0
DA:256,0
DA:258,0
DA:259,0
DA:260,0
DA:261,0
DA:265,0
DA:277,0
DA:278,0
DA:280,0
DA:289,0
DA:290,0
DA:292,0
DA:293,0
DA:297,0
LF:83
LH:0
BRDA:55,0,0,0
BRDA:55,0,1,0
BRDA:60,1,0,0
BRDA:60,1,1,0
BRDA:70,2,0,0
BRDA:70,2,1,0
BRDA:75,3,0,0
BRDA:75,3,1,0
BRDA:85,4,0,0
BRDA:85,4,1,0
BRDA:93,5,0,0
BRDA:93,5,1,0
BRDA:119,6,0,0
BRDA:119,6,1,0
BRDA:120,7,0,0
BRDA:120,7,1,0
BRDA:127,8,0,0
BRDA:127,8,1,0
BRDA:142,9,0,0
BRDA:142,9,1,0
BRDA:161,10,0,0
BRDA:161,10,1,0
BRDA:185,11,0,0
BRDA:185,11,1,0
BRDA:188,12,0,0
BRDA:188,12,1,0
BRDA:197,13,0,0
BRDA:197,13,1,0
BRDA:199,14,0,0
BRDA:199,14,1,0
BRDA:199,15,0,0
BRDA:199,15,1,0
BRDA:202,16,0,0
BRDA:202,16,1,0
BRDA:202,17,0,0
BRDA:202,17,1,0
BRDA:205,18,0,0
BRDA:205,18,1,0
BRDA:205,19,0,0
BRDA:205,19,1,0
BRDA:208,20,0,0
BRDA:208,20,1,0
BRDA:208,21,0,0
BRDA:208,21,1,0
BRDA:211,22,0,0
BRDA:211,22,1,0
BRDA:211,23,0,0
BRDA:211,23,1,0
BRDA:217,24,0,0
BRDA:217,24,1,0
BRDA:219,25,0,0
BRDA:219,25,1,0
BRDA:219,26,0,0
BRDA:219,26,1,0
BRDA:222,27,0,0
BRDA:222,27,1,0
BRDA:222,28,0,0
BRDA:222,28,1,0
BRDA:225,29,0,0
BRDA:225,29,1,0
BRDA:225,30,0,0
BRDA:225,30,1,0
BRDA:231,31,0,0
BRDA:231,31,1,0
BRDA:233,32,0,0
BRDA:233,32,1,0
BRDA:233,33,0,0
BRDA:233,33,1,0
BRDA:239,34,0,0
BRDA:239,34,1,0
BRDA:239,35,0,0
BRDA:239,35,1,0
BRDA:243,36,0,0
BRDA:243,36,1,0
BRDA:260,37,0,0
BRDA:260,37,1,0
BRDA:278,38,0,0
BRDA:278,38,1,0
BRDA:290,39,0,0
BRDA:290,39,1,0
BRDA:297,40,0,0
BRDA:297,40,1,0
BRF:82
BRH:0
end_of_record
TN:
SF:src/engine/batchExporter.ts
FN:37,batchExportHtml5
FN:76,createBatchZip
FN:79,(anonymous_2)
FN:96,downloadBatchItems
FNF:4
FNH:1
FNDA:6,batchExportHtml5
FNDA:0,createBatchZip
FNDA:0,(anonymous_2)
FNDA:0,downloadBatchItems
DA:42,6
DA:43,6
DA:45,6
DA:46,7
DA:47,7
DA:48,7
DA:59,7
DA:65,7
DA:68,6
DA:79,0
DA:87,0
DA:88,0
DA:90,0
DA:97,0
DA:98,0
DA:99,0
DA:100,0
DA:101,0
DA:102,0
DA:103,0
DA:104,0
DA:105,0
LF:22
LH:9
BRDA:51,0,0,7
BRDA:51,0,1,7
BRDA:52,1,0,7
BRDA:52,1,1,6
BRDA:53,2,0,7
BRDA:53,2,1,0
BRDA:54,3,0,7
BRDA:54,3,1,7
BRDA:55,4,0,7
BRDA:55,4,1,7
BRF:10
BRH:9
end_of_record
TN:
SF:src/engine/brandCompliance.ts
FN:31,hexToRgb
FN:41,colorDistance
FN:49,isColorClose
FN:56,rgbToHex
FN:57,(anonymous_4)
FN:63,checkBrandCompliance
FN:93,(anonymous_6)
FN:101,(anonymous_7)
FN:110,(anonymous_8)
FN:130,(anonymous_9)
FN:141,(anonymous_10)
FN:168,(anonymous_11)
FN:171,(anonymous_12)
FN:180,(anonymous_13)
FN:186,(anonymous_14)
FN:187,(anonymous_15)
FN:204,autoFixViolations
FNF:17
FNH:15
FNDA:45,hexToRgb
FNDA:22,colorDistance
FNDA:22,isColorClose
FNDA:5,rgbToHex
FNDA:15,(anonymous_4)
FNDA:7,checkBrandCompliance
FNDA:5,(anonymous_6)
FNDA:1,(anonymous_7)
FNDA:17,(anonymous_8)
FNDA:0,(anonymous_9)
FNDA:0,(anonymous_10)
FNDA:5,(anonymous_11)
FNDA:1,(anonymous_12)
FNDA:5,(anonymous_13)
FNDA:5,(anonymous_14)
FNDA:5,(anonymous_15)
FNDA:1,autoFixViolations
DA:32,45
DA:33,45
DA:34,45
DA:42,22
DA:50,22
DA:51,22
DA:52,22
DA:53,22
DA:57,15
DA:58,5
DA:67,7
DA:68,7
DA:70,7
DA:71,7
DA:72,7
DA:75,7
DA:84,7
DA:85,5
DA:86,5
DA:93,5
DA:94,5
DA:95,2
DA:102,1
DA:103,1
DA:104,1
DA:110,17
DA:111,5
DA:112,3
DA:124,7
DA:125,5
DA:126,0
DA:127,0
DA:129,0
DA:130,0
DA:131,0
DA:134,0
DA:135,0
DA:141,0
DA:148,7
DA:149,5
DA:150,0
DA:151,0
DA:153,0
DA:154,0
DA:155,0
DA:168,7
DA:169,5
DA:171,7
DA:172,1
DA:176,7
DA:177,0
DA:180,7
DA:181,7
DA:182,7
DA:186,7
DA:187,7
DA:188,7
DA:191,7
DA:192,2
DA:193,0
DA:194,0
DA:195,0
DA:197,7
DA:207,1
DA:208,1
DA:209,2
DA:210,1
DA:213,1
LF:68
LH:51
BRDA:33,0,0,0
BRDA:33,0,1,45
BRDA:49,1,0,22
BRDA:52,2,0,0
BRDA:52,2,1,22
BRDA:52,3,0,22
BRDA:52,3,1,22
BRDA:85,4,0,5
BRDA:85,4,1,0
BRDA:85,5,0,5
BRDA:85,5,1,0
BRDA:85,5,2,0
BRDA:94,6,0,2
BRDA:94,6,1,3
BRDA:103,7,0,0
BRDA:103,7,1,1
BRDA:111,8,0,3
BRDA:111,8,1,2
BRDA:125,9,0,0
BRDA:125,9,1,5
BRDA:127,10,0,0
BRDA:127,10,1,0
BRDA:134,11,0,0
BRDA:134,11,1,0
BRDA:134,12,0,0
BRDA:134,12,1,0
BRDA:149,13,0,0
BRDA:149,13,1,5
BRDA:151,14,0,0
BRDA:151,14,1,0
BRDA:154,15,0,0
BRDA:154,15,1,0
BRDA:169,16,0,5
BRDA:169,16,1,5
BRDA:171,17,0,1
BRDA:171,17,1,6
BRDA:171,18,0,7
BRDA:171,18,1,7
BRDA:176,19,0,0
BRDA:176,19,1,7
BRDA:181,20,0,7
BRDA:181,20,1,0
BRDA:191,21,0,5
BRDA:191,21,1,2
BRDA:191,22,0,2
BRDA:191,22,1,0
BRDA:192,23,0,0
BRDA:192,23,1,0
BRDA:193,24,0,0
BRDA:193,24,1,0
BRDA:209,25,0,1
BRDA:209,25,1,1
BRDA:209,26,0,2
BRDA:209,26,1,1
BRF:54
BRH:29
end_of_record
TN:
SF:src/engine/brandPalette.ts
FN:35,hexToRgb
FN:44,rgbToHex
FN:45,(anonymous_2)
FN:50,srgbToLinear
FN:55,linearToSrgb
FN:61,rgbToOklch
FN:86,oklchToRgb
FN:113,oklchToHex
FN:120,luminance
FN:124,wcagContrast
FN:136,rotateHue
FN:140,adjustLightness
FN:153,generateBrandPalette
FN:212,autoSelectHarmony
FN:221,computeHarmony
FN:237,paletteToPromptSection
FNF:16
FNH:15
FNDA:70,hexToRgb
FNDA:57,rgbToHex
FNDA:171,(anonymous_2)
FNDA:210,srgbToLinear
FNDA:171,linearToSrgb
FNDA:14,rgbToOklch
FNDA:57,oklchToRgb
FNDA:57,oklchToHex
FNDA:56,luminance
FNDA:28,wcagContrast
FNDA:28,rotateHue
FNDA:14,adjustLightness
FNDA:14,generateBrandPalette
FNDA:10,autoSelectHarmony
FNDA:14,computeHarmony
FNDA:0,paletteToPromptSection
DA:36,70
DA:37,70
DA:45,171
DA:46,57
DA:51,210
DA:52,210
DA:56,171
DA:57,171
DA:62,14
DA:63,14
DA:64,14
DA:67,14
DA:68,14
DA:69,14
DA:71,14
DA:72,14
DA:73,14
DA:75,14
DA:76,14
DA:77,14
DA:79,14
DA:80,14
DA:81,14
DA:83,14
DA:87,57
DA:88,57
DA:89,57
DA:90,57
DA:93,57
DA:94,57
DA:95,57
DA:97,57
DA:98,57
DA:99,57
DA:102,57
DA:103,57
DA:104,57
DA:106,57
DA:114,57
DA:115,57
DA:121,56
DA:125,28
DA:126,28
DA:127,28
DA:128,28
DA:129,28
DA:130,28
DA:131,28
DA:137,28
DA:141,14
DA:157,14
DA:158,14
DA:161,14
DA:164,14
DA:165,14
DA:168,14
DA:171,14
DA:174,14
DA:177,14
DA:178,14
DA:181,14
DA:183,14
DA:184,0
DA:188,14
DA:189,14
DA:190,14
DA:193,14
DA:194,1
DA:195,1
DA:198,14
DA:213,10
DA:214,3
DA:215,3
DA:222,14
DA:224,8
DA:226,1
DA:228,4
DA:230,1
DA:238,0
LF:79
LH:77
BRDA:38,0,0,70
BRDA:38,0,1,4
BRDA:39,1,0,70
BRDA:39,1,1,14
BRDA:40,2,0,70
BRDA:40,2,1,13
BRDA:52,3,0,41
BRDA:52,3,1,169
BRDA:56,4,0,38
BRDA:56,4,1,133
BRDA:81,5,0,2
BRDA:81,5,1,12
BRDA:161,6,0,14
BRDA:161,6,1,10
BRDA:171,7,0,2
BRDA:171,7,1,12
BRDA:177,8,0,2
BRDA:177,8,1,12
BRDA:181,9,0,2
BRDA:181,9,1,12
BRDA:183,10,0,0
BRDA:183,10,1,14
BRDA:184,11,0,0
BRDA:184,11,1,0
BRDA:193,12,0,1
BRDA:193,12,1,13
BRDA:194,13,0,0
BRDA:194,13,1,1
BRDA:213,14,0,7
BRDA:213,14,1,3
BRDA:214,15,0,0
BRDA:214,15,1,3
BRDA:222,16,0,8
BRDA:222,16,1,1
BRDA:222,16,2,4
BRDA:222,16,3,1
BRF:36
BRH:31
end_of_record
TN:
SF:src/engine/designHeuristics.ts
FN:20,hexToRgb
FN:30,relativeLuminance
FN:31,(anonymous_2)
FN:37,contrastRatio
FN:58,runDesignHeuristics
FN:86,checkSafeZone
FN:145,checkCTAContrast
FN:188,checkTextOverflow
FN:225,findBackgroundColor
FN:227,(anonymous_9)
FN:232,(anonymous_10)
FN:233,(anonymous_11)
FNF:12
FNH:0
FNDA:0,hexToRgb
FNDA:0,relativeLuminance
FNDA:0,(anonymous_2)
FNDA:0,contrastRatio
FNDA:0,runDesignHeuristics
FNDA:0,checkSafeZone
FNDA:0,checkCTAContrast
FNDA:0,checkTextOverflow
FNDA:0,findBackgroundColor
FNDA:0,(anonymous_9)
FNDA:0,(anonymous_10)
FNDA:0,(anonymous_11)
DA:21,0
DA:22,0
DA:23,0
DA:31,0
DA:32,0
DA:34,0
DA:38,0
DA:39,0
DA:40,0
DA:41,0
DA:42,0
DA:43,0
DA:44,0
DA:45,0
DA:50,0
DA:59,0
DA:60,0
DA:61,0
DA:64,0
DA:66,0
DA:68,0
DA:71,0
DA:72,0
DA:76,0
DA:77,0
DA:81,0
DA:93,0
DA:95,0
DA:96,0
DA:98,0
DA:99,0
DA:100,0
DA:103,0
DA:104,0
DA:105,0
DA:108,0
DA:109,0
DA:110,0
DA:113,0
DA:114,0
DA:115,0
DA:118,0
DA:119,0
DA:120,0
DA:123,0
DA:124,0
DA:140,0
DA:150,0
DA:153,0
DA:154,0
DA:156,0
DA:157,0
DA:160,0
DA:171,0
DA:172,0
DA:173,0
DA:183,0
DA:194,0
DA:195,0
DA:198,0
DA:200,0
DA:202,0
DA:203,0
DA:208,0
DA:209,0
DA:220,0
DA:227,0
DA:228,0
DA:231,0
DA:232,0
DA:234,0
DA:235,0
DA:236,0
DA:238,0
DA:241,0
LF:75
LH:0
BRDA:22,0,0,0
BRDA:22,0,1,0
BRDA:22,1,0,0
BRDA:22,1,1,0
BRDA:22,1,2,0
BRDA:22,1,3,0
BRDA:32,2,0,0
BRDA:32,2,1,0
BRDA:40,3,0,0
BRDA:40,3,1,0
BRDA:40,4,0,0
BRDA:40,4,1,0
BRDA:71,5,0,0
BRDA:71,5,1,0
BRDA:71,6,0,0
BRDA:71,6,1,0
BRDA:76,7,0,0
BRDA:76,7,1,0
BRDA:93,8,0,0
BRDA:93,8,1,0
BRDA:103,9,0,0
BRDA:103,9,1,0
BRDA:108,10,0,0
BRDA:108,10,1,0
BRDA:113,11,0,0
BRDA:113,11,1,0
BRDA:118,12,0,0
BRDA:118,12,1,0
BRDA:123,13,0,0
BRDA:123,13,1,0
BRDA:154,14,0,0
BRDA:154,14,1,0
BRDA:157,15,0,0
BRDA:157,15,1,0
BRDA:166,16,0,0
BRDA:166,16,1,0
BRDA:172,17,0,0
BRDA:172,17,1,0
BRDA:200,18,0,0
BRDA:200,18,1,0
BRDA:208,19,0,0
BRDA:208,19,1,0
BRDA:227,20,0,0
BRDA:227,20,1,0
BRDA:228,21,0,0
BRDA:228,21,1,0
BRDA:238,22,0,0
BRDA:238,22,1,0
BRF:48
BRH:0
end_of_record
TN:
SF:src/engine/elementConverters.ts
FN:20,cacheGradientData
FN:24,clearGradientCache
FN:34,absoluteToConstraints
FN:95,constraintsToAbsolute
FN:132,rgbFloatToHex
FN:133,(anonymous_5)
FN:137,hexToRgbFloat
FN:153,resolveFontWeight
FN:172,nodeTypeToShapeType
FN:177,getAnimationForElement
FN:185,engineNodeToShapeElement
FN:227,engineNodeToTextElement
FN:260,engineNodeToImageElement
FN:285,overlayToDesignElement
FNF:14
FNH:7
FNDA:0,cacheGradientData
FNDA:0,clearGradientCache
FNDA:16,absoluteToConstraints
FNDA:3,constraintsToAbsolute
FNDA:8,rgbFloatToHex
FNDA:24,(anonymous_5)
FNDA:6,hexToRgbFloat
FNDA:23,resolveFontWeight
FNDA:0,nodeTypeToShapeType
FNDA:13,getAnimationForElement
FNDA:0,engineNodeToShapeElement
FNDA:0,engineNodeToTextElement
FNDA:0,engineNodeToImageElement
FNDA:0,overlayToDesignElement
DA:17,3
DA:21,0
DA:25,0
DA:38,16
DA:39,16
DA:40,16
DA:41,16
DA:47,16
DA:48,16
DA:57,16
DA:58,2
DA:59,14
DA:60,4
DA:61,10
DA:62,10
DA:64,0
DA:68,16
DA:69,3
DA:70,13
DA:71,2
DA:72,11
DA:73,11
DA:75,0
DA:79,16
DA:80,2
DA:81,14
DA:82,0
DA:83,14
DA:84,1
DA:86,13
DA:89,16
DA:100,3
DA:101,3
DA:104,3
DA:105,1
DA:106,2
DA:107,0
DA:109,0
DA:110,0
DA:111,0
DA:112,0
DA:116,3
DA:117,1
DA:118,2
DA:119,0
DA:121,0
DA:122,0
DA:123,0
DA:124,0
DA:127,3
DA:133,24
DA:134,8
DA:138,6
DA:139,6
DA:140,6
DA:141,6
DA:142,6
DA:154,23
DA:155,20
DA:156,18
DA:157,18
DA:159,14
DA:160,14
DA:161,11
DA:162,10
DA:163,9
DA:164,6
DA:165,5
DA:166,4
DA:167,3
DA:168,2
DA:173,0
DA:174,0
DA:178,13
DA:179,13
DA:180,0
DA:190,0
DA:191,0
DA:193,0
DA:194,0
DA:195,0
DA:196,0
DA:197,0
DA:198,0
DA:201,0
DA:204,0
DA:205,0
DA:206,0
DA:208,0
DA:232,0
DA:233,0
DA:235,0
DA:265,0
DA:266,0
DA:268,0
DA:292,0
DA:293,0
DA:294,0
DA:295,0
DA:296,0
DA:297,0
DA:299,0
DA:300,0
DA:324,0
DA:325,0
DA:343,0
LF:106
LH:58
BRDA:57,0,0,2
BRDA:57,0,1,14
BRDA:59,1,0,4
BRDA:59,1,1,10
BRDA:59,2,0,14
BRDA:59,2,1,4
BRDA:61,3,0,10
BRDA:61,3,1,0
BRDA:68,4,0,3
BRDA:68,4,1,13
BRDA:70,5,0,2
BRDA:70,5,1,11
BRDA:70,6,0,13
BRDA:70,6,1,2
BRDA:72,7,0,11
BRDA:72,7,1,0
BRDA:79,8,0,2
BRDA:79,8,1,14
BRDA:79,9,0,16
BRDA:79,9,1,2
BRDA:81,10,0,0
BRDA:81,10,1,14
BRDA:83,11,0,1
BRDA:83,11,1,13
BRDA:100,12,0,1
BRDA:100,12,1,2
BRDA:101,13,0,1
BRDA:101,13,1,2
BRDA:104,14,0,1
BRDA:104,14,1,2
BRDA:104,14,2,0
BRDA:104,14,3,0
BRDA:104,14,4,0
BRDA:105,15,0,1
BRDA:105,15,1,0
BRDA:106,16,0,2
BRDA:106,16,1,0
BRDA:107,17,0,0
BRDA:107,17,1,0
BRDA:109,18,0,0
BRDA:109,18,1,0
BRDA:110,19,0,0
BRDA:110,19,1,0
BRDA:110,20,0,0
BRDA:110,20,1,0
BRDA:116,21,0,1
BRDA:116,21,1,2
BRDA:116,21,2,0
BRDA:116,21,3,0
BRDA:116,21,4,0
BRDA:117,22,0,1
BRDA:117,22,1,0
BRDA:118,23,0,2
BRDA:118,23,1,0
BRDA:119,24,0,0
BRDA:119,24,1,0
BRDA:121,25,0,0
BRDA:121,25,1,0
BRDA:122,26,0,0
BRDA:122,26,1,0
BRDA:122,27,0,0
BRDA:122,27,1,0
BRDA:154,28,0,3
BRDA:154,28,1,20
BRDA:154,29,0,23
BRDA:154,29,1,22
BRDA:155,30,0,2
BRDA:155,30,1,18
BRDA:157,31,0,4
BRDA:157,31,1,14
BRDA:160,32,0,3
BRDA:160,32,1,11
BRDA:161,33,0,1
BRDA:161,33,1,10
BRDA:162,34,0,1
BRDA:162,34,1,9
BRDA:163,35,0,3
BRDA:163,35,1,6
BRDA:163,36,0,9
BRDA:163,36,1,8
BRDA:163,36,2,7
BRDA:164,37,0,1
BRDA:164,37,1,5
BRDA:165,38,0,1
BRDA:165,38,1,4
BRDA:165,39,0,5
BRDA:165,39,1,4
BRDA:166,40,0,1
BRDA:166,40,1,3
BRDA:166,41,0,4
BRDA:166,41,1,3
BRDA:167,42,0,1
BRDA:167,42,1,2
BRDA:167,43,0,3
BRDA:167,43,1,2
BRDA:173,44,0,0
BRDA:173,44,1,0
BRDA:179,45,0,13
BRDA:179,45,1,0
BRDA:179,46,0,13
BRDA:179,46,1,0
BRDA:191,47,0,0
BRDA:191,47,1,0
BRDA:191,48,0,0
BRDA:191,48,1,0
BRDA:191,49,0,0
BRDA:191,49,1,0
BRDA:194,50,0,0
BRDA:194,50,1,0
BRDA:195,51,0,0
BRDA:195,51,1,0
BRDA:196,52,0,0
BRDA:196,52,1,0
BRDA:196,53,0,0
BRDA:196,53,1,0
BRDA:197,54,0,0
BRDA:197,54,1,0
BRDA:204,55,0,0
BRDA:204,55,1,0
BRDA:204,55,2,0
BRDA:205,56,0,0
BRDA:205,56,1,0
BRDA:205,56,2,0
BRDA:206,57,0,0
BRDA:206,57,1,0
BRDA:206,57,2,0
BRDA:218,58,0,0
BRDA:218,58,1,0
BRDA:221,59,0,0
BRDA:221,59,1,0
BRDA:222,60,0,0
BRDA:222,60,1,0
BRDA:237,61,0,0
BRDA:237,61,1,0
BRDA:240,62,0,0
BRDA:240,62,1,0
BRDA:241,63,0,0
BRDA:241,63,1,0
BRDA:242,64,0,0
BRDA:242,64,1,0
BRDA:246,65,0,0
BRDA:246,65,1,0
BRDA:247,66,0,0
BRDA:247,66,1,0
BRDA:248,67,0,0
BRDA:248,67,1,0
BRDA:249,68,0,0
BRDA:249,68,1,0
BRDA:250,69,0,0
BRDA:250,69,1,0
BRDA:252,70,0,0
BRDA:252,70,1,0
BRDA:255,71,0,0
BRDA:255,71,1,0
BRDA:270,72,0,0
BRDA:270,72,1,0
BRDA:273,73,0,0
BRDA:273,73,1,0
BRDA:274,74,0,0
BRDA:274,74,1,0
BRDA:277,75,0,0
BRDA:277,75,1,0
BRDA:280,76,0,0
BRDA:280,76,1,0
BRDA:299,77,0,0
BRDA:299,77,1,0
BRDA:302,78,0,0
BRDA:302,78,1,0
BRDA:305,79,0,0
BRDA:305,79,1,0
BRDA:306,80,0,0
BRDA:306,80,1,0
BRDA:307,81,0,0
BRDA:307,81,1,0
BRDA:310,82,0,0
BRDA:310,82,1,0
BRDA:311,83,0,0
BRDA:311,83,1,0
BRDA:312,84,0,0
BRDA:312,84,1,0
BRDA:313,85,0,0
BRDA:313,85,1,0
BRDA:314,86,0,0
BRDA:314,86,1,0
BRDA:316,87,0,0
BRDA:316,87,1,0
BRDA:318,88,0,0
BRDA:318,88,1,0
BRDA:319,89,0,0
BRDA:319,89,1,0
BRDA:324,90,0,0
BRDA:324,90,1,0
BRDA:327,91,0,0
BRDA:327,91,1,0
BRDA:330,92,0,0
BRDA:330,92,1,0
BRDA:331,93,0,0
BRDA:331,93,1,0
BRDA:334,94,0,0
BRDA:334,94,1,0
BRDA:336,95,0,0
BRDA:336,95,1,0
BRDA:337,96,0,0
BRDA:337,96,1,0
BRDA:345,97,0,0
BRDA:345,97,1,0
BRDA:354,98,0,0
BRDA:354,98,1,0
BRDA:355,99,0,0
BRDA:355,99,1,0
BRDA:356,100,0,0
BRDA:356,100,1,0
BRDA:357,101,0,0
BRDA:357,101,1,0
BRDA:358,102,0,0
BRDA:358,102,1,0
BRDA:361,103,0,0
BRDA:361,103,1,0
BRDA:362,104,0,0
BRDA:362,104,1,0
BRF:220
BRH:68
end_of_record
TN:
SF:src/engine/fabricSerializer.ts
FN:72,fabricJsonToElements
FN:200,(anonymous_1)
FNF:2
FNH:2
FNDA:15,fabricJsonToElements
FNDA:4,(anonymous_1)
DA:78,15
DA:79,15
DA:81,1
DA:82,1
DA:85,14
DA:87,14
DA:89,15
DA:91,13
DA:92,15
DA:93,15
DA:94,15
DA:97,15
DA:98,15
DA:99,15
DA:100,15
DA:102,15
DA:103,15
DA:104,15
DA:106,15
DA:108,3
DA:109,3
DA:130,3
DA:132,10
DA:134,1
DA:149,1
DA:153,9
DA:158,9
DA:159,9
DA:160,0
DA:161,0
DA:162,0
DA:163,0
DA:164,0
DA:165,0
DA:170,9
DA:171,1
DA:172,1
DA:173,1
DA:174,1
DA:177,9
DA:178,9
DA:180,9
DA:195,9
DA:200,14
DA:201,14
LF:45
LH:39
BRDA:89,0,0,2
BRDA:89,0,1,13
BRDA:89,1,0,15
BRDA:89,1,1,14
BRDA:91,2,0,13
BRDA:91,2,1,0
BRDA:92,3,0,15
BRDA:92,3,1,0
BRDA:93,4,0,15
BRDA:93,4,1,5
BRDA:94,5,0,15
BRDA:94,5,1,1
BRDA:97,6,0,15
BRDA:97,6,1,1
BRDA:98,7,0,15
BRDA:98,7,1,1
BRDA:99,8,0,15
BRDA:99,8,1,1
BRDA:99,9,0,15
BRDA:99,9,1,1
BRDA:100,10,0,15
BRDA:100,10,1,1
BRDA:100,11,0,15
BRDA:100,11,1,1
BRDA:106,12,0,3
BRDA:106,12,1,10
BRDA:106,13,0,15
BRDA:106,13,1,10
BRDA:108,14,0,2
BRDA:108,14,1,1
BRDA:118,15,0,3
BRDA:118,15,1,1
BRDA:119,16,0,3
BRDA:119,16,1,2
BRDA:120,17,0,3
BRDA:120,17,1,2
BRDA:122,18,0,1
BRDA:122,18,1,2
BRDA:124,19,0,3
BRDA:124,19,1,2
BRDA:125,20,0,3
BRDA:125,20,1,2
BRDA:126,21,0,3
BRDA:126,21,1,2
BRDA:128,22,0,0
BRDA:128,22,1,3
BRDA:132,23,0,1
BRDA:132,23,1,9
BRDA:143,24,0,1
BRDA:143,24,1,0
BRDA:147,25,0,0
BRDA:147,25,1,1
BRDA:158,26,0,9
BRDA:158,26,1,0
BRDA:160,27,0,0
BRDA:160,27,1,0
BRDA:160,28,0,0
BRDA:160,28,1,0
BRDA:162,29,0,0
BRDA:162,29,1,0
BRDA:162,30,0,0
BRDA:162,30,1,0
BRDA:165,31,0,0
BRDA:165,31,1,0
BRDA:170,32,0,1
BRDA:170,32,1,8
BRDA:174,33,0,1
BRDA:174,33,1,0
BRDA:178,34,0,1
BRDA:178,34,1,8
BRDA:191,35,0,9
BRDA:191,35,1,8
BRDA:192,36,0,1
BRDA:192,36,1,8
BRDA:193,37,0,0
BRDA:193,37,1,9
BRF:76
BRH:58
end_of_record
TN:
SF:src/engine/gifExporter.ts
FN:41,exportToGif
FN:78,(anonymous_1)
FN:107,downloadGif
FN:123,encodeGif
FN:208,buildPalette
FN:228,quantizeFrame
FN:241,findNearest
FN:256,lzwEncode
FN:273,writeBits
FN:322,writeU16
FN:326,writeString
FNF:11
FNH:0
FNDA:0,exportToGif
FNDA:0,(anonymous_1)
FNDA:0,downloadGif
FNDA:0,encodeGif
FNDA:0,buildPalette
FNDA:0,quantizeFrame
FNDA:0,findNearest
FNDA:0,lzwEncode
FNDA:0,writeBits
FNDA:0,writeU16
FNDA:0,writeString
DA:55,0
DA:57,0
DA:58,0
DA:59,0
DA:62,0
DA:63,0
DA:64,0
DA:65,0
DA:68,0
DA:69,0
DA:72,0
DA:73,0
DA:74,0
DA:78,0
DA:81,0
DA:82,0
DA:83,0
DA:84,0
DA:86,0
DA:90,0
DA:93,0
DA:94,0
DA:96,0
DA:98,0
DA:108,0
DA:109,0
DA:110,0
DA:111,0
DA:112,0
DA:113,0
DA:114,0
DA:115,0
DA:131,0
DA:134,0
DA:135,0
DA:136,0
DA:138,0
DA:141,0
DA:144,0
DA:145,0
DA:146,0
DA:147,0
DA:148,0
DA:151,0
DA:152,0
DA:153,0
DA:154,0
DA:156,0
DA:161,0
DA:162,0
DA:163,0
DA:164,0
DA:165,0
DA:166,0
DA:170,0
DA:172,0
DA:173,0
DA:174,0
DA:175,0
DA:176,0
DA:179,0
DA:180,0
DA:181,0
DA:182,0
DA:183,0
DA:184,0
DA:187,0
DA:188,0
DA:189,0
DA:192,0
DA:193,0
DA:194,0
DA:195,0
DA:197,0
DA:201,0
DA:203,0
DA:210,0
DA:211,0
DA:212,0
DA:214,0
DA:215,0
DA:216,0
DA:217,0
DA:218,0
DA:219,0
DA:223,0
DA:224,0
DA:225,0
DA:229,0
DA:230,0
DA:232,0
DA:233,0
DA:234,0
DA:235,0
DA:236,0
DA:238,0
DA:242,0
DA:243,0
DA:244,0
DA:245,0
DA:246,0
DA:247,0
DA:248,0
DA:249,0
DA:251,0
DA:257,0
DA:258,0
DA:259,0
DA:260,0
DA:263,0
DA:264,0
DA:265,0
DA:268,0
DA:269,0
DA:270,0
DA:271,0
DA:274,0
DA:275,0
DA:276,0
DA:277,0
DA:278,0
DA:279,0
DA:283,0
DA:285,0
DA:287,0
DA:288,0
DA:289,0
DA:291,0
DA:292,0
DA:294,0
DA:295,0
DA:296,0
DA:297,0
DA:298,0
DA:302,0
DA:303,0
DA:304,0
DA:305,0
DA:306,0
DA:308,0
DA:312,0
DA:313,0
DA:315,0
DA:317,0
DA:323,0
DA:327,0
LF:146
LH:0
BRDA:51,0,0,0
BRDA:52,1,0,0
BRDA:53,2,0,0
BRDA:54,3,0,0
BRDA:86,4,0,0
BRDA:86,4,1,0
BRDA:96,5,0,0
BRDA:96,5,1,0
BRDA:153,6,0,0
BRDA:153,6,1,0
BRDA:161,7,0,0
BRDA:161,7,1,0
BRDA:214,8,0,0
BRDA:214,8,1,0
BRDA:219,9,0,0
BRDA:219,9,1,0
BRDA:249,10,0,0
BRDA:249,10,1,0
BRDA:285,11,0,0
BRDA:285,11,1,0
BRDA:291,12,0,0
BRDA:291,12,1,0
BRDA:295,13,0,0
BRDA:295,13,1,0
BRDA:297,14,0,0
BRDA:297,14,1,0
BRDA:297,15,0,0
BRDA:297,15,1,0
BRDA:315,16,0,0
BRDA:315,16,1,0
BRF:30
BRH:0
end_of_record
TN:
SF:src/engine/html5Exporter.ts
FN:49,exportToHtml5
FN:67,(anonymous_1)
FN:106,exportToImage
FN:130,downloadExport
FN:143,nodeToHtml
FN:217,generateKeyframes
FN:264,buildHtmlDocument
FN:320,escapeHtml
FN:328,escapeAttr
FNF:9
FNH:7
FNDA:20,exportToHtml5
FNDA:2,(anonymous_1)
FNDA:0,exportToImage
FNDA:0,downloadExport
FNDA:14,nodeToHtml
FNDA:1,generateKeyframes
FNDA:20,buildHtmlDocument
FNDA:22,escapeHtml
FNDA:5,escapeAttr
DA:61,20
DA:64,20
DA:67,20
DA:70,20
DA:71,20
DA:73,20
DA:74,14
DA:75,14
DA:78,14
DA:79,1
DA:80,1
DA:84,14
DA:85,14
DA:89,20
DA:94,20
DA:95,20
DA:97,20
DA:111,0
DA:112,0
DA:113,0
DA:114,0
DA:115,0
DA:116,0
DA:117,0
DA:118,0
DA:120,0
DA:131,0
DA:132,0
DA:133,0
DA:134,0
DA:135,0
DA:136,0
DA:137,0
DA:138,0
DA:150,14
DA:160,14
DA:161,1
DA:162,1
DA:163,1
DA:164,1
DA:167,14
DA:169,2
DA:170,2
DA:181,2
DA:185,1
DA:186,1
DA:187,1
DA:189,0
DA:190,0
DA:194,1
DA:195,1
DA:196,1
DA:200,1
DA:201,1
DA:202,1
DA:207,9
DA:208,9
DA:209,9
DA:210,9
DA:218,1
DA:220,1
DA:222,1
DA:225,0
DA:228,0
DA:231,0
DA:234,0
DA:237,0
DA:240,0
DA:243,0
DA:246,0
DA:265,20
DA:281,20
DA:321,22
DA:329,5
LF:74
LH:47
BRDA:56,0,0,20
BRDA:57,1,0,20
BRDA:58,2,0,20
BRDA:59,3,0,20
BRDA:60,4,0,20
BRDA:78,5,0,1
BRDA:78,5,1,13
BRDA:78,6,0,14
BRDA:78,6,1,1
BRDA:80,7,0,1
BRDA:80,7,1,0
BRDA:108,8,0,0
BRDA:109,9,0,0
BRDA:113,10,0,0
BRDA:113,10,1,0
BRDA:118,11,0,0
BRDA:118,11,1,0
BRDA:160,12,0,1
BRDA:160,12,1,13
BRDA:160,13,0,14
BRDA:160,13,1,1
BRDA:161,14,0,1
BRDA:161,14,1,0
BRDA:162,15,0,1
BRDA:162,15,1,0
BRDA:163,16,0,0
BRDA:163,16,1,1
BRDA:167,17,0,2
BRDA:167,17,1,1
BRDA:167,17,2,1
BRDA:167,17,3,1
BRDA:167,17,4,9
BRDA:169,18,0,2
BRDA:169,18,1,1
BRDA:172,19,0,2
BRDA:172,19,1,1
BRDA:173,20,0,2
BRDA:173,20,1,1
BRDA:174,21,0,2
BRDA:174,21,1,2
BRDA:175,22,0,2
BRDA:175,22,1,2
BRDA:176,23,0,2
BRDA:176,23,1,2
BRDA:177,24,0,2
BRDA:177,24,1,2
BRDA:181,25,0,2
BRDA:181,25,1,0
BRDA:185,26,0,1
BRDA:185,26,1,0
BRDA:201,27,0,1
BRDA:201,27,1,0
BRDA:209,28,0,0
BRDA:209,28,1,9
BRDA:220,29,0,1
BRDA:220,29,1,0
BRDA:220,29,2,0
BRDA:220,29,3,0
BRDA:220,29,4,0
BRDA:220,29,5,0
BRDA:220,29,6,0
BRDA:220,29,7,0
BRDA:220,29,8,0
BRDA:265,30,0,2
BRDA:265,30,1,18
BRF:65
BRH:43
end_of_record
TN:
SF:src/engine/layoutFingerprint.ts
FN:38,generateFingerprint
FN:40,(anonymous_1)
FN:55,calculateSimilarity
FN:90,extractDescriptors
FN:91,(anonymous_4)
FN:113,isDuplicate
FN:121,(anonymous_6)
FN:128,elementIoU
FN:150,roundTo
FN:155,simpleHash
FNF:10
FNH:10
FNDA:2,generateFingerprint
FNDA:2,(anonymous_1)
FNDA:5,calculateSimilarity
FNDA:12,extractDescriptors
FNDA:20,(anonymous_4)
FNDA:2,isDuplicate
FNDA:2,(anonymous_6)
FNDA:10,elementIoU
FNDA:100,roundTo
FNDA:2,simpleHash
DA:26,1
DA:28,1
DA:30,1
DA:39,2
DA:40,2
DA:41,2
DA:42,0
DA:43,0
DA:45,2
DA:47,2
DA:59,5
DA:60,4
DA:62,4
DA:63,4
DA:64,4
DA:66,4
DA:67,8
DA:68,8
DA:70,8
DA:71,14
DA:72,10
DA:73,10
DA:74,5
DA:75,5
DA:78,8
DA:79,5
DA:80,5
DA:84,4
DA:91,12
DA:92,20
DA:93,20
DA:94,20
DA:95,20
DA:96,20
DA:97,20
DA:99,20
DA:119,2
DA:120,2
DA:121,2
DA:130,10
DA:133,10
DA:134,10
DA:136,10
DA:137,10
DA:138,10
DA:139,10
DA:141,10
DA:142,10
DA:143,10
DA:145,10
DA:146,10
DA:151,100
DA:156,2
DA:157,2
DA:158,354
DA:160,2
LF:56
LH:54
BRDA:41,0,0,2
BRDA:41,0,1,0
BRDA:42,1,0,0
BRDA:42,1,1,0
BRDA:59,2,0,1
BRDA:59,2,1,4
BRDA:59,3,0,5
BRDA:59,3,1,1
BRDA:60,4,0,0
BRDA:60,4,1,4
BRDA:60,5,0,4
BRDA:60,5,1,4
BRDA:71,6,0,4
BRDA:71,6,1,10
BRDA:73,7,0,5
BRDA:73,7,1,5
BRDA:78,8,0,5
BRDA:78,8,1,3
BRDA:97,9,0,12
BRDA:97,9,1,8
BRDA:100,10,0,20
BRDA:100,10,1,0
BRDA:130,11,0,4
BRDA:130,11,1,6
BRDA:145,12,0,0
BRDA:145,12,1,10
BRDA:145,13,0,0
BRDA:145,13,1,0
BRDA:145,14,0,0
BRDA:145,14,1,0
BRF:30
BRH:20
end_of_record
TN:
SF:src/engine/layoutValidator.ts
FN:52,clampBounds
FN:94,enforceTextPadding
FN:122,estimateTextHeight
FN:141,fixOverlaps
FN:156,(anonymous_4)
FN:230,enforceHierarchy
FN:234,(anonymous_6)
FN:253,alignCTA
FN:257,(anonymous_8)
FN:258,(anonymous_9)
FN:280,enforceMinFont
FN:296,proportionalGuard
FN:327,validateLayout
FN:333,(anonymous_13)
FNF:14
FNH:13
FNDA:23,clampBounds
FNDA:23,enforceTextPadding
FNDA:0,estimateTextHeight
FNDA:23,fixOverlaps
FNDA:9,(anonymous_4)
FNDA:23,enforceHierarchy
FNDA:28,(anonymous_6)
FNDA:23,alignCTA
FNDA:32,(anonymous_8)
FNDA:35,(anonymous_9)
FNDA:23,enforceMinFont
FNDA:23,proportionalGuard
FNDA:23,validateLayout
FNDA:35,(anonymous_13)
DA:45,1
DA:46,1
DA:47,1
DA:48,1
DA:58,23
DA:60,35
DA:62,32
DA:63,32
DA:66,32
DA:67,32
DA:70,32
DA:71,2
DA:72,2
DA:74,1
DA:75,1
DA:78,32
DA:79,1
DA:80,1
DA:81,0
DA:82,0
DA:86,32
DA:87,5
DA:100,23
DA:102,23
DA:103,35
DA:104,23
DA:106,23
DA:107,23
DA:108,23
DA:109,23
DA:110,0
DA:111,0
DA:114,23
DA:115,5
DA:123,0
DA:125,0
DA:126,0
DA:127,0
DA:128,0
DA:129,0
DA:130,0
DA:131,0
DA:132,0
DA:133,0
DA:146,23
DA:148,23
DA:150,24
DA:151,24
DA:152,37
DA:153,37
DA:154,25
DA:156,24
DA:158,24
DA:160,24
DA:161,9
DA:162,9
DA:165,9
DA:166,9
DA:169,8
DA:170,8
DA:172,1
DA:174,1
DA:175,1
DA:178,1
DA:179,9
DA:181,9
DA:182,0
DA:183,0
DA:184,0
DA:185,0
DA:186,0
DA:187,0
DA:188,0
DA:191,0
DA:192,0
DA:193,0
DA:194,0
DA:195,0
DA:196,0
DA:197,0
DA:202,0
DA:203,0
DA:206,0
DA:207,0
DA:208,0
DA:212,1
DA:213,1
DA:214,1
DA:216,1
DA:217,0
DA:218,0
DA:220,1
DA:224,24
DA:234,28
DA:235,23
DA:238,4
DA:239,11
DA:240,9
DA:241,5
DA:243,5
DA:244,1
DA:245,1
DA:246,1
DA:257,32
DA:258,35
DA:259,23
DA:262,3
DA:263,1
DA:264,1
DA:265,1
DA:269,3
DA:270,23
DA:271,23
DA:272,2
DA:273,2
DA:274,2
DA:284,23
DA:285,35
DA:286,23
DA:288,1
DA:289,1
DA:290,1
DA:302,23
DA:303,23
DA:305,23
DA:306,35
DA:307,32
DA:309,31
DA:310,2
DA:311,2
DA:313,31
DA:314,0
DA:315,0
DA:333,35
DA:334,23
DA:337,23
DA:338,23
DA:339,23
DA:340,23
DA:341,23
DA:342,23
DA:343,23
DA:345,23
DA:346,14
DA:349,23
LF:145
LH:108
BRDA:60,0,0,3
BRDA:60,0,1,32
BRDA:66,1,0,2
BRDA:66,1,1,30
BRDA:67,2,0,2
BRDA:67,2,1,30
BRDA:70,3,0,2
BRDA:70,3,1,30
BRDA:72,4,0,1
BRDA:72,4,1,1
BRDA:78,5,0,1
BRDA:78,5,1,31
BRDA:80,6,0,0
BRDA:80,6,1,1
BRDA:86,7,0,5
BRDA:86,7,1,27
BRDA:86,8,0,32
BRDA:86,8,1,29
BRDA:103,9,0,12
BRDA:103,9,1,23
BRDA:104,10,0,0
BRDA:104,10,1,23
BRDA:107,11,0,3
BRDA:107,11,1,20
BRDA:108,12,0,3
BRDA:108,12,1,20
BRDA:109,13,0,0
BRDA:109,13,1,23
BRDA:114,14,0,5
BRDA:114,14,1,18
BRDA:123,15,0,0
BRDA:123,15,1,0
BRDA:123,16,0,0
BRDA:123,16,1,0
BRDA:123,16,2,0
BRDA:125,17,0,0
BRDA:125,17,1,0
BRDA:126,18,0,0
BRDA:126,18,1,0
BRDA:153,19,0,12
BRDA:153,19,1,25
BRDA:154,20,0,25
BRDA:154,20,1,0
BRDA:165,21,0,9
BRDA:165,21,1,9
BRDA:166,22,0,1
BRDA:166,22,1,8
BRDA:170,23,0,7
BRDA:170,23,1,1
BRDA:178,24,0,1
BRDA:178,24,1,1
BRDA:179,25,0,9
BRDA:179,25,1,1
BRDA:181,26,0,0
BRDA:181,26,1,1
BRDA:181,27,0,9
BRDA:181,27,1,1
BRDA:182,28,0,0
BRDA:182,28,1,0
BRDA:182,29,0,0
BRDA:182,29,1,0
BRDA:187,30,0,0
BRDA:187,30,1,0
BRDA:191,31,0,0
BRDA:191,31,1,0
BRDA:191,32,0,0
BRDA:191,32,1,0
BRDA:196,33,0,0
BRDA:196,33,1,0
BRDA:206,34,0,0
BRDA:206,34,1,0
BRDA:216,35,0,0
BRDA:216,35,1,1
BRDA:224,36,0,23
BRDA:224,36,1,1
BRDA:235,37,0,19
BRDA:235,37,1,4
BRDA:235,38,0,23
BRDA:235,38,1,10
BRDA:239,39,0,2
BRDA:239,39,1,9
BRDA:240,40,0,4
BRDA:240,40,1,5
BRDA:241,41,0,0
BRDA:241,41,1,5
BRDA:243,42,0,1
BRDA:243,42,1,4
BRDA:259,43,0,20
BRDA:259,43,1,3
BRDA:259,44,0,23
BRDA:259,44,1,3
BRDA:262,45,0,1
BRDA:262,45,1,2
BRDA:262,46,0,3
BRDA:262,46,1,2
BRDA:269,47,0,3
BRDA:269,47,1,0
BRDA:271,48,0,2
BRDA:271,48,1,21
BRDA:285,49,0,12
BRDA:285,49,1,23
BRDA:286,50,0,22
BRDA:286,50,1,1
BRDA:286,51,0,23
BRDA:286,51,1,13
BRDA:306,52,0,3
BRDA:306,52,1,32
BRDA:307,53,0,1
BRDA:307,53,1,31
BRDA:309,54,0,2
BRDA:309,54,1,29
BRDA:313,55,0,0
BRDA:313,55,1,31
BRDA:345,56,0,14
BRDA:345,56,1,9
BRF:115
BRH:83
end_of_record
TN:
SF:src/engine/loader.ts
FN:19,loadAceEngine
FN:26,(anonymous_1)
FN:53,clearEngineCache
FNF:3
FNH:0
FNDA:0,loadAceEngine
FNDA:0,(anonymous_1)
FNDA:0,clearEngineCache
DA:7,0
DA:8,0
DA:21,0
DA:24,0
DA:26,0
DA:27,0
DA:28,0
DA:30,0
DA:31,0
DA:32,0
DA:34,0
DA:35,0
DA:36,0
DA:38,0
DA:40,0
DA:41,0
DA:43,0
DA:47,0
DA:54,0
DA:55,0
LF:20
LH:0
BRDA:21,0,0,0
BRDA:21,0,1,0
BRDA:24,1,0,0
BRDA:24,1,1,0
BRDA:31,2,0,0
BRDA:31,2,1,0
BRF:6
BRH:0
end_of_record
TN:
SF:src/engine/lottieExporter.ts
FN:41,exportToLottie
FN:51,(anonymous_1)
FN:70,buildLayer
FN:77,(anonymous_3)
FN:80,(anonymous_4)
FN:81,(anonymous_5)
FN:82,(anonymous_6)
FN:83,(anonymous_7)
FN:84,(anonymous_8)
FN:85,(anonymous_9)
FN:125,buildPositionProperty
FN:136,(anonymous_11)
FN:137,(anonymous_12)
FN:138,(anonymous_13)
FN:140,(anonymous_14)
FN:165,buildScalarProperty
FN:175,(anonymous_16)
FN:194,buildSizeProperty
FN:204,(anonymous_18)
FN:205,(anonymous_19)
FN:206,(anonymous_20)
FN:208,(anonymous_21)
FN:227,findValueAt
FN:228,(anonymous_23)
FN:233,buildRectContent
FN:273,buildEllipseContent
FN:315,downloadLottie
FNF:27
FNH:0
FNDA:0,exportToLottie
FNDA:0,(anonymous_1)
FNDA:0,buildLayer
FNDA:0,(anonymous_3)
FNDA:0,(anonymous_4)
FNDA:0,(anonymous_5)
FNDA:0,(anonymous_6)
FNDA:0,(anonymous_7)
FNDA:0,(anonymous_8)
FNDA:0,(anonymous_9)
FNDA:0,buildPositionProperty
FNDA:0,(anonymous_11)
FNDA:0,(anonymous_12)
FNDA:0,(anonymous_13)
FNDA:0,(anonymous_14)
FNDA:0,buildScalarProperty
FNDA:0,(anonymous_16)
FNDA:0,buildSizeProperty
FNDA:0,(anonymous_18)
FNDA:0,(anonymous_19)
FNDA:0,(anonymous_20)
FNDA:0,(anonymous_21)
FNDA:0,findValueAt
FNDA:0,(anonymous_23)
FNDA:0,buildRectContent
FNDA:0,buildEllipseContent
FNDA:0,downloadLottie
DA:47,0
DA:48,0
DA:51,0
DA:52,0
DA:53,0
DA:56,0
DA:77,0
DA:80,0
DA:81,0
DA:82,0
DA:83,0
DA:84,0
DA:85,0
DA:88,0
DA:89,0
DA:91,0
DA:92,0
DA:93,0
DA:96,0
DA:99,0
DA:103,0
DA:130,0
DA:131,0
DA:135,0
DA:136,0
DA:137,0
DA:138,0
DA:140,0
DA:141,0
DA:142,0
DA:143,0
DA:145,0
DA:152,0
DA:153,0
DA:154,0
DA:155,0
DA:156,0
DA:159,0
DA:162,0
DA:171,0
DA:172,0
DA:175,0
DA:176,0
DA:177,0
DA:183,0
DA:184,0
DA:185,0
DA:186,0
DA:188,0
DA:191,0
DA:199,0
DA:200,0
DA:203,0
DA:204,0
DA:205,0
DA:206,0
DA:208,0
DA:209,0
DA:210,0
DA:211,0
DA:217,0
DA:218,0
DA:219,0
DA:221,0
DA:224,0
DA:228,0
DA:229,0
DA:230,0
DA:234,0
DA:274,0
DA:316,0
DA:317,0
DA:318,0
DA:319,0
DA:320,0
DA:321,0
DA:322,0
DA:323,0
DA:324,0
DA:325,0
LF:80
LH:0
BRDA:47,0,0,0
BRDA:80,1,0,0
BRDA:80,1,1,0
BRDA:81,2,0,0
BRDA:81,2,1,0
BRDA:83,3,0,0
BRDA:83,3,1,0
BRDA:84,4,0,0
BRDA:84,4,1,0
BRDA:99,5,0,0
BRDA:99,5,1,0
BRDA:101,6,0,0
BRDA:101,6,1,0
BRDA:130,7,0,0
BRDA:130,7,1,0
BRDA:130,8,0,0
BRDA:130,8,1,0
BRDA:152,9,0,0
BRDA:152,9,1,0
BRDA:169,10,0,0
BRDA:171,11,0,0
BRDA:171,11,1,0
BRDA:176,12,0,0
BRDA:176,12,1,0
BRDA:183,13,0,0
BRDA:183,13,1,0
BRDA:199,14,0,0
BRDA:199,14,1,0
BRDA:199,15,0,0
BRDA:199,15,1,0
BRDA:217,16,0,0
BRDA:217,16,1,0
BRDA:229,17,0,0
BRDA:229,17,1,0
BRDA:315,18,0,0
BRF:35
BRH:0
end_of_record
TN:
SF:src/engine/renderElementScaler.ts
FN:32,scaleRenderElements
FN:44,(anonymous_1)
FN:51,(anonymous_2)
FN:108,rgbFloatToHex
FN:109,(anonymous_4)
FN:113,renderElementsToDesignElements
FN:118,(anonymous_6)
FNF:7
FNH:3
FNDA:17,scaleRenderElements
FNDA:2,(anonymous_1)
FNDA:19,(anonymous_2)
FNDA:0,rgbFloatToHex
FNDA:0,(anonymous_4)
FNDA:0,renderElementsToDesignElements
FNDA:0,(anonymous_6)
DA:40,17
DA:43,17
DA:44,2
DA:47,15
DA:48,15
DA:49,15
DA:51,15
DA:52,19
DA:55,19
DA:56,4
DA:57,4
DA:58,4
DA:59,4
DA:60,4
DA:64,15
DA:65,15
DA:68,15
DA:69,15
DA:72,15
DA:73,6
DA:80,15
DA:81,3
DA:85,15
DA:86,0
DA:90,15
DA:91,1
DA:92,1
DA:93,1
DA:96,15
DA:109,0
DA:110,0
DA:118,0
DA:119,0
DA:120,0
DA:122,0
DA:123,0
DA:146,0
DA:150,0
LF:38
LH:28
BRDA:38,0,0,17
BRDA:40,1,0,17
BRDA:40,2,0,17
BRDA:43,3,0,2
BRDA:43,3,1,15
BRDA:43,4,0,17
BRDA:43,4,1,3
BRDA:55,5,0,4
BRDA:55,5,1,15
BRDA:72,6,0,6
BRDA:72,6,1,9
BRDA:80,7,0,3
BRDA:80,7,1,12
BRDA:85,8,0,0
BRDA:85,8,1,15
BRDA:90,9,0,1
BRDA:90,9,1,14
BRDA:92,10,0,1
BRDA:92,10,1,0
BRDA:93,11,0,1
BRDA:93,11,1,0
BRDA:120,12,0,0
BRDA:120,12,1,0
BRDA:122,13,0,0
BRDA:122,13,1,0
BRDA:128,14,0,0
BRDA:128,14,1,0
BRDA:130,15,0,0
BRDA:130,15,1,0
BRDA:131,16,0,0
BRDA:131,16,1,0
BRDA:131,17,0,0
BRDA:131,17,1,0
BRDA:133,18,0,0
BRDA:133,18,1,0
BRDA:134,19,0,0
BRDA:134,19,1,0
BRDA:135,20,0,0
BRDA:135,20,1,0
BRDA:136,21,0,0
BRDA:136,21,1,0
BRDA:138,22,0,0
BRDA:138,22,1,0
BRDA:146,23,0,0
BRDA:146,23,1,0
BRDA:148,24,0,0
BRDA:148,24,1,0
BRDA:148,25,0,0
BRDA:148,25,1,0
BRDA:148,26,0,0
BRDA:148,26,1,0
BRDA:154,27,0,0
BRDA:154,27,1,0
BRDA:160,28,0,0
BRDA:160,28,1,0
BRDA:164,29,0,0
BRDA:164,29,1,0
BRF:57
BRH:18
end_of_record
TN:
SF:src/engine/smartLayout.ts
FN:39,clamp
FN:44,scaledFontSize
FN:52,textHeight
FN:147,computeSmartConstraints
FN:235,isOutOfBounds
FN:248,getSmartFontSize
FN:264,fallbackConstraints
FNF:7
FNH:0
FNDA:0,clamp
FNDA:0,scaledFontSize
FNDA:0,textHeight
FNDA:0,computeSmartConstraints
FNDA:0,isOutOfBounds
FNDA:0,getSmartFontSize
FNDA:0,fallbackConstraints
DA:40,0
DA:45,0
DA:46,0
DA:47,0
DA:48,0
DA:53,0
DA:71,4
DA:86,4
DA:101,4
DA:116,4
DA:129,4
DA:148,0
DA:149,0
DA:150,0
DA:151,0
DA:154,0
DA:155,0
DA:158,0
DA:163,0
DA:165,0
DA:166,0
DA:167,0
DA:168,0
DA:169,0
DA:171,0
DA:176,0
DA:177,0
DA:178,0
DA:179,0
DA:180,0
DA:181,0
DA:182,0
DA:184,0
DA:189,0
DA:190,0
DA:191,0
DA:192,0
DA:193,0
DA:194,0
DA:197,0
DA:202,0
DA:203,0
DA:204,0
DA:205,0
DA:208,0
DA:211,0
DA:241,0
DA:242,0
DA:249,0
DA:250,0
DA:258,0
DA:259,0
DA:265,0
LF:53
LH:5
BRDA:46,0,0,0
BRDA:46,0,1,0
BRDA:47,1,0,0
BRDA:47,1,1,0
BRDA:52,2,0,0
BRDA:154,3,0,0
BRDA:154,3,1,0
BRDA:158,4,0,0
BRDA:158,4,1,0
BRDA:159,5,0,0
BRDA:159,5,1,0
BRDA:165,6,0,0
BRDA:165,6,1,0
BRDA:168,7,0,0
BRDA:168,7,1,0
BRDA:171,8,0,0
BRDA:171,8,1,0
BRDA:176,9,0,0
BRDA:176,9,1,0
BRDA:178,10,0,0
BRDA:178,10,1,0
BRDA:178,11,0,0
BRDA:178,11,1,0
BRDA:178,11,2,0
BRDA:178,11,3,0
BRDA:179,12,0,0
BRDA:179,12,1,0
BRDA:179,12,2,0
BRDA:181,13,0,0
BRDA:181,13,1,0
BRDA:184,14,0,0
BRDA:184,14,1,0
BRDA:189,15,0,0
BRDA:189,15,1,0
BRDA:191,16,0,0
BRDA:191,16,1,0
BRDA:193,17,0,0
BRDA:193,17,1,0
BRDA:202,18,0,0
BRDA:202,18,1,0
BRDA:204,19,0,0
BRDA:204,19,1,0
BRDA:215,20,0,0
BRDA:215,20,1,0
BRDA:242,21,0,0
BRDA:242,21,1,0
BRDA:242,21,2,0
BRDA:242,21,3,0
BRDA:258,22,0,0
BRDA:258,22,1,0
BRDA:271,23,0,0
BRDA:271,23,1,0
BRDA:272,24,0,0
BRDA:272,24,1,0
BRF:54
BRH:0
end_of_record
TN:
SF:src/engine/smartSizing.ts
FN:34,classifyRatio
FN:47,detectElementRole
FN:198,smartSizeElements
FN:217,(anonymous_3)
FN:301,classifyMasterGroup
FN:312,groupSizesByMaster
FN:331,getMasterGroupDescriptions
FN:354,getMasterGroupFontBoost
FNF:8
FNH:4
FNDA:34,classifyRatio
FNDA:12,detectElementRole
FNDA:11,smartSizeElements
FNDA:12,(anonymous_3)
FNDA:0,classifyMasterGroup
FNDA:0,groupSizesByMaster
FNDA:0,getMasterGroupDescriptions
FNDA:0,getMasterGroupFontBoost
DA:35,34
DA:36,34
DA:37,30
DA:38,29
DA:39,27
DA:40,6
DA:41,4
DA:52,12
DA:55,12
DA:56,12
DA:57,12
DA:58,12
DA:59,12
DA:60,12
DA:63,12
DA:64,7
DA:65,7
DA:66,7
DA:67,7
DA:69,5
DA:70,5
DA:71,5
DA:72,5
DA:73,5
DA:74,0
DA:77,0
DA:123,5
DA:189,5
DA:206,11
DA:207,1
DA:210,10
DA:211,10
DA:213,10
DA:215,10
DA:217,10
DA:218,12
DA:219,12
DA:223,12
DA:225,0
DA:226,0
DA:227,0
DA:228,0
DA:229,12
DA:231,0
DA:232,0
DA:234,0
DA:235,0
DA:236,0
DA:237,0
DA:238,12
DA:240,0
DA:241,0
DA:243,0
DA:244,0
DA:245,0
DA:246,0
DA:249,12
DA:250,12
DA:251,12
DA:252,12
DA:256,12
DA:257,12
DA:259,12
DA:267,12
DA:268,12
DA:269,5
DA:274,12
DA:302,0
DA:303,0
DA:304,0
DA:305,0
DA:315,0
DA:320,0
DA:321,0
DA:322,0
DA:324,0
DA:332,0
DA:355,0
DA:360,0
LF:79
LH:49
BRDA:36,0,0,4
BRDA:36,0,1,30
BRDA:37,1,0,1
BRDA:37,1,1,29
BRDA:38,2,0,2
BRDA:38,2,1,27
BRDA:39,3,0,21
BRDA:39,3,1,6
BRDA:40,4,0,2
BRDA:40,4,1,4
BRDA:55,5,0,0
BRDA:55,5,1,12
BRDA:56,6,0,0
BRDA:56,6,1,12
BRDA:57,7,0,0
BRDA:57,7,1,12
BRDA:58,8,0,0
BRDA:58,8,1,12
BRDA:59,9,0,0
BRDA:59,9,1,12
BRDA:60,10,0,0
BRDA:60,10,1,12
BRDA:63,11,0,7
BRDA:63,11,1,5
BRDA:66,12,0,0
BRDA:66,12,1,7
BRDA:69,13,0,0
BRDA:69,13,1,5
BRDA:70,14,0,0
BRDA:70,14,1,5
BRDA:71,15,0,5
BRDA:71,15,1,0
BRDA:72,16,0,5
BRDA:72,16,1,0
BRDA:73,17,0,5
BRDA:73,17,1,0
BRDA:206,18,0,1
BRDA:206,18,1,10
BRDA:206,19,0,11
BRDA:206,19,1,1
BRDA:223,20,0,0
BRDA:223,20,1,12
BRDA:229,21,0,0
BRDA:229,21,1,12
BRDA:229,22,0,12
BRDA:229,22,1,12
BRDA:238,23,0,0
BRDA:238,23,1,12
BRDA:268,24,0,5
BRDA:268,24,1,7
BRDA:268,25,0,12
BRDA:268,25,1,7
BRDA:268,25,2,5
BRDA:303,26,0,0
BRDA:303,26,1,0
BRDA:304,27,0,0
BRDA:304,27,1,0
BRF:57
BRH:38
end_of_record
TN:
SF:src/engine/smartSizingFixer.ts
FN:27,generateFixes
FN:34,(anonymous_1)
FN:37,(anonymous_2)
FN:132,fixOutOfBounds
FN:202,fixOverlap
FNF:5
FNH:0
FNDA:0,generateFixes
FNDA:0,(anonymous_1)
FNDA:0,(anonymous_2)
FNDA:0,fixOutOfBounds
FNDA:0,fixOverlap
DA:31,0
DA:33,0
DA:34,0
DA:35,0
DA:37,0
DA:38,0
DA:40,0
DA:41,0
DA:42,0
DA:44,0
DA:47,0
DA:48,0
DA:51,0
DA:52,0
DA:54,0
DA:62,0
DA:64,0
DA:77,0
DA:79,0
DA:92,0
DA:94,0
DA:107,0
DA:110,0
DA:123,0
DA:127,0
DA:140,0
DA:141,0
DA:149,0
DA:160,0
DA:161,0
DA:162,0
DA:164,0
DA:165,0
DA:166,0
DA:167,0
DA:168,0
DA:169,0
DA:171,0
DA:172,0
DA:173,0
DA:174,0
DA:175,0
DA:176,0
DA:178,0
DA:179,0
DA:180,0
DA:182,0
DA:183,0
DA:184,0
DA:187,0
DA:188,0
DA:197,0
DA:209,0
DA:212,0
DA:213,0
DA:233,0
DA:234,0
DA:246,0
LF:58
LH:0
BRDA:35,0,0,0
BRDA:35,0,1,0
BRDA:35,1,0,0
BRDA:35,1,1,0
BRDA:38,2,0,0
BRDA:38,2,1,0
BRDA:44,3,0,0
BRDA:44,3,1,0
BRDA:44,3,2,0
BRDA:44,3,3,0
BRDA:44,3,4,0
BRDA:44,3,5,0
BRDA:44,3,6,0
BRDA:44,3,7,0
BRDA:140,4,0,0
BRDA:140,4,1,0
BRDA:147,5,0,0
BRDA:147,5,1,0
BRDA:164,6,0,0
BRDA:164,6,1,0
BRDA:167,7,0,0
BRDA:167,7,1,0
BRDA:171,8,0,0
BRDA:171,8,1,0
BRDA:174,9,0,0
BRDA:174,9,1,0
BRDA:178,10,0,0
BRDA:178,10,1,0
BRDA:182,11,0,0
BRDA:182,11,1,0
BRDA:187,12,0,0
BRDA:187,12,1,0
BRDA:212,13,0,0
BRDA:212,13,1,0
BRDA:225,14,0,0
BRDA:225,14,1,0
BRDA:233,15,0,0
BRDA:233,15,1,0
BRDA:233,16,0,0
BRDA:233,16,1,0
BRDA:233,16,2,0
BRF:41
BRH:0
end_of_record
TN:
SF:src/engine/smartSizingQA.ts
FN:34,runSmartSizingQA
FN:44,(anonymous_1)
FN:74,(anonymous_2)
FN:126,(anonymous_3)
FN:126,(anonymous_4)
FN:150,checkLayoutPattern
FN:159,(anonymous_6)
FN:160,(anonymous_7)
FN:161,(anonymous_8)
FN:202,rectsOverlap
FNF:10
FNH:0
FNDA:0,runSmartSizingQA
FNDA:0,(anonymous_1)
FNDA:0,(anonymous_2)
FNDA:0,(anonymous_3)
FNDA:0,(anonymous_4)
FNDA:0,checkLayoutPattern
FNDA:0,(anonymous_6)
FNDA:0,(anonymous_7)
FNDA:0,(anonymous_8)
FNDA:0,rectsOverlap
DA:35,0
DA:37,0
DA:38,0
DA:39,0
DA:40,0
DA:41,0
DA:44,0
DA:50,0
DA:51,0
DA:52,0
DA:54,0
DA:61,0
DA:63,0
DA:74,0
DA:75,0
DA:77,0
DA:78,0
DA:79,0
DA:80,0
DA:81,0
DA:82,0
DA:94,0
DA:95,0
DA:96,0
DA:97,0
DA:98,0
DA:110,0
DA:111,0
DA:112,0
DA:123,0
DA:126,0
DA:127,0
DA:128,0
DA:135,0
DA:136,0
DA:145,0
DA:156,0
DA:157,0
DA:159,0
DA:160,0
DA:161,0
DA:163,0
DA:165,0
DA:166,0
DA:175,0
DA:176,0
DA:186,0
DA:188,0
DA:189,0
DA:207,0
DA:208,0
LF:51
LH:0
BRDA:41,0,0,0
BRDA:41,0,1,0
BRDA:51,1,0,0
BRDA:51,1,1,0
BRDA:52,2,0,0
BRDA:52,2,1,0
BRDA:52,3,0,0
BRDA:52,3,1,0
BRDA:52,3,2,0
BRDA:52,3,3,0
BRDA:61,4,0,0
BRDA:61,4,1,0
BRDA:61,5,0,0
BRDA:61,5,1,0
BRDA:61,5,2,0
BRDA:61,5,3,0
BRDA:75,6,0,0
BRDA:75,6,1,0
BRDA:75,6,2,0
BRDA:81,7,0,0
BRDA:81,7,1,0
BRDA:95,8,0,0
BRDA:95,8,1,0
BRDA:95,9,0,0
BRDA:95,9,1,0
BRDA:97,10,0,0
BRDA:97,10,1,0
BRDA:97,11,0,0
BRDA:97,11,1,0
BRDA:111,12,0,0
BRDA:111,12,1,0
BRDA:111,13,0,0
BRDA:111,13,1,0
BRDA:127,14,0,0
BRDA:127,14,1,0
BRDA:135,15,0,0
BRDA:135,15,1,0
BRDA:157,16,0,0
BRDA:157,16,1,0
BRDA:163,17,0,0
BRDA:163,17,1,0
BRDA:165,18,0,0
BRDA:165,18,1,0
BRDA:165,19,0,0
BRDA:165,19,1,0
BRDA:175,20,0,0
BRDA:175,20,1,0
BRDA:175,21,0,0
BRDA:175,21,1,0
BRDA:186,22,0,0
BRDA:186,22,1,0
BRDA:188,23,0,0
BRDA:188,23,1,0
BRDA:188,24,0,0
BRDA:188,24,1,0
BRDA:188,24,2,0
BRDA:209,25,0,0
BRDA:209,25,1,0
BRDA:209,25,2,0
BRDA:209,25,3,0
BRF:60
BRH:0
end_of_record
TN:
SF:src/engine/tauriBridge.ts
FN:10,(anonymous_0)
FN:25,ping
FN:31,getEngineStatus
FN:43,addRect
FNF:4
FNH:0
FNDA:0,(anonymous_0)
FNDA:0,ping
FNDA:0,getEngineStatus
FNDA:0,addRect
DA:10,0
DA:11,0
DA:26,0
DA:27,0
DA:32,0
DA:33,0
DA:39,0
DA:47,0
DA:48,0
LF:9
LH:0
BRDA:26,0,0,0
BRDA:26,0,1,0
BRDA:32,1,0,0
BRDA:32,1,1,0
BRDA:47,2,0,0
BRDA:47,2,1,0
BRF:6
BRH:0
end_of_record
TN:
SF:src/engine/videoExporter.ts
FN:42,exportToMp4
FN:79,(anonymous_1)
FN:83,(anonymous_2)
FN:134,(anonymous_3)
FN:165,downloadBlob
FNF:5
FNH:0
FNDA:0,exportToMp4
FNDA:0,(anonymous_1)
FNDA:0,(anonymous_2)
FNDA:0,(anonymous_3)
FNDA:0,downloadBlob
DA:55,0
DA:57,0
DA:60,0
DA:61,0
DA:65,0
DA:66,0
DA:77,0
DA:78,0
DA:80,0
DA:81,0
DA:84,0
DA:85,0
DA:95,0
DA:104,0
DA:105,0
DA:108,0
DA:110,0
DA:113,0
DA:115,0
DA:120,0
DA:121,0
DA:122,0
DA:123,0
DA:125,0
DA:133,0
DA:134,0
DA:139,0
DA:140,0
DA:143,0
DA:150,0
DA:152,0
DA:159,0
DA:166,0
DA:167,0
DA:168,0
DA:169,0
DA:170,0
DA:171,0
DA:172,0
DA:173,0
DA:174,0
LF:41
LH:0
BRDA:53,0,0,0
BRDA:54,1,0,0
BRDA:60,2,0,0
BRDA:60,2,1,0
BRDA:80,3,0,0
BRDA:80,3,1,0
BRDA:133,4,0,0
BRDA:133,4,1,0
BRDA:165,5,0,0
BRF:9
BRH:0
end_of_record
TN:
SF:src/schema/constraints.types.ts
FN:54,resolveConstraints
FNF:1
FNH:1
FNDA:50,resolveConstraints
DA:61,50
DA:62,49
DA:63,1
DA:64,1
DA:66,0
DA:71,50
DA:72,49
DA:73,1
DA:74,1
DA:76,0
DA:80,50
DA:81,0
DA:82,0
DA:86,50
DA:87,50
DA:88,50
DA:89,50
DA:93,50
DA:94,50
DA:96,47
DA:97,47
DA:99,1
DA:100,1
DA:102,1
DA:103,1
DA:105,1
DA:106,1
DA:107,1
DA:112,50
DA:113,50
DA:115,47
DA:116,47
DA:118,1
DA:119,1
DA:121,1
DA:122,1
DA:124,1
DA:125,1
DA:126,1
DA:129,50
LF:40
LH:36
BRDA:61,0,0,49
BRDA:61,0,1,1
BRDA:63,1,0,1
BRDA:63,1,1,0
BRDA:71,2,0,49
BRDA:71,2,1,1
BRDA:73,3,0,1
BRDA:73,3,1,0
BRDA:80,4,0,0
BRDA:80,4,1,50
BRDA:80,5,0,50
BRDA:80,5,1,0
BRDA:80,5,2,0
BRDA:86,6,0,1
BRDA:86,6,1,49
BRDA:87,7,0,1
BRDA:87,7,1,49
BRDA:88,8,0,0
BRDA:88,8,1,50
BRDA:89,9,0,0
BRDA:89,9,1,50
BRDA:94,10,0,47
BRDA:94,10,1,1
BRDA:94,10,2,1
BRDA:94,10,3,1
BRDA:105,11,0,1
BRDA:105,11,1,0
BRDA:106,12,0,1
BRDA:106,12,1,0
BRDA:106,13,0,1
BRDA:106,13,1,0
BRDA:113,14,0,47
BRDA:113,14,1,1
BRDA:113,14,2,1
BRDA:113,14,3,1
BRDA:124,15,0,1
BRDA:124,15,1,0
BRDA:125,16,0,1
BRDA:125,16,1,0
BRDA:125,17,0,1
BRDA:125,17,1,0
BRF:41
BRH:28
end_of_record
TN:
SF:src/schema/design.types.ts
FNF:0
FNH:0
LF:0
LH:0
BRF:0
BRH:0
end_of_record
TN:
SF:src/schema/elements.types.ts
FN:135,createDefaultConstraints
FNF:1
FNH:1
FNDA:58,createDefaultConstraints
DA:136,58
LF:1
LH:1
BRF:0
BRH:0
end_of_record
TN:
SF:src/schema/layoutRoles.ts
FN:38,getAspectCategory
FNF:1
FNH:0
FNDA:0,getAspectCategory
DA:39,0
DA:40,0
DA:41,0
DA:42,0
DA:43,0
DA:49,4
DA:66,4
LF:7
LH:2
BRDA:40,0,0,0
BRDA:40,0,1,0
BRDA:41,1,0,0
BRDA:41,1,1,0
BRDA:42,2,0,0
BRDA:42,2,1,0
BRF:6
BRH:0
end_of_record
TN:
SF:src/schema/planTypes.ts
FN:111,getPlanLimits
FN:115,isUnlimited
FN:120,hasFeature
FNF:3
FNH:0
FNDA:0,getPlanLimits
FNDA:0,isUnlimited
FNDA:0,hasFeature
DA:41,0
DA:81,0
DA:112,0
DA:116,0
DA:121,0
DA:122,0
DA:123,0
DA:124,0
DA:125,0
DA:126,0
LF:10
LH:0
BRDA:123,0,0,0
BRDA:123,0,1,0
BRDA:124,1,0,0
BRDA:124,1,1,0
BRDA:125,2,0,0
BRDA:125,2,1,0
BRF:6
BRH:0
end_of_record
TN:
SF:src/schema/presets.ts
FN:30,getPresetById
FN:31,(anonymous_1)
FN:34,getPresetsByCategory
FN:35,(anonymous_3)
FNF:4
FNH:4
FNDA:3,getPresetById
FNDA:26,(anonymous_1)
FNDA:4,getPresetsByCategory
FNDA:64,(anonymous_3)
DA:6,2
DA:31,26
DA:35,64
LF:3
LH:3
BRF:0
BRH:0
end_of_record
TN:
SF:src/services/aiLayoutEngine.ts
FN:23,hexToRgba
FN:37,buildLayoutFromSpec
FNF:2
FNH:2
FNDA:34,hexToRgba
FNDA:17,buildLayoutFromSpec
DA:24,34
DA:25,34
DA:44,17
DA:45,17
DA:48,17
DA:58,17
DA:59,17
DA:61,1
DA:67,1
DA:69,1
DA:75,1
DA:77,0
DA:86,0
DA:88,1
DA:98,1
DA:100,1
DA:109,1
DA:112,0
DA:113,0
DA:123,0
DA:133,0
DA:137,13
DA:141,17
DA:142,16
DA:143,16
DA:145,16
DA:146,16
DA:147,16
DA:164,17
DA:165,17
DA:166,17
DA:167,17
DA:168,17
DA:172,17
DA:173,17
DA:174,17
DA:176,17
DA:177,17
DA:178,17
DA:179,17
DA:180,17
DA:181,17
DA:182,17
DA:183,0
DA:185,17
DA:187,17
DA:204,17
DA:205,17
DA:206,17
DA:207,17
DA:208,17
DA:211,17
DA:212,17
DA:215,17
DA:216,17
DA:217,17
DA:219,17
DA:220,17
DA:221,17
DA:222,17
DA:223,17
DA:224,17
DA:225,17
DA:226,0
DA:228,17
DA:230,17
DA:246,17
DA:247,17
DA:249,17
DA:250,17
DA:251,17
DA:252,17
DA:254,17
DA:266,17
DA:267,17
DA:282,17
LF:76
LH:68
BRDA:59,0,0,1
BRDA:59,0,1,1
BRDA:59,0,2,0
BRDA:59,0,3,1
BRDA:59,0,4,1
BRDA:59,0,5,0
BRDA:59,0,6,13
BRDA:59,0,7,13
BRDA:141,1,0,16
BRDA:141,1,1,1
BRDA:145,2,0,16
BRDA:145,2,1,0
BRDA:166,3,0,17
BRDA:166,3,1,0
BRDA:182,4,0,17
BRDA:182,4,1,0
BRDA:182,5,0,17
BRDA:182,5,1,0
BRDA:204,6,0,17
BRDA:204,6,1,0
BRDA:204,7,0,17
BRDA:204,7,1,17
BRDA:207,8,0,17
BRDA:207,8,1,0
BRDA:225,9,0,17
BRDA:225,9,1,0
BRDA:225,10,0,17
BRDA:225,10,1,0
BRDA:249,11,0,17
BRDA:249,11,1,0
BRF:30
BRH:19
end_of_record
TN:
SF:src/services/aiStructureService.ts
FN:71,calculateContentAwareFontSize
FN:82,(anonymous_1)
FN:108,generateLayoutSpecSync
FN:208,getHeadlineZone
FN:237,getCtaZone
FN:269,generateLayoutSpec
FN:323,(anonymous_6)
FNF:7
FNH:5
FNDA:22,calculateContentAwareFontSize
FNDA:22,(anonymous_1)
FNDA:22,generateLayoutSpecSync
FNDA:22,getHeadlineZone
FNDA:22,getCtaZone
FNDA:0,generateLayoutSpec
FNDA:0,(anonymous_6)
DA:77,22
DA:81,22
DA:82,22
DA:83,22
DA:87,22
DA:90,22
DA:95,22
DA:96,22
DA:99,22
DA:101,22
DA:114,22
DA:115,22
DA:124,22
DA:127,1
DA:128,1
DA:129,1
DA:130,1
DA:131,1
DA:133,1
DA:134,1
DA:135,1
DA:136,1
DA:137,1
DA:139,0
DA:140,0
DA:141,0
DA:142,0
DA:144,1
DA:146,18
DA:147,14
DA:148,14
DA:149,14
DA:150,14
DA:152,4
DA:153,4
DA:154,4
DA:155,4
DA:157,18
DA:160,2
DA:161,2
DA:162,2
DA:163,2
DA:164,2
DA:166,0
DA:167,0
DA:168,0
DA:169,0
DA:173,22
DA:174,22
DA:175,22
DA:176,13
DA:177,10
DA:178,8
DA:179,7
DA:180,0
DA:183,22
DA:184,22
DA:189,22
DA:190,22
DA:192,22
DA:209,22
DA:212,18
DA:216,1
DA:219,0
DA:221,0
DA:223,0
DA:225,1
DA:227,0
DA:229,0
DA:231,2
DA:233,0
DA:238,22
DA:242,18
DA:246,1
DA:249,0
DA:251,0
DA:253,0
DA:255,1
DA:257,0
DA:259,2
DA:261,0
DA:276,0
DA:278,0
DA:279,0
DA:319,0
DA:323,0
DA:324,0
DA:326,0
DA:327,0
DA:328,0
DA:331,0
DA:341,0
DA:342,0
DA:347,0
DA:348,0
DA:350,0
DA:363,0
DA:364,0
DA:366,0
DA:367,0
LF:100
LH:61
BRDA:124,0,0,1
BRDA:124,0,1,1
BRDA:124,0,2,1
BRDA:124,0,3,18
BRDA:124,0,4,0
BRDA:124,0,5,2
BRDA:124,0,6,0
BRDA:133,1,0,1
BRDA:133,1,1,0
BRDA:146,2,0,14
BRDA:146,2,1,4
BRDA:175,3,0,3
BRDA:175,3,1,19
BRDA:175,4,0,6
BRDA:175,4,1,13
BRDA:176,5,0,3
BRDA:176,5,1,10
BRDA:177,6,0,2
BRDA:177,6,1,8
BRDA:178,7,0,1
BRDA:178,7,1,7
BRDA:179,8,0,0
BRDA:179,8,1,7
BRDA:183,9,0,20
BRDA:183,9,1,2
BRDA:209,10,0,4
BRDA:209,10,1,18
BRDA:209,10,2,0
BRDA:209,10,3,1
BRDA:209,10,4,1
BRDA:209,10,5,0
BRDA:209,10,6,0
BRDA:209,10,7,0
BRDA:209,10,8,1
BRDA:209,10,9,0
BRDA:209,10,10,0
BRDA:209,10,11,2
BRDA:209,10,12,0
BRDA:238,11,0,4
BRDA:238,11,1,18
BRDA:238,11,2,18
BRDA:238,11,3,0
BRDA:238,11,4,1
BRDA:238,11,5,1
BRDA:238,11,6,0
BRDA:238,11,7,0
BRDA:238,11,8,0
BRDA:238,11,9,1
BRDA:238,11,10,0
BRDA:238,11,11,2
BRDA:238,11,12,0
BRDA:324,12,0,0
BRDA:324,12,1,0
BRDA:327,13,0,0
BRDA:327,13,1,0
BRDA:341,14,0,0
BRDA:341,14,1,0
BRDA:348,15,0,0
BRDA:348,15,1,0
BRDA:348,16,0,0
BRDA:348,16,1,0
BRDA:351,17,0,0
BRDA:351,17,1,0
BRDA:352,18,0,0
BRDA:352,18,1,0
BRDA:353,19,0,0
BRDA:353,19,1,0
BRDA:354,20,0,0
BRDA:354,20,1,0
BRDA:358,21,0,0
BRDA:358,21,1,0
BRDA:359,22,0,0
BRDA:359,22,1,0
BRDA:360,23,0,0
BRDA:360,23,1,0
BRF:75
BRH:34
end_of_record
TN:
SF:src/services/anthropicClient.ts
FNF:0
FNH:0
LF:0
LH:0
BRF:0
BRH:0
end_of_record
TN:
SF:src/services/assetProcessor.ts
FN:20,processUploadedAsset
FN:56,readFileAsDataUrl
FN:57,(anonymous_2)
FN:59,(anonymous_3)
FN:60,(anonymous_4)
FN:67,getImageDimensions
FN:68,(anonymous_6)
FN:70,(anonymous_7)
FN:71,(anonymous_8)
FN:78,generateThumbnail
FN:91,(anonymous_10)
FN:92,(anonymous_11)
FN:93,(anonymous_12)
FN:103,computeHash
FN:107,(anonymous_14)
FN:112,extractDominantColors
FN:125,(anonymous_16)
FN:126,(anonymous_17)
FN:144,(anonymous_18)
FN:146,(anonymous_19)
FN:154,detectFormat
FN:161,autoDetectCategory
FN:173,suggestPlacement
FN:184,cleanFileName
FN:188,(anonymous_24)
FN:191,autoGenerateTags
FN:195,(anonymous_26)
FNF:27
FNH:0
FNDA:0,processUploadedAsset
FNDA:0,readFileAsDataUrl
FNDA:0,(anonymous_2)
FNDA:0,(anonymous_3)
FNDA:0,(anonymous_4)
FNDA:0,getImageDimensions
FNDA:0,(anonymous_6)
FNDA:0,(anonymous_7)
FNDA:0,(anonymous_8)
FNDA:0,generateThumbnail
FNDA:0,(anonymous_10)
FNDA:0,(anonymous_11)
FNDA:0,(anonymous_12)
FNDA:0,computeHash
FNDA:0,(anonymous_14)
FNDA:0,extractDominantColors
FNDA:0,(anonymous_16)
FNDA:0,(anonymous_17)
FNDA:0,(anonymous_18)
FNDA:0,(anonymous_19)
FNDA:0,detectFormat
FNDA:0,autoDetectCategory
FNDA:0,suggestPlacement
FNDA:0,cleanFileName
FNDA:0,(anonymous_24)
FNDA:0,autoGenerateTags
FNDA:0,(anonymous_26)
DA:24,0
DA:25,0
DA:26,0
DA:27,0
DA:28,0
DA:29,0
DA:30,0
DA:31,0
DA:32,0
DA:34,0
DA:57,0
DA:58,0
DA:59,0
DA:60,0
DA:61,0
DA:68,0
DA:69,0
DA:70,0
DA:71,0
DA:72,0
DA:79,0
DA:80,0
DA:81,0
DA:82,0
DA:84,0
DA:85,0
DA:86,0
DA:87,0
DA:88,0
DA:90,0
DA:91,0
DA:92,0
DA:93,0
DA:94,0
DA:97,0
DA:98,0
DA:104,0
DA:105,0
DA:106,0
DA:107,0
DA:113,0
DA:114,0
DA:115,0
DA:116,0
DA:118,0
DA:119,0
DA:120,0
DA:121,0
DA:122,0
DA:124,0
DA:125,0
DA:126,0
DA:127,0
DA:130,0
DA:131,0
DA:134,0
DA:135,0
DA:136,0
DA:137,0
DA:138,0
DA:139,0
DA:140,0
DA:143,0
DA:144,0
DA:146,0
DA:148,0
DA:155,0
DA:156,0
DA:157,0
DA:158,0
DA:164,0
DA:165,0
DA:166,0
DA:167,0
DA:168,0
DA:169,0
DA:170,0
DA:176,0
DA:177,0
DA:178,0
DA:179,0
DA:180,0
DA:181,0
DA:185,0
DA:188,0
DA:192,0
DA:193,0
DA:195,0
DA:196,0
DA:197,0
LF:90
LH:0
BRDA:29,0,0,0
BRDA:29,0,1,0
BRDA:35,1,0,0
BRDA:35,1,1,0
BRDA:88,2,0,0
BRDA:88,2,1,0
BRDA:122,3,0,0
BRDA:122,3,1,0
BRDA:140,4,0,0
BRDA:140,4,1,0
BRDA:155,5,0,0
BRDA:155,5,1,0
BRDA:156,6,0,0
BRDA:156,6,1,0
BRDA:157,7,0,0
BRDA:157,7,1,0
BRDA:157,8,0,0
BRDA:157,8,1,0
BRDA:165,9,0,0
BRDA:165,9,1,0
BRDA:165,10,0,0
BRDA:165,10,1,0
BRDA:165,10,2,0
BRDA:165,10,3,0
BRDA:166,11,0,0
BRDA:166,11,1,0
BRDA:166,12,0,0
BRDA:166,12,1,0
BRDA:167,13,0,0
BRDA:167,13,1,0
BRDA:167,14,0,0
BRDA:167,14,1,0
BRDA:167,14,2,0
BRDA:168,15,0,0
BRDA:168,15,1,0
BRDA:168,16,0,0
BRDA:168,16,1,0
BRDA:169,17,0,0
BRDA:169,17,1,0
BRDA:169,18,0,0
BRDA:169,18,1,0
BRDA:176,19,0,0
BRDA:176,19,1,0
BRDA:177,20,0,0
BRDA:177,20,1,0
BRDA:179,21,0,0
BRDA:179,21,1,0
BRDA:180,22,0,0
BRDA:180,22,1,0
BRF:49
BRH:0
end_of_record
TN:
SF:src/services/assetService.ts
FN:26,storeAsset
FN:53,resolveAsset
FN:70,isAssetRef
FN:77,isDataUrl
FN:92,extractAssets
FN:113,resolveAssets
FN:143,revokeAssetCache
FN:152,dataUrlToBlob
FN:164,computeSha256
FN:168,(anonymous_9)
FNF:10
FNH:0
FNDA:0,storeAsset
FNDA:0,resolveAsset
FNDA:0,isAssetRef
FNDA:0,isDataUrl
FNDA:0,extractAssets
FNDA:0,resolveAssets
FNDA:0,revokeAssetCache
FNDA:0,dataUrlToBlob
FNDA:0,computeSha256
FNDA:0,(anonymous_9)
DA:18,0
DA:28,0
DA:30,0
DA:31,0
DA:32,0
DA:35,0
DA:36,0
DA:37,0
DA:38,0
DA:46,0
DA:54,0
DA:56,0
DA:57,0
DA:58,0
DA:59,0
DA:60,0
DA:63,0
DA:64,0
DA:71,0
DA:78,0
DA:85,0
DA:95,0
DA:97,0
DA:98,0
DA:99,0
DA:100,0
DA:102,0
DA:106,0
DA:116,0
DA:118,0
DA:119,0
DA:120,0
DA:123,0
DA:124,0
DA:125,0
DA:126,0
DA:127,0
DA:131,0
DA:133,0
DA:137,0
DA:144,0
DA:145,0
DA:147,0
DA:153,0
DA:154,0
DA:155,0
DA:156,0
DA:157,0
DA:158,0
DA:159,0
DA:161,0
DA:165,0
DA:166,0
DA:167,0
DA:168,0
LF:55
LH:0
BRDA:28,0,0,0
BRDA:28,0,1,0
BRDA:36,1,0,0
BRDA:36,1,1,0
BRDA:54,2,0,0
BRDA:54,2,1,0
BRDA:58,3,0,0
BRDA:58,3,1,0
BRDA:98,4,0,0
BRDA:98,4,1,0
BRDA:98,5,0,0
BRDA:98,5,1,0
BRDA:119,6,0,0
BRDA:119,6,1,0
BRDA:119,7,0,0
BRDA:119,7,1,0
BRDA:124,8,0,0
BRDA:124,8,1,0
BRDA:126,9,0,0
BRDA:126,9,1,0
BRDA:155,10,0,0
BRDA:155,10,1,0
BRF:22
BRH:0
end_of_record
TN:
SF:src/services/autoDesignLoop.ts
FN:75,buildElementList
FN:76,(anonymous_1)
FN:81,buildReviewPrompt
FN:154,applyFix
FN:168,(anonymous_4)
FN:213,callVisionReview
FN:236,(anonymous_6)
FN:237,(anonymous_7)
FN:269,(anonymous_8)
FN:284,saveCanvasState
FN:292,restoreCanvasState
FN:319,runVisionHealingLoop
FN:329,(anonymous_12)
FN:333,(anonymous_13)
FN:344,_runVisionLoop
FN:443,runVisionLoop
FNF:16
FNH:0
FNDA:0,buildElementList
FNDA:0,(anonymous_1)
FNDA:0,buildReviewPrompt
FNDA:0,applyFix
FNDA:0,(anonymous_4)
FNDA:0,callVisionReview
FNDA:0,(anonymous_6)
FNDA:0,(anonymous_7)
FNDA:0,(anonymous_8)
FNDA:0,saveCanvasState
FNDA:0,restoreCanvasState
FNDA:0,runVisionHealingLoop
FNDA:0,(anonymous_12)
FNDA:0,(anonymous_13)
FNDA:0,_runVisionLoop
FNDA:0,runVisionLoop
DA:62,0
DA:76,0
DA:77,0
DA:82,0
DA:83,0
DA:86,0
DA:87,0
DA:89,0
DA:155,0
DA:156,0
DA:157,0
DA:158,0
DA:161,0
DA:163,0
DA:164,0
DA:165,0
DA:168,0
DA:169,0
DA:170,0
DA:171,0
DA:172,0
DA:174,0
DA:175,0
DA:176,0
DA:177,0
DA:178,0
DA:183,0
DA:184,0
DA:185,0
DA:186,0
DA:187,0
DA:190,0
DA:191,0
DA:192,0
DA:193,0
DA:196,0
DA:197,0
DA:198,0
DA:201,0
DA:221,0
DA:222,0
DA:224,0
DA:225,0
DA:229,0
DA:230,0
DA:231,0
DA:235,0
DA:236,0
DA:237,0
DA:247,0
DA:250,0
DA:254,0
DA:266,0
DA:269,0
DA:270,0
DA:271,0
DA:273,0
DA:274,0
DA:285,0
DA:286,0
DA:288,0
DA:293,0
DA:294,0
DA:299,0
DA:300,0
DA:301,0
DA:302,0
DA:305,0
DA:317,0
DA:328,0
DA:329,0
DA:330,0
DA:333,0
DA:334,0
DA:336,0
DA:337,0
DA:339,0
DA:340,0
DA:351,0
DA:352,0
DA:353,0
DA:356,0
DA:358,0
DA:359,0
DA:361,0
DA:362,0
DA:363,0
DA:364,0
DA:366,0
DA:367,0
DA:369,0
DA:370,0
DA:373,0
DA:374,0
DA:375,0
DA:378,0
DA:379,0
DA:380,0
DA:384,0
DA:385,0
DA:386,0
DA:387,0
DA:388,0
DA:389,0
DA:391,0
DA:392,0
DA:395,0
DA:396,0
DA:397,0
DA:398,0
DA:399,0
DA:400,0
DA:401,0
DA:402,0
DA:403,0
DA:405,0
DA:406,0
DA:407,0
DA:412,0
DA:413,0
DA:420,0
DA:421,0
DA:422,0
DA:424,0
DA:427,0
DA:441,0
DA:450,0
DA:451,0
DA:452,0
DA:453,0
DA:455,0
DA:456,0
DA:457,0
DA:459,0
DA:460,0
DA:461,0
DA:462,0
DA:465,0
DA:466,0
DA:467,0
DA:469,0
DA:471,0
DA:472,0
DA:473,0
DA:476,0
DA:477,0
DA:478,0
DA:479,0
DA:481,0
DA:482,0
DA:485,0
DA:486,0
DA:490,0
LF:153
LH:0
BRDA:86,0,0,0
BRDA:86,0,1,0
BRDA:86,1,0,0
BRDA:86,1,1,0
BRDA:87,2,0,0
BRDA:87,2,1,0
BRDA:91,3,0,0
BRDA:91,3,1,0
BRDA:91,4,0,0
BRDA:91,4,1,0
BRDA:156,5,0,0
BRDA:156,5,1,0
BRDA:156,6,0,0
BRDA:156,6,1,0
BRDA:163,7,0,0
BRDA:163,7,1,0
BRDA:163,8,0,0
BRDA:163,8,1,0
BRDA:169,9,0,0
BRDA:169,9,1,0
BRDA:169,9,2,0
BRDA:170,10,0,0
BRDA:170,10,1,0
BRDA:170,10,2,0
BRDA:174,11,0,0
BRDA:174,11,1,0
BRDA:174,12,0,0
BRDA:174,12,1,0
BRDA:183,13,0,0
BRDA:183,13,1,0
BRDA:183,14,0,0
BRDA:183,14,1,0
BRDA:190,15,0,0
BRDA:190,15,1,0
BRDA:196,16,0,0
BRDA:196,16,1,0
BRDA:239,17,0,0
BRDA:239,17,1,0
BRDA:240,18,0,0
BRDA:240,18,1,0
BRDA:241,19,0,0
BRDA:241,19,1,0
BRDA:242,20,0,0
BRDA:242,20,1,0
BRDA:243,21,0,0
BRDA:243,21,1,0
BRDA:247,22,0,0
BRDA:247,22,1,0
BRDA:250,23,0,0
BRDA:250,23,1,0
BRDA:251,24,0,0
BRDA:251,24,1,0
BRDA:269,25,0,0
BRDA:269,25,1,0
BRDA:271,26,0,0
BRDA:271,26,1,0
BRDA:275,27,0,0
BRDA:275,27,1,0
BRDA:276,28,0,0
BRDA:276,28,1,0
BRDA:277,29,0,0
BRDA:277,29,1,0
BRDA:278,30,0,0
BRDA:278,30,1,0
BRDA:301,31,0,0
BRDA:301,31,1,0
BRDA:301,32,0,0
BRDA:301,32,1,0
BRDA:302,33,0,0
BRDA:302,33,1,0
BRDA:330,34,0,0
BRDA:330,34,1,0
BRDA:361,35,0,0
BRDA:361,35,1,0
BRDA:369,36,0,0
BRDA:369,36,1,0
BRDA:378,37,0,0
BRDA:378,37,1,0
BRDA:384,38,0,0
BRDA:384,38,1,0
BRDA:384,39,0,0
BRDA:384,39,1,0
BRDA:389,40,0,0
BRDA:389,40,1,0
BRDA:395,41,0,0
BRDA:395,41,1,0
BRDA:398,42,0,0
BRDA:398,42,1,0
BRDA:400,43,0,0
BRDA:400,43,1,0
BRDA:403,44,0,0
BRDA:403,44,1,0
BRDA:406,45,0,0
BRDA:406,45,1,0
BRDA:412,46,0,0
BRDA:412,46,1,0
BRDA:420,47,0,0
BRDA:420,47,1,0
BRDA:421,48,0,0
BRDA:421,48,1,0
BRDA:433,49,0,0
BRDA:433,49,1,0
BRDA:456,50,0,0
BRDA:456,50,1,0
BRDA:457,51,0,0
BRDA:457,51,1,0
BRDA:461,52,0,0
BRDA:461,52,1,0
BRDA:471,53,0,0
BRDA:471,53,1,0
BRDA:476,54,0,0
BRDA:476,54,1,0
BRDA:476,55,0,0
BRDA:476,55,1,0
BRDA:479,56,0,0
BRDA:479,56,1,0
BRF:116
BRH:0
end_of_record
TN:
SF:src/services/autoDesignService.ts
FN:183,buildFromScratchPrompt
FN:328,buildAssetContextPrompt
FN:336,(anonymous_2)
FN:380,(anonymous_3)
FN:380,(anonymous_4)
FN:381,(anonymous_5)
FN:431,callFromScratch
FN:456,(anonymous_7)
FN:463,callAssetContext
FN:510,(anonymous_9)
FN:531,callTemplateContent
FN:553,(anonymous_11)
FNF:12
FNH:0
FNDA:0,buildFromScratchPrompt
FNDA:0,buildAssetContextPrompt
FNDA:0,(anonymous_2)
FNDA:0,(anonymous_3)
FNDA:0,(anonymous_4)
FNDA:0,(anonymous_5)
FNDA:0,callFromScratch
FNDA:0,(anonymous_7)
FNDA:0,callAssetContext
FNDA:0,(anonymous_9)
FNDA:0,callTemplateContent
FNDA:0,(anonymous_11)
DA:94,0
DA:134,0
DA:184,0
DA:185,0
DA:186,0
DA:187,0
DA:188,0
DA:191,0
DA:192,0
DA:195,0
DA:205,0
DA:206,0
DA:207,0
DA:208,0
DA:216,0
DA:217,0
DA:225,0
DA:335,0
DA:336,0
DA:339,0
DA:340,0
DA:343,0
DA:344,0
DA:345,0
DA:346,0
DA:347,0
DA:348,0
DA:349,0
DA:350,0
DA:351,0
DA:352,0
DA:353,0
DA:356,0
DA:358,0
DA:360,0
DA:361,0
DA:362,0
DA:363,0
DA:366,0
DA:367,0
DA:368,0
DA:369,0
DA:373,0
DA:374,0
DA:375,0
DA:376,0
DA:377,0
DA:378,0
DA:380,0
DA:381,0
DA:383,0
DA:438,0
DA:439,0
DA:443,0
DA:452,0
DA:456,0
DA:457,0
DA:459,0
DA:460,0
DA:472,0
DA:475,0
DA:479,0
DA:506,0
DA:510,0
DA:511,0
DA:513,0
DA:514,0
DA:539,0
DA:541,0
DA:549,0
DA:553,0
DA:554,0
DA:557,0
DA:558,0
DA:559,0
DA:562,0
DA:563,0
DA:564,0
DA:572,0
LF:79
LH:0
BRDA:229,0,0,0
BRDA:229,0,1,0
BRDA:333,1,0,0
BRDA:358,2,0,0
BRDA:358,2,1,0
BRDA:373,3,0,0
BRDA:373,3,1,0
BRDA:374,4,0,0
BRDA:374,4,1,0
BRDA:375,5,0,0
BRDA:375,5,1,0
BRDA:377,6,0,0
BRDA:377,6,1,0
BRDA:378,7,0,0
BRDA:378,7,1,0
BRDA:381,8,0,0
BRDA:381,8,1,0
BRDA:393,9,0,0
BRDA:393,9,1,0
BRDA:399,10,0,0
BRDA:399,10,1,0
BRDA:400,11,0,0
BRDA:400,11,1,0
BRDA:400,12,0,0
BRDA:400,12,1,0
BRDA:400,13,0,0
BRDA:400,13,1,0
BRDA:400,14,0,0
BRDA:400,14,1,0
BRDA:404,15,0,0
BRDA:404,15,1,0
BRDA:408,16,0,0
BRDA:408,16,1,0
BRDA:436,17,0,0
BRDA:439,18,0,0
BRDA:439,18,1,0
BRDA:456,19,0,0
BRDA:456,19,1,0
BRDA:457,20,0,0
BRDA:457,20,1,0
BRDA:460,21,0,0
BRDA:460,21,1,0
BRDA:470,22,0,0
BRDA:475,23,0,0
BRDA:475,23,1,0
BRDA:476,24,0,0
BRDA:476,24,1,0
BRDA:510,25,0,0
BRDA:510,25,1,0
BRDA:511,26,0,0
BRDA:511,26,1,0
BRDA:516,27,0,0
BRDA:516,27,1,0
BRDA:517,28,0,0
BRDA:517,28,1,0
BRDA:537,29,0,0
BRDA:554,30,0,0
BRDA:554,30,1,0
BRDA:558,31,0,0
BRDA:558,31,1,0
BRDA:565,32,0,0
BRDA:565,32,1,0
BRDA:566,33,0,0
BRDA:566,33,1,0
BRDA:567,34,0,0
BRDA:567,34,1,0
BRDA:568,35,0,0
BRDA:568,35,1,0
BRF:68
BRH:0
end_of_record
TN:
SF:src/services/bannerDesignGuide.ts
FN:176,buildBannerStyleGuide
FN:231,getIndustryHints
FNF:2
FNH:0
FNDA:0,buildBannerStyleGuide
FNDA:0,getIndustryHints
DA:27,0
DA:113,0
DA:129,0
DA:144,0
DA:162,0
DA:177,0
DA:178,0
DA:180,0
DA:199,0
DA:232,0
DA:245,0
DA:250,0
LF:12
LH:0
BRDA:180,0,0,0
BRDA:180,0,1,0
BRDA:193,1,0,0
BRDA:193,1,1,0
BRDA:194,2,0,0
BRDA:194,2,1,0
BRDA:195,3,0,0
BRDA:195,3,1,0
BRDA:245,4,0,0
BRDA:245,4,1,0
BRF:10
BRH:0
end_of_record
TN:
SF:src/services/brandContextBuilder.ts
FN:15,buildBrandContextForPlanner
FN:16,(anonymous_1)
FN:17,(anonymous_2)
FN:18,(anonymous_3)
FN:19,(anonymous_4)
FN:36,(anonymous_5)
FN:50,(anonymous_6)
FN:55,(anonymous_7)
FN:60,(anonymous_8)
FN:65,(anonymous_9)
FN:108,buildAssetReferencesForExecutor
FN:110,(anonymous_11)
FN:111,(anonymous_12)
FN:133,buildBrandComplianceForCritic
FN:141,(anonymous_14)
FN:145,(anonymous_15)
FN:146,(anonymous_16)
FN:159,buildCompactBrandContext
FN:160,(anonymous_18)
FN:160,(anonymous_19)
FN:165,formatAssetLine
FNF:21
FNH:3
FNDA:0,buildBrandContextForPlanner
FNDA:0,(anonymous_1)
FNDA:0,(anonymous_2)
FNDA:0,(anonymous_3)
FNDA:0,(anonymous_4)
FNDA:0,(anonymous_5)
FNDA:0,(anonymous_6)
FNDA:0,(anonymous_7)
FNDA:0,(anonymous_8)
FNDA:0,(anonymous_9)
FNDA:0,buildAssetReferencesForExecutor
FNDA:0,(anonymous_11)
FNDA:0,(anonymous_12)
FNDA:2,buildBrandComplianceForCritic
FNDA:0,(anonymous_14)
FNDA:1,(anonymous_15)
FNDA:1,(anonymous_16)
FNDA:0,buildCompactBrandContext
FNDA:0,(anonymous_18)
FNDA:0,(anonymous_19)
FNDA:0,formatAssetLine
DA:16,0
DA:17,0
DA:18,0
DA:19,0
DA:21,0
DA:24,0
DA:27,0
DA:34,0
DA:35,0
DA:36,0
DA:38,0
DA:42,0
DA:48,0
DA:49,0
DA:50,0
DA:53,0
DA:54,0
DA:55,0
DA:58,0
DA:59,0
DA:60,0
DA:63,0
DA:64,0
DA:65,0
DA:69,0
DA:70,0
DA:71,0
DA:73,0
DA:74,0
DA:76,0
DA:77,0
DA:79,0
DA:80,0
DA:84,0
DA:92,0
DA:109,0
DA:110,0
DA:111,0
DA:134,2
DA:141,0
DA:145,1
DA:146,1
DA:160,0
DA:166,0
DA:167,0
DA:168,0
LF:46
LH:3
BRDA:16,0,0,0
BRDA:16,0,1,0
BRDA:17,1,0,0
BRDA:17,1,1,0
BRDA:18,2,0,0
BRDA:18,2,1,0
BRDA:19,3,0,0
BRDA:19,3,1,0
BRDA:34,4,0,0
BRDA:34,4,1,0
BRDA:48,5,0,0
BRDA:48,5,1,0
BRDA:53,6,0,0
BRDA:53,6,1,0
BRDA:58,7,0,0
BRDA:58,7,1,0
BRDA:63,8,0,0
BRDA:63,8,1,0
BRDA:70,9,0,0
BRDA:70,9,1,0
BRDA:76,10,0,0
BRDA:76,10,1,0
BRDA:79,11,0,0
BRDA:79,11,1,0
BRDA:145,12,0,1
BRDA:145,12,1,1
BRDA:160,13,0,0
BRDA:160,13,1,0
BRDA:160,14,0,0
BRDA:160,14,1,0
BRDA:166,15,0,0
BRDA:166,15,1,0
BRDA:167,16,0,0
BRDA:167,16,1,0
BRF:34
BRH:2
end_of_record
TN:
SF:src/services/cloudSyncService.ts
FN:26,notify
FN:28,onCloudSyncChange
FN:30,(anonymous_2)
FN:33,getCloudSyncState
FN:43,pushToCloud
FN:114,pullFromCloud
FN:152,(anonymous_6)
FN:188,startAutoSync
FN:189,(anonymous_8)
FN:194,(anonymous_9)
FN:201,(anonymous_10)
FN:205,(anonymous_11)
FN:208,(anonymous_12)
FNF:13
FNH:0
FNDA:0,notify
FNDA:0,onCloudSyncChange
FNDA:0,(anonymous_2)
FNDA:0,getCloudSyncState
FNDA:0,pushToCloud
FNDA:0,pullFromCloud
FNDA:0,(anonymous_6)
FNDA:0,startAutoSync
FNDA:0,(anonymous_8)
FNDA:0,(anonymous_9)
FNDA:0,(anonymous_10)
FNDA:0,(anonymous_11)
FNDA:0,(anonymous_12)
DA:23,0
DA:24,0
DA:26,0
DA:29,0
DA:30,0
DA:34,0
DA:44,0
DA:45,0
DA:46,0
DA:47,0
DA:48,0
DA:51,0
DA:52,0
DA:54,0
DA:56,0
DA:57,0
DA:60,0
DA:62,0
DA:73,0
DA:74,0
DA:79,0
DA:80,0
DA:90,0
DA:91,0
DA:95,0
DA:96,0
DA:97,0
DA:98,0
DA:100,0
DA:101,0
DA:102,0
DA:103,0
DA:104,0
DA:115,0
DA:116,0
DA:117,0
DA:118,0
DA:119,0
DA:122,0
DA:123,0
DA:125,0
DA:127,0
DA:134,0
DA:135,0
DA:139,0
DA:145,0
DA:146,0
DA:150,0
DA:151,0
DA:152,0
DA:154,0
DA:155,0
DA:157,0
DA:160,0
DA:163,0
DA:165,0
DA:168,0
DA:169,0
DA:170,0
DA:172,0
DA:173,0
DA:174,0
DA:175,0
DA:176,0
DA:182,0
DA:189,0
DA:192,0
DA:194,0
DA:195,0
DA:196,0
DA:201,0
DA:202,0
DA:205,0
DA:206,0
DA:208,0
DA:209,0
DA:210,0
DA:211,0
DA:212,0
LF:79
LH:0
BRDA:45,0,0,0
BRDA:45,0,1,0
BRDA:68,1,0,0
BRDA:68,1,1,0
BRDA:69,2,0,0
BRDA:69,2,1,0
BRDA:73,3,0,0
BRDA:73,3,1,0
BRDA:79,4,0,0
BRDA:79,4,1,0
BRDA:90,5,0,0
BRDA:90,5,1,0
BRDA:100,6,0,0
BRDA:100,6,1,0
BRDA:116,7,0,0
BRDA:116,7,1,0
BRDA:134,8,0,0
BRDA:134,8,1,0
BRDA:145,9,0,0
BRDA:145,9,1,0
BRDA:150,10,0,0
BRDA:150,10,1,0
BRDA:150,11,0,0
BRDA:150,11,1,0
BRDA:155,12,0,0
BRDA:155,12,1,0
BRDA:163,13,0,0
BRDA:163,13,1,0
BRDA:163,14,0,0
BRDA:163,14,1,0
BRDA:172,15,0,0
BRDA:172,15,1,0
BRDA:188,16,0,0
BRDA:189,17,0,0
BRDA:189,17,1,0
BRDA:195,18,0,0
BRDA:195,18,1,0
BRDA:209,19,0,0
BRDA:209,19,1,0
BRF:39
BRH:0
end_of_record
TN:
SF:src/services/designStyleGuides.ts
FN:178,generateColorPalette
FN:218,(anonymous_1)
FN:270,selectStyleGuide
FN:276,buildStylePromptForAI
FN:319,hexToRgb
FN:324,rgbToHex
FN:325,(anonymous_6)
FN:328,darken
FN:333,lighten
FNF:9
FNH:0
FNDA:0,generateColorPalette
FNDA:0,(anonymous_1)
FNDA:0,selectStyleGuide
FNDA:0,buildStylePromptForAI
FNDA:0,hexToRgb
FNDA:0,rgbToHex
FNDA:0,(anonymous_6)
FNDA:0,darken
FNDA:0,lighten
DA:81,0
DA:116,0
DA:182,0
DA:183,0
DA:214,0
DA:218,0
DA:219,0
DA:221,0
DA:222,0
DA:223,0
DA:226,0
DA:229,0
DA:257,0
DA:259,0
DA:260,0
DA:271,0
DA:277,0
DA:278,0
DA:280,0
DA:320,0
DA:321,0
DA:325,0
DA:329,0
DA:330,0
DA:334,0
DA:335,0
DA:339,0
LF:27
LH:0
BRDA:219,0,0,0
BRDA:219,0,1,0
BRDA:222,1,0,0
BRDA:222,1,1,0
BRDA:232,2,0,0
BRDA:232,2,1,0
BRDA:233,3,0,0
BRDA:233,3,1,0
BRDA:236,4,0,0
BRDA:236,4,1,0
BRDA:237,5,0,0
BRDA:237,5,1,0
BRDA:238,6,0,0
BRDA:238,6,1,0
BRDA:239,7,0,0
BRDA:239,7,1,0
BRDA:240,8,0,0
BRDA:240,8,1,0
BRDA:241,9,0,0
BRDA:241,9,1,0
BRDA:242,10,0,0
BRDA:242,10,1,0
BRDA:243,11,0,0
BRDA:243,11,1,0
BRDA:244,12,0,0
BRDA:244,12,1,0
BRDA:245,13,0,0
BRDA:245,13,1,0
BRDA:245,13,2,0
BRDA:246,14,0,0
BRDA:246,14,1,0
BRDA:247,15,0,0
BRDA:247,15,1,0
BRDA:251,16,0,0
BRDA:251,16,1,0
BRDA:252,17,0,0
BRDA:252,17,1,0
BRDA:254,18,0,0
BRDA:254,18,1,0
BRDA:257,19,0,0
BRDA:257,19,1,0
BRDA:257,20,0,0
BRDA:257,20,1,0
BRF:43
BRH:0
end_of_record
TN:
SF:src/services/designTemplates.ts
FN:38,hex
FN:47,classifyAspect
FN:65,(anonymous_2)
FN:121,(anonymous_3)
FN:181,(anonymous_4)
FN:235,(anonymous_5)
FN:299,(anonymous_6)
FN:357,(anonymous_7)
FN:417,(anonymous_8)
FN:469,(anonymous_9)
FN:519,(anonymous_10)
FN:568,(anonymous_11)
FN:631,(anonymous_12)
FN:680,(anonymous_13)
FN:747,selectTemplate
FN:751,(anonymous_15)
FN:765,buildContentPrompt
FNF:17
FNH:0
FNDA:0,hex
FNDA:0,classifyAspect
FNDA:0,(anonymous_2)
FNDA:0,(anonymous_3)
FNDA:0,(anonymous_4)
FNDA:0,(anonymous_5)
FNDA:0,(anonymous_6)
FNDA:0,(anonymous_7)
FNDA:0,(anonymous_8)
FNDA:0,(anonymous_9)
FNDA:0,(anonymous_10)
FNDA:0,(anonymous_11)
FNDA:0,(anonymous_12)
FNDA:0,(anonymous_13)
FNDA:0,selectTemplate
FNDA:0,(anonymous_15)
FNDA:0,buildContentPrompt
DA:39,0
DA:40,0
DA:48,0
DA:49,0
DA:50,0
DA:51,0
DA:52,0
DA:60,0
DA:66,0
DA:67,0
DA:68,0
DA:69,0
DA:70,0
DA:71,0
DA:72,0
DA:73,0
DA:76,0
DA:77,0
DA:78,0
DA:80,0
DA:116,0
DA:122,0
DA:123,0
DA:124,0
DA:125,0
DA:126,0
DA:127,0
DA:128,0
DA:129,0
DA:131,0
DA:132,0
DA:134,0
DA:176,0
DA:182,0
DA:183,0
DA:185,0
DA:186,0
DA:187,0
DA:188,0
DA:189,0
DA:190,0
DA:192,0
DA:230,0
DA:236,0
DA:237,0
DA:238,0
DA:239,0
DA:240,0
DA:241,0
DA:242,0
DA:243,0
DA:244,0
DA:246,0
DA:294,0
DA:300,0
DA:301,0
DA:302,0
DA:303,0
DA:304,0
DA:305,0
DA:306,0
DA:307,0
DA:309,0
DA:352,0
DA:358,0
DA:359,0
DA:360,0
DA:361,0
DA:362,0
DA:363,0
DA:364,0
DA:365,0
DA:367,0
DA:412,0
DA:418,0
DA:419,0
DA:420,0
DA:421,0
DA:422,0
DA:423,0
DA:424,0
DA:425,0
DA:427,0
DA:464,0
DA:470,0
DA:471,0
DA:472,0
DA:473,0
DA:474,0
DA:475,0
DA:477,0
DA:514,0
DA:520,0
DA:521,0
DA:522,0
DA:523,0
DA:524,0
DA:525,0
DA:526,0
DA:528,0
DA:563,0
DA:569,0
DA:570,0
DA:571,0
DA:572,0
DA:573,0
DA:574,0
DA:575,0
DA:576,0
DA:578,0
DA:579,0
DA:580,0
DA:582,0
DA:626,0
DA:632,0
DA:633,0
DA:634,0
DA:635,0
DA:636,0
DA:637,0
DA:638,0
DA:640,0
DA:675,0
DA:681,0
DA:682,0
DA:683,0
DA:684,0
DA:685,0
DA:686,0
DA:687,0
DA:688,0
DA:690,0
DA:725,0
DA:745,0
DA:748,0
DA:751,0
DA:752,0
DA:755,0
DA:758,0
DA:759,0
DA:766,0
DA:767,0
DA:768,0
DA:770,0
DA:771,0
DA:773,0
LF:146
LH:0
BRDA:49,0,0,0
BRDA:49,0,1,0
BRDA:50,1,0,0
BRDA:50,1,1,0
BRDA:51,2,0,0
BRDA:51,2,1,0
BRDA:752,3,0,0
BRDA:752,3,1,0
BRDA:755,4,0,0
BRDA:755,4,1,0
BRDA:755,5,0,0
BRDA:755,5,1,0
BRDA:765,6,0,0
BRDA:768,7,0,0
BRDA:768,7,1,0
BRDA:770,8,0,0
BRDA:770,8,1,0
BRDA:770,9,0,0
BRDA:770,9,1,0
BRDA:771,10,0,0
BRDA:771,10,1,0
BRDA:794,11,0,0
BRDA:794,11,1,0
BRF:23
BRH:0
end_of_record
TN:
SF:src/services/designTokens.ts
FN:26,deriveDesignTokens
FN:39,(anonymous_1)
FN:83,buildTokenPromptForAI
FN:86,(anonymous_3)
FN:87,(anonymous_4)
FN:88,(anonymous_5)
FN:89,(anonymous_6)
FN:92,(anonymous_7)
FN:93,(anonymous_8)
FN:94,(anonymous_9)
FN:95,(anonymous_10)
FN:100,(anonymous_11)
FNF:12
FNH:0
FNDA:0,deriveDesignTokens
FNDA:0,(anonymous_1)
FNDA:0,buildTokenPromptForAI
FNDA:0,(anonymous_3)
FNDA:0,(anonymous_4)
FNDA:0,(anonymous_5)
FNDA:0,(anonymous_6)
FNDA:0,(anonymous_7)
FNDA:0,(anonymous_8)
FNDA:0,(anonymous_9)
FNDA:0,(anonymous_10)
FNDA:0,(anonymous_11)
DA:27,0
DA:30,0
DA:39,0
DA:40,0
DA:49,0
DA:50,0
DA:62,0
DA:71,0
DA:78,0
DA:84,0
DA:86,0
DA:87,0
DA:88,0
DA:89,0
DA:91,0
DA:92,0
DA:93,0
DA:94,0
DA:95,0
DA:98,0
DA:99,0
DA:100,0
DA:103,0
LF:23
LH:0
BRDA:44,0,0,0
BRDA:44,0,1,0
BRDA:52,1,0,0
BRDA:52,1,1,0
BRDA:55,2,0,0
BRDA:55,2,1,0
BRDA:57,3,0,0
BRDA:57,3,1,0
BRDA:92,4,0,0
BRDA:92,4,1,0
BRDA:93,5,0,0
BRDA:93,5,1,0
BRDA:94,6,0,0
BRDA:94,6,1,0
BRDA:95,7,0,0
BRDA:95,7,1,0
BRDA:99,8,0,0
BRDA:99,8,1,0
BRDA:100,9,0,0
BRDA:100,9,1,0
BRDA:100,10,0,0
BRDA:100,10,1,0
BRDA:100,11,0,0
BRDA:100,11,1,0
BRDA:100,12,0,0
BRDA:100,12,1,0
BRF:26
BRH:0
end_of_record
TN:
SF:src/services/goldenExamples.ts
FN:364,buildGoldenExamplePrompt
FN:372,(anonymous_1)
FN:386,(anonymous_2)
FN:398,(anonymous_3)
FNF:4
FNH:0
FNDA:0,buildGoldenExamplePrompt
FNDA:0,(anonymous_1)
FNDA:0,(anonymous_2)
FNDA:0,(anonymous_3)
DA:22,0
DA:92,0
DA:157,0
DA:216,0
DA:286,0
DA:351,0
DA:369,0
DA:372,0
DA:373,0
DA:375,0
DA:377,0
DA:378,0
DA:379,0
DA:380,0
DA:381,0
DA:382,0
DA:386,0
DA:387,0
DA:389,0
DA:391,0
DA:395,0
DA:396,0
DA:397,0
DA:398,0
DA:400,0
DA:401,0
DA:402,0
DA:403,0
DA:404,0
DA:405,0
DA:406,0
DA:407,0
DA:408,0
DA:409,0
DA:410,0
DA:411,0
DA:413,0
DA:416,0
DA:428,0
LF:39
LH:0
BRDA:375,0,0,0
BRDA:375,0,1,0
BRDA:379,1,0,0
BRDA:379,1,1,0
BRDA:379,2,0,0
BRDA:379,2,1,0
BRDA:380,3,0,0
BRDA:380,3,1,0
BRDA:389,4,0,0
BRDA:389,4,1,0
BRDA:401,5,0,0
BRDA:401,5,1,0
BRDA:402,6,0,0
BRDA:402,6,1,0
BRDA:402,7,0,0
BRDA:402,7,1,0
BRDA:403,8,0,0
BRDA:403,8,1,0
BRDA:404,9,0,0
BRDA:404,9,1,0
BRDA:405,10,0,0
BRDA:405,10,1,0
BRDA:406,11,0,0
BRDA:406,11,1,0
BRDA:407,12,0,0
BRDA:407,12,1,0
BRDA:408,13,0,0
BRDA:408,13,1,0
BRDA:409,14,0,0
BRDA:409,14,1,0
BRDA:410,15,0,0
BRDA:410,15,1,0
BRF:32
BRH:0
end_of_record
TN:
SF:src/services/imageGenClient.ts
FN:69,generateImage
FN:103,buildEnhancedPrompt
FN:127,callImageGenApi
FN:209,extractImageUrl
FN:281,clampDimension
FN:295,generateFallbackImage
FN:353,getColorsForStyle
FN:383,generateBackgroundImage
FNF:8
FNH:0
FNDA:0,generateImage
FNDA:0,buildEnhancedPrompt
FNDA:0,callImageGenApi
FNDA:0,extractImageUrl
FNDA:0,clampDimension
FNDA:0,generateFallbackImage
FNDA:0,getColorsForStyle
FNDA:0,generateBackgroundImage
DA:73,0
DA:75,0
DA:76,0
DA:77,0
DA:80,0
DA:81,0
DA:82,0
DA:85,0
DA:86,0
DA:88,0
DA:89,0
DA:90,0
DA:91,0
DA:104,0
DA:106,0
DA:107,0
DA:114,0
DA:117,0
DA:118,0
DA:122,0
DA:124,0
DA:133,0
DA:134,0
DA:136,0
DA:140,0
DA:143,0
DA:147,0
DA:156,0
DA:157,0
DA:163,0
DA:164,0
DA:166,0
DA:168,0
DA:175,0
DA:176,0
DA:177,0
DA:180,0
DA:185,0
DA:187,0
DA:188,0
DA:191,0
DA:211,0
DA:212,0
DA:214,0
DA:217,0
DA:218,0
DA:219,0
DA:221,0
DA:222,0
DA:224,0
DA:228,0
DA:229,0
DA:230,0
DA:231,0
DA:233,0
DA:234,0
DA:240,0
DA:241,0
DA:242,0
DA:243,0
DA:248,0
DA:251,0
DA:252,0
DA:253,0
DA:256,0
DA:257,0
DA:259,0
DA:263,0
DA:264,0
DA:265,0
DA:266,0
DA:268,0
DA:269,0
DA:274,0
DA:282,0
DA:283,0
DA:284,0
DA:285,0
DA:286,0
DA:296,0
DA:298,0
DA:302,0
DA:303,0
DA:304,0
DA:305,0
DA:307,0
DA:308,0
DA:318,0
DA:319,0
DA:320,0
DA:321,0
DA:322,0
DA:323,0
DA:325,0
DA:326,0
DA:327,0
DA:328,0
DA:330,0
DA:331,0
DA:334,0
DA:335,0
DA:336,0
DA:337,0
DA:338,0
DA:339,0
DA:340,0
DA:342,0
DA:344,0
DA:354,0
DA:356,0
DA:358,0
DA:360,0
DA:362,0
DA:365,0
DA:391,0
DA:398,0
LF:116
LH:0
BRDA:75,0,0,0
BRDA:75,0,1,0
BRDA:80,1,0,0
BRDA:80,1,1,0
BRDA:81,2,0,0
BRDA:81,2,1,0
BRDA:90,3,0,0
BRDA:90,3,1,0
BRDA:106,4,0,0
BRDA:106,4,1,0
BRDA:114,5,0,0
BRDA:114,5,1,0
BRDA:117,6,0,0
BRDA:117,6,1,0
BRDA:117,7,0,0
BRDA:117,7,1,0
BRDA:133,8,0,0
BRDA:133,8,1,0
BRDA:143,9,0,0
BRDA:143,9,1,0
BRDA:143,10,0,0
BRDA:143,10,1,0
BRDA:143,10,2,0
BRDA:156,11,0,0
BRDA:156,11,1,0
BRDA:156,12,0,0
BRDA:156,12,1,0
BRDA:156,12,2,0
BRDA:175,13,0,0
BRDA:175,13,1,0
BRDA:187,14,0,0
BRDA:187,14,1,0
BRDA:196,15,0,0
BRDA:196,15,1,0
BRDA:211,16,0,0
BRDA:211,16,1,0
BRDA:214,17,0,0
BRDA:214,17,1,0
BRDA:217,18,0,0
BRDA:217,18,1,0
BRDA:218,19,0,0
BRDA:218,19,1,0
BRDA:221,20,0,0
BRDA:221,20,1,0
BRDA:228,21,0,0
BRDA:228,21,1,0
BRDA:230,22,0,0
BRDA:230,22,1,0
BRDA:233,23,0,0
BRDA:233,23,1,0
BRDA:233,24,0,0
BRDA:233,24,1,0
BRDA:234,25,0,0
BRDA:234,25,1,0
BRDA:240,26,0,0
BRDA:240,26,1,0
BRDA:242,27,0,0
BRDA:242,27,1,0
BRDA:243,28,0,0
BRDA:243,28,1,0
BRDA:251,29,0,0
BRDA:251,29,1,0
BRDA:252,30,0,0
BRDA:252,30,1,0
BRDA:256,31,0,0
BRDA:256,31,1,0
BRDA:256,32,0,0
BRDA:256,32,1,0
BRDA:263,33,0,0
BRDA:263,33,1,0
BRDA:265,34,0,0
BRDA:265,34,1,0
BRDA:265,35,0,0
BRDA:265,35,1,0
BRDA:268,36,0,0
BRDA:268,36,1,0
BRDA:268,37,0,0
BRDA:268,37,1,0
BRDA:269,38,0,0
BRDA:269,38,1,0
BRDA:298,39,0,0
BRDA:298,39,1,0
BRDA:298,40,0,0
BRDA:298,40,1,0
BRDA:300,41,0,0
BRDA:300,41,1,0
BRDA:307,42,0,0
BRDA:307,42,1,0
BRDA:327,43,0,0
BRDA:327,43,1,0
BRDA:328,44,0,0
BRDA:328,44,1,0
BRDA:354,45,0,0
BRDA:354,45,1,0
BRDA:354,45,2,0
BRDA:354,45,3,0
BRDA:354,45,4,0
BRDA:354,45,5,0
BRF:98
BRH:0
end_of_record
TN:
SF:src/services/modelRouter.ts
FN:112,getModelForRole
FN:117,getModelId
FN:122,getMaxTokens
FN:127,listModels
FNF:4
FNH:4
FNDA:6,getModelForRole
FNDA:2,getModelId
FNDA:2,getMaxTokens
FNDA:1,listModels
DA:39,4
DA:113,6
DA:118,2
DA:123,2
DA:128,1
DA:129,1
DA:130,7
DA:132,1
LF:8
LH:8
BRF:0
BRH:0
end_of_record
TN:
SF:src/services/openRouterClient.ts
FN:20,getOpenRouterUrl
FN:30,getOpenRouterHeaders
FN:46,convertAnthropicToOpenRouter
FN:64,(anonymous_3)
FN:65,(anonymous_4)
FN:70,(anonymous_5)
FN:75,(anonymous_6)
FN:87,(anonymous_7)
FN:96,(anonymous_8)
FN:137,(anonymous_9)
FN:172,convertResponseToAnthropic
FN:225,callOpenRouterApi
FN:267,callWithRole
FNF:13
FNH:0
FNDA:0,getOpenRouterUrl
FNDA:0,getOpenRouterHeaders
FNDA:0,convertAnthropicToOpenRouter
FNDA:0,(anonymous_3)
FNDA:0,(anonymous_4)
FNDA:0,(anonymous_5)
FNDA:0,(anonymous_6)
FNDA:0,(anonymous_7)
FNDA:0,(anonymous_8)
FNDA:0,(anonymous_9)
FNDA:0,convertResponseToAnthropic
FNDA:0,callOpenRouterApi
FNDA:0,callWithRole
DA:16,3
DA:22,0
DA:23,0
DA:31,0
DA:47,0
DA:49,0
DA:52,0
DA:53,0
DA:57,0
DA:58,0
DA:60,0
DA:61,0
DA:62,0
DA:64,0
DA:65,0
DA:68,0
DA:69,0
DA:70,0
DA:72,0
DA:74,0
DA:75,0
DA:84,0
DA:85,0
DA:87,0
DA:89,0
DA:91,0
DA:92,0
DA:93,0
DA:96,0
DA:98,0
DA:108,0
DA:109,0
DA:110,0
DA:111,0
DA:112,0
DA:114,0
DA:115,0
DA:116,0
DA:123,0
DA:129,0
DA:136,0
DA:137,0
DA:149,0
DA:150,0
DA:151,0
DA:154,0
DA:155,0
DA:156,0
DA:157,0
DA:158,0
DA:159,0
DA:161,0
DA:165,0
DA:174,0
DA:175,0
DA:176,0
DA:178,0
DA:179,0
DA:182,0
DA:183,0
DA:187,0
DA:188,0
DA:189,0
DA:199,0
DA:200,0
DA:201,0
DA:202,0
DA:203,0
DA:204,0
DA:207,0
DA:229,0
DA:230,0
DA:231,0
DA:234,0
DA:235,0
DA:237,0
DA:239,0
DA:246,0
DA:247,0
DA:248,0
DA:249,0
DA:251,0
DA:252,0
DA:254,0
DA:257,0
DA:258,0
DA:272,0
DA:285,3
DA:286,3
LF:89
LH:3
BRDA:22,0,0,0
BRDA:22,0,1,0
BRDA:23,1,0,0
BRDA:23,1,1,0
BRDA:47,2,0,0
BRDA:47,2,1,0
BRDA:52,3,0,0
BRDA:52,3,1,0
BRDA:58,4,0,0
BRDA:58,4,1,0
BRDA:61,5,0,0
BRDA:61,5,1,0
BRDA:62,6,0,0
BRDA:62,6,1,0
BRDA:69,7,0,0
BRDA:69,7,1,0
BRDA:74,8,0,0
BRDA:74,8,1,0
BRDA:79,9,0,0
BRDA:79,9,1,0
BRDA:80,10,0,0
BRDA:80,10,1,0
BRDA:85,11,0,0
BRDA:85,11,1,0
BRDA:89,12,0,0
BRDA:89,12,1,0
BRDA:92,13,0,0
BRDA:92,13,1,0
BRDA:93,14,0,0
BRDA:93,14,1,0
BRDA:95,15,0,0
BRDA:95,15,1,0
BRDA:96,16,0,0
BRDA:96,16,1,0
BRDA:97,17,0,0
BRDA:97,17,1,0
BRDA:110,18,0,0
BRDA:110,18,1,0
BRDA:112,19,0,0
BRDA:112,19,1,0
BRDA:115,20,0,0
BRDA:115,20,1,0
BRDA:132,21,0,0
BRDA:132,21,1,0
BRDA:136,22,0,0
BRDA:136,22,1,0
BRDA:136,23,0,0
BRDA:136,23,1,0
BRDA:140,24,0,0
BRDA:140,24,1,0
BRDA:141,25,0,0
BRDA:141,25,1,0
BRDA:143,26,0,0
BRDA:143,26,1,0
BRDA:143,26,2,0
BRDA:149,27,0,0
BRDA:149,27,1,0
BRDA:151,28,0,0
BRDA:151,28,1,0
BRDA:151,29,0,0
BRDA:151,29,1,0
BRDA:155,30,0,0
BRDA:155,30,1,0
BRDA:155,31,0,0
BRDA:155,31,1,0
BRDA:157,32,0,0
BRDA:157,32,1,0
BRDA:157,33,0,0
BRDA:157,33,1,0
BRDA:159,34,0,0
BRDA:159,34,1,0
BRDA:174,35,0,0
BRDA:174,35,1,0
BRDA:176,36,0,0
BRDA:176,36,1,0
BRDA:178,37,0,0
BRDA:178,37,1,0
BRDA:182,38,0,0
BRDA:182,38,1,0
BRDA:187,39,0,0
BRDA:187,39,1,0
[...]
BRDA:611,78,1,1
BRDA:622,79,0,0
BRDA:622,79,1,3
BRDA:632,80,0,0
BRDA:632,80,1,1
BRDA:650,81,0,0
BRDA:650,81,1,3
BRDA:653,82,0,0
BRDA:653,82,1,0
BRDA:657,83,0,0
BRDA:657,83,1,0
BRDA:663,84,0,0
BRDA:663,84,1,3
BRDA:664,85,0,0
BRDA:664,85,1,0
BRDA:680,86,0,0
BRDA:680,86,1,0
BRDA:682,87,0,0
BRDA:682,87,1,0
BRDA:683,88,0,0
BRDA:683,88,1,0
BRDA:685,89,0,0
BRDA:685,89,1,0
BRDA:685,90,0,0
BRDA:685,90,1,0
BRDA:686,91,0,0
BRDA:686,91,1,0
BRDA:689,92,0,0
BRDA:689,92,1,0
BRDA:698,93,0,0
BRDA:698,93,1,0
BRDA:698,94,0,0
BRDA:698,94,1,0
BRDA:704,95,0,3
BRDA:704,95,1,0
BRDA:707,96,0,0
BRDA:707,96,1,0
BRDA:707,97,0,0
BRDA:707,97,1,0
BRDA:715,98,0,0
BRDA:715,98,1,0
BRF:200
BRH:36
end_of_record
TN:
SF:src/stores/editorStore.ts
FN:35,(anonymous_0)
FN:44,(anonymous_1)
FN:46,(anonymous_2)
FN:48,(anonymous_3)
FN:49,(anonymous_4)
FN:55,(anonymous_5)
FN:57,(anonymous_6)
FN:59,(anonymous_7)
FN:61,(anonymous_8)
FN:63,(anonymous_9)
FNF:10
FNH:10
FNDA:1,(anonymous_0)
FNDA:2,(anonymous_1)
FNDA:4,(anonymous_2)
FNDA:2,(anonymous_3)
FNDA:2,(anonymous_4)
FNDA:1,(anonymous_5)
FNDA:2,(anonymous_6)
FNDA:5,(anonymous_7)
FNDA:2,(anonymous_8)
FNDA:2,(anonymous_9)
DA:35,1
DA:44,2
DA:46,4
DA:49,2
DA:55,1
DA:57,2
DA:59,5
DA:61,2
DA:63,2
LF:9
LH:9
BRDA:50,0,0,1
BRDA:50,0,1,1
BRF:2
BRH:2
end_of_record
TN:
SF:src/stores/historyStore.ts
FN:56,(anonymous_0)
FN:64,(anonymous_1)
FN:67,(anonymous_2)
FN:90,(anonymous_3)
FN:109,(anonymous_4)
FN:127,(anonymous_5)
FN:129,(anonymous_6)
FN:131,(anonymous_7)
FN:131,(anonymous_8)
FNF:9
FNH:9
FNDA:1,(anonymous_0)
FNDA:23,(anonymous_1)
FNDA:22,(anonymous_2)
FNDA:8,(anonymous_3)
FNDA:5,(anonymous_4)
FNDA:1,(anonymous_5)
FNDA:2,(anonymous_6)
FNDA:1,(anonymous_7)
FNDA:3,(anonymous_8)
DA:56,1
DA:65,23
DA:67,22
DA:68,22
DA:75,22
DA:77,22
DA:78,1
DA:81,22
DA:91,8
DA:92,8
DA:94,7
DA:95,7
DA:96,7
DA:98,7
DA:106,7
DA:110,5
DA:111,5
DA:113,4
DA:114,4
DA:115,4
DA:117,4
DA:124,4
DA:127,1
DA:129,2
DA:131,3
LF:25
LH:25
BRDA:65,0,0,1
BRDA:65,0,1,22
BRDA:77,1,0,1
BRDA:77,1,1,21
BRDA:92,2,0,1
BRDA:92,2,1,7
BRDA:106,3,0,6
BRDA:106,3,1,1
BRDA:111,4,0,1
BRDA:111,4,1,4
BRF:10
BRH:10
end_of_record
TN:
SF:src/stores/idbStorageAdapter.ts
FN:22,(anonymous_0)
FN:32,(anonymous_1)
FN:50,(anonymous_2)
FNF:3
FNH:2
FNDA:8,(anonymous_0)
FNDA:323,(anonymous_1)
FNDA:0,(anonymous_2)
DA:21,7
DA:23,8
DA:24,8
DA:25,0
DA:27,8
DA:28,8
DA:33,323
DA:34,323
DA:40,323
DA:41,323
DA:42,323
DA:45,0
DA:51,0
DA:52,0
DA:54,0
DA:57,0
DA:58,0
LF:17
LH:10
BRDA:25,0,0,0
BRDA:25,0,1,0
BRF:2
BRH:0
end_of_record
TN:
SF:src/stores/projectStore.ts
FN:76,(anonymous_0)
FN:90,(anonymous_1)
FN:92,(anonymous_2)
FN:106,(anonymous_3)
FN:107,(anonymous_4)
FN:118,(anonymous_5)
FN:119,(anonymous_6)
FN:120,(anonymous_7)
FN:132,(anonymous_8)
FN:133,(anonymous_9)
FN:134,(anonymous_10)
FN:142,(anonymous_11)
FN:143,(anonymous_12)
FN:144,(anonymous_13)
FN:160,(anonymous_14)
FN:161,(anonymous_15)
FN:162,(anonymous_16)
FN:167,(anonymous_17)
FN:168,(anonymous_18)
FN:169,(anonymous_19)
FN:171,(anonymous_20)
FN:176,(anonymous_21)
FN:177,(anonymous_22)
FN:178,(anonymous_23)
FN:190,(anonymous_24)
FN:191,(anonymous_25)
FN:199,(anonymous_26)
FN:199,(anonymous_27)
FN:200,(anonymous_28)
FN:201,(anonymous_29)
FN:211,(anonymous_30)
FN:212,(anonymous_31)
FN:213,(anonymous_32)
FN:221,(anonymous_33)
FN:221,(anonymous_34)
FN:222,(anonymous_35)
FN:222,(anonymous_36)
FN:223,(anonymous_37)
FN:224,(anonymous_38)
FN:231,(anonymous_39)
FN:232,(anonymous_40)
FN:233,(anonymous_41)
FN:242,(anonymous_42)
FN:246,(anonymous_43)
FN:247,(anonymous_44)
FN:253,(anonymous_45)
FN:262,(anonymous_46)
FN:272,(anonymous_47)
FN:274,(anonymous_48)
FN:291,_applyExternalSync
FN:307,_broadcastSync
FN:318,(anonymous_51)
FN:330,(anonymous_52)
FNF:53
FNH:32
FNDA:1,(anonymous_0)
FNDA:11,(anonymous_1)
FNDA:11,(anonymous_2)
FNDA:2,(anonymous_3)
FNDA:2,(anonymous_4)
FNDA:7,(anonymous_5)
FNDA:7,(anonymous_6)
FNDA:7,(anonymous_7)
FNDA:1,(anonymous_8)
FNDA:1,(anonymous_9)
FNDA:1,(anonymous_10)
FNDA:1,(anonymous_11)
FNDA:1,(anonymous_12)
FNDA:1,(anonymous_13)
FNDA:0,(anonymous_14)
FNDA:0,(anonymous_15)
FNDA:0,(anonymous_16)
FNDA:0,(anonymous_17)
FNDA:0,(anonymous_18)
FNDA:0,(anonymous_19)
FNDA:0,(anonymous_20)
FNDA:1,(anonymous_21)
FNDA:1,(anonymous_22)
FNDA:1,(anonymous_23)
FNDA:1,(anonymous_24)
FNDA:1,(anonymous_25)
FNDA:0,(anonymous_26)
FNDA:0,(anonymous_27)
FNDA:0,(anonymous_28)
FNDA:0,(anonymous_29)
FNDA:0,(anonymous_30)
FNDA:1,(anonymous_31)
FNDA:1,(anonymous_32)
FNDA:0,(anonymous_33)
FNDA:0,(anonymous_34)
FNDA:0,(anonymous_35)
FNDA:0,(anonymous_36)
FNDA:0,(anonymous_37)
FNDA:0,(anonymous_38)
FNDA:1,(anonymous_39)
FNDA:1,(anonymous_40)
FNDA:1,(anonymous_41)
FNDA:1,(anonymous_42)
FNDA:1,(anonymous_43)
FNDA:1,(anonymous_44)
FNDA:2,(anonymous_45)
FNDA:1,(anonymous_46)
FNDA:1,(anonymous_47)
FNDA:39,(anonymous_48)
FNDA:0,_applyExternalSync
FNDA:2,_broadcastSync
FNDA:0,(anonymous_51)
FNDA:0,(anonymous_52)
DA:15,1
DA:74,1
DA:76,1
DA:91,11
DA:92,11
DA:93,11
DA:103,11
DA:107,2
DA:108,2
DA:119,7
DA:120,7
DA:121,7
DA:123,7
DA:124,7
DA:128,7
DA:133,1
DA:134,1
DA:136,1
DA:137,1
DA:143,1
DA:144,1
DA:145,1
DA:150,1
DA:151,1
DA:152,1
DA:153,1
DA:154,1
DA:155,0
DA:161,0
DA:162,0
DA:163,0
DA:168,0
DA:169,0
DA:170,0
DA:171,0
DA:172,0
DA:177,1
DA:178,1
DA:179,1
DA:180,1
DA:191,1
DA:192,1
DA:193,1
DA:194,1
DA:199,0
DA:201,0
DA:202,0
DA:203,0
DA:205,0
DA:206,0
DA:208,0
DA:211,0
DA:213,1
DA:214,1
DA:215,0
DA:217,1
DA:221,0
DA:222,0
DA:223,0
DA:224,0
DA:232,1
DA:233,1
DA:234,1
DA:235,1
DA:236,1
DA:237,1
DA:238,1
DA:244,1
DA:246,1
DA:247,1
DA:250,1
DA:255,2
DA:256,2
DA:258,1
DA:259,3
DA:262,1
DA:263,1
DA:266,1
DA:272,1
DA:274,39
DA:292,0
DA:293,0
DA:294,0
DA:295,0
DA:296,0
DA:297,0
DA:298,0
DA:299,0
DA:300,0
DA:301,0
DA:308,2
DA:309,2
DA:310,2
DA:314,1
DA:316,1
DA:318,1
DA:319,0
DA:320,0
DA:321,0
DA:322,0
DA:324,0
DA:328,1
DA:329,1
DA:330,1
DA:331,0
DA:332,0
LF:106
LH:67
BRDA:96,0,0,11
BRDA:96,0,1,10
BRDA:111,1,0,2
BRDA:111,1,1,2
BRDA:121,2,0,0
BRDA:121,2,1,7
BRDA:137,3,0,1
BRDA:137,3,1,0
BRDA:137,4,0,1
BRDA:137,4,1,0
BRDA:145,5,0,1
BRDA:145,5,1,0
BRDA:154,6,0,0
BRDA:154,6,1,1
BRDA:154,7,0,1
BRDA:154,7,1,0
BRDA:163,8,0,0
BRDA:163,8,1,0
BRDA:170,9,0,0
BRDA:170,9,1,0
BRDA:170,10,0,0
BRDA:170,10,1,0
BRDA:172,11,0,0
BRDA:172,11,1,0
BRDA:172,12,0,0
BRDA:172,12,1,0
BRDA:179,13,0,0
BRDA:179,13,1,1
BRDA:202,14,0,0
BRDA:202,14,1,0
BRDA:203,15,0,0
BRDA:203,15,1,0
BRDA:214,16,0,0
BRDA:214,16,1,1
BRDA:234,17,0,0
BRDA:234,17,1,1
BRDA:236,18,0,0
BRDA:236,18,1,1
BRDA:256,19,0,1
BRDA:256,19,1,1
BRDA:295,20,0,0
BRDA:295,20,1,0
BRDA:297,21,0,0
BRDA:297,21,1,0
BRDA:298,22,0,0
BRDA:298,22,1,0
BRDA:299,23,0,0
BRDA:299,23,1,0
BRDA:300,24,0,0
BRDA:300,24,1,0
BRDA:310,25,0,2
BRDA:310,25,1,0
BRDA:310,26,0,2
BRDA:310,26,1,2
BRDA:316,27,0,1
BRDA:316,27,1,0
BRDA:319,28,0,0
BRDA:319,28,1,0
BRDA:320,29,0,0
BRDA:320,29,1,0
BRDA:331,30,0,0
BRDA:331,30,1,0
BRF:62
BRH:20
end_of_record
TN:
SF:src/stores/sizingOverrideStore.ts
FN:66,(anonymous_0)
FN:69,(anonymous_1)
FN:70,(anonymous_2)
FN:72,(anonymous_3)
FN:88,(anonymous_4)
FN:89,(anonymous_5)
FN:92,(anonymous_6)
FN:97,(anonymous_7)
FN:98,(anonymous_8)
FN:101,(anonymous_9)
FN:106,(anonymous_10)
FN:107,(anonymous_11)
FN:110,(anonymous_12)
FN:114,(anonymous_13)
FN:115,(anonymous_14)
FN:120,(anonymous_15)
FN:122,(anonymous_16)
FN:125,(anonymous_17)
FN:127,(anonymous_18)
FN:130,(anonymous_19)
FN:134,(anonymous_20)
FN:138,(anonymous_21)
FNF:22
FNH:22
FNDA:1,(anonymous_0)
FNDA:9,(anonymous_1)
FNDA:9,(anonymous_2)
FNDA:3,(anonymous_3)
FNDA:1,(anonymous_4)
FNDA:1,(anonymous_5)
FNDA:1,(anonymous_6)
FNDA:1,(anonymous_7)
FNDA:1,(anonymous_8)
FNDA:1,(anonymous_9)
FNDA:1,(anonymous_10)
FNDA:1,(anonymous_11)
FNDA:1,(anonymous_12)
FNDA:1,(anonymous_13)
FNDA:1,(anonymous_14)
FNDA:3,(anonymous_15)
FNDA:1,(anonymous_16)
FNDA:3,(anonymous_17)
FNDA:2,(anonymous_18)
FNDA:1,(anonymous_19)
FNDA:2,(anonymous_20)
FNDA:1,(anonymous_21)
DA:64,1
DA:66,1
DA:70,9
DA:71,9
DA:72,9
DA:73,9
DA:74,1
DA:75,1
DA:77,8
DA:89,1
DA:90,1
DA:91,1
DA:92,1
DA:93,1
DA:98,1
DA:99,1
DA:100,1
DA:101,1
DA:102,1
DA:107,1
DA:108,1
DA:109,1
DA:110,1
DA:115,1
DA:116,1
DA:121,3
DA:122,3
DA:126,3
DA:127,3
DA:131,1
DA:135,2
DA:138,1
LF:32
LH:32
BRDA:71,0,0,6
BRDA:71,0,1,3
BRDA:73,1,0,1
BRDA:73,1,1,8
BRDA:91,2,0,0
BRDA:91,2,1,1
BRDA:93,3,0,1
BRDA:93,3,1,0
BRDA:100,4,0,0
BRDA:100,4,1,1
BRDA:102,5,0,1
BRDA:102,5,1,0
BRDA:109,6,0,0
BRDA:109,6,1,1
BRDA:122,7,0,3
BRDA:122,7,1,1
BRDA:127,8,0,3
BRDA:127,8,1,1
BRDA:131,9,0,1
BRDA:131,9,1,0
BRDA:135,10,0,2
BRDA:135,10,1,0
BRF:22
BRH:15
end_of_record
TN:
SF:src/stores/templateStore.ts
FN:81,genId
FN:87,(anonymous_1)
FN:90,(anonymous_2)
FN:92,(anonymous_3)
FN:114,(anonymous_4)
FN:115,(anonymous_5)
FN:116,(anonymous_6)
FN:120,(anonymous_7)
FN:121,(anonymous_8)
FN:122,(anonymous_9)
FN:129,(anonymous_10)
FN:130,(anonymous_11)
FN:131,(anonymous_12)
FN:136,(anonymous_13)
FN:137,(anonymous_14)
FN:138,(anonymous_15)
FN:143,(anonymous_16)
FN:144,(anonymous_17)
FN:146,(anonymous_18)
FN:148,(anonymous_19)
FN:148,(anonymous_20)
FN:151,(anonymous_21)
FN:152,(anonymous_22)
FN:154,(anonymous_23)
FN:156,(anonymous_24)
FN:159,(anonymous_25)
FN:163,(anonymous_26)
FN:163,(anonymous_27)
FN:165,(anonymous_28)
FN:181,(anonymous_29)
FN:182,(anonymous_30)
FN:182,(anonymous_31)
FN:186,(anonymous_32)
FN:187,(anonymous_33)
FN:191,(anonymous_34)
FNF:35
FNH:26
FNDA:8,genId
FNDA:1,(anonymous_1)
FNDA:8,(anonymous_2)
FNDA:8,(anonymous_3)
FNDA:1,(anonymous_4)
FNDA:1,(anonymous_5)
FNDA:1,(anonymous_6)
FNDA:0,(anonymous_7)
FNDA:0,(anonymous_8)
FNDA:0,(anonymous_9)
FNDA:1,(anonymous_10)
FNDA:1,(anonymous_11)
FNDA:1,(anonymous_12)
FNDA:3,(anonymous_13)
FNDA:3,(anonymous_14)
FNDA:3,(anonymous_15)
FNDA:1,(anonymous_16)
FNDA:2,(anonymous_17)
FNDA:0,(anonymous_18)
FNDA:0,(anonymous_19)
FNDA:0,(anonymous_20)
FNDA:1,(anonymous_21)
FNDA:1,(anonymous_22)
FNDA:2,(anonymous_23)
FNDA:2,(anonymous_24)
FNDA:0,(anonymous_25)
FNDA:4,(anonymous_26)
FNDA:4,(anonymous_27)
FNDA:3,(anonymous_28)
FNDA:1,(anonymous_29)
FNDA:1,(anonymous_30)
FNDA:1,(anonymous_31)
FNDA:0,(anonymous_32)
FNDA:5,(anonymous_33)
FNDA:0,(anonymous_34)
DA:82,8
DA:85,1
DA:87,1
DA:91,8
DA:92,8
DA:93,8
DA:111,8
DA:115,1
DA:116,1
DA:121,0
DA:122,0
DA:123,0
DA:124,0
DA:125,0
DA:130,1
DA:131,1
DA:132,1
DA:137,3
DA:138,3
DA:139,3
DA:144,2
DA:147,0
DA:148,0
DA:152,1
DA:155,2
DA:156,2
DA:157,2
DA:159,0
DA:163,4
DA:166,3
DA:167,3
DA:168,3
DA:169,3
DA:170,3
DA:172,3
DA:173,3
DA:175,0
DA:181,1
DA:182,1
DA:183,1
DA:186,1
DA:187,5
DA:189,1
DA:191,0
LF:44
LH:34
BRDA:96,0,0,8
BRDA:96,0,1,8
BRDA:98,1,0,8
BRDA:98,1,1,8
BRDA:123,2,0,0
BRDA:123,2,1,0
BRDA:132,3,0,1
BRDA:132,3,1,0
BRDA:139,4,0,3
BRDA:139,4,1,0
BRDA:157,5,0,2
BRDA:157,5,1,1
BRDA:157,5,2,1
BRDA:167,6,0,0
BRDA:167,6,1,3
BRDA:183,7,0,0
BRDA:183,7,1,1
BRF:17
BRH:11
end_of_record
TN:
SF:src/stores/timelineStore.ts
FN:98,applyEasing
FN:127,interpolate
FN:153,(anonymous_2)
FN:162,(anonymous_3)
FN:163,(anonymous_4)
FN:164,(anonymous_5)
FN:165,(anonymous_6)
FN:166,(anonymous_7)
FN:168,(anonymous_8)
FN:169,(anonymous_9)
FN:172,(anonymous_10)
FN:180,(anonymous_11)
FN:186,(anonymous_12)
FN:190,(anonymous_13)
FN:201,(anonymous_14)
FN:202,(anonymous_15)
FN:207,(anonymous_16)
FN:210,(anonymous_17)
FN:213,(anonymous_18)
FN:214,(anonymous_19)
FN:225,(anonymous_20)
FN:226,(anonymous_21)
FN:232,(anonymous_22)
FN:234,(anonymous_23)
FN:237,(anonymous_24)
FN:239,(anonymous_25)
FN:242,(anonymous_26)
FNF:27
FNH:23
FNDA:17,applyEasing
FNDA:6,interpolate
FNDA:1,(anonymous_2)
FNDA:1,(anonymous_3)
FNDA:0,(anonymous_4)
FNDA:0,(anonymous_5)
FNDA:0,(anonymous_6)
FNDA:2,(anonymous_7)
FNDA:16,(anonymous_8)
FNDA:16,(anonymous_9)
FNDA:8,(anonymous_10)
FNDA:8,(anonymous_11)
FNDA:9,(anonymous_12)
FNDA:17,(anonymous_13)
FNDA:2,(anonymous_14)
FNDA:2,(anonymous_15)
FNDA:2,(anonymous_16)
FNDA:3,(anonymous_17)
FNDA:1,(anonymous_18)
FNDA:1,(anonymous_19)
FNDA:1,(anonymous_20)
FNDA:1,(anonymous_21)
FNDA:0,(anonymous_22)
FNDA:1,(anonymous_23)
FNDA:1,(anonymous_24)
FNDA:4,(anonymous_25)
FNDA:3,(anonymous_26)
DA:99,17
DA:100,17
DA:101,5
DA:102,3
DA:103,3
DA:104,2
DA:106,2
DA:107,2
DA:108,2
DA:109,1
DA:110,1
DA:111,1
DA:114,0
DA:115,0
DA:118,2
DA:119,2
DA:121,0
DA:128,6
DA:129,5
DA:132,4
DA:134,3
DA:137,2
DA:138,2
DA:139,2
DA:140,2
DA:141,2
DA:142,2
DA:143,2
DA:144,2
DA:145,2
DA:148,0
DA:153,1
DA:162,1
DA:163,0
DA:164,0
DA:165,0
DA:166,2
DA:169,16
DA:170,16
DA:171,16
DA:172,16
DA:174,16
DA:175,9
DA:176,9
DA:180,16
DA:181,16
DA:182,16
DA:183,1
DA:185,15
DA:186,15
DA:189,16
DA:190,17
DA:192,16
DA:202,2
DA:203,2
DA:204,2
DA:205,2
DA:207,2
DA:208,2
DA:210,3
DA:211,2
DA:212,2
DA:213,1
DA:214,1
DA:216,2
DA:226,1
DA:227,1
DA:228,1
DA:232,0
DA:235,1
DA:237,1
DA:240,4
DA:241,4
DA:242,3
DA:243,3
DA:244,3
LF:76
LH:68
BRDA:100,0,0,5
BRDA:100,0,1,3
BRDA:100,0,2,3
BRDA:100,0,3,2
BRDA:100,0,4,2
BRDA:100,0,5,0
BRDA:100,0,6,2
BRDA:100,0,7,0
BRDA:104,1,0,1
BRDA:104,1,1,1
BRDA:108,2,0,1
BRDA:108,2,1,1
BRDA:109,3,0,0
BRDA:109,3,1,1
BRDA:110,4,0,0
BRDA:110,4,1,1
BRDA:114,5,0,0
BRDA:114,5,1,0
BRDA:114,6,0,0
BRDA:114,6,1,0
BRDA:128,7,0,1
BRDA:128,7,1,5
BRDA:129,8,0,1
BRDA:129,8,1,4
BRDA:132,9,0,1
BRDA:132,9,1,3
BRDA:134,10,0,1
BRDA:134,10,1,2
BRDA:140,11,0,2
BRDA:140,11,1,0
BRDA:140,12,0,2
BRDA:140,12,1,2
BRDA:142,13,0,0
BRDA:142,13,1,2
BRDA:168,14,0,16
BRDA:171,15,0,16
BRDA:171,15,1,8
BRDA:174,16,0,9
BRDA:174,16,1,7
BRDA:182,17,0,1
BRDA:182,17,1,15
BRDA:190,18,0,16
BRDA:190,18,1,1
BRDA:205,19,0,0
BRDA:205,19,1,2
BRDA:208,20,0,0
BRDA:208,20,1,2
BRDA:208,21,0,2
BRDA:208,21,1,2
BRDA:208,21,2,2
BRDA:212,22,0,1
BRDA:212,22,1,1
BRDA:213,23,0,1
BRDA:213,23,1,0
BRDA:241,24,0,1
BRDA:241,24,1,3
BRDA:243,25,0,0
BRDA:243,25,1,3
BRF:58
BRH:44
end_of_record
TN:
SF:src/stores/uiStore.ts
FN:35,(anonymous_0)
FN:48,(anonymous_1)
FN:48,(anonymous_2)
FN:49,(anonymous_3)
FN:49,(anonymous_4)
FN:50,(anonymous_5)
FN:50,(anonymous_6)
FN:51,(anonymous_7)
FN:51,(anonymous_8)
FN:52,(anonymous_9)
FN:52,(anonymous_10)
FN:53,(anonymous_11)
FN:53,(anonymous_12)
FN:54,(anonymous_13)
FN:54,(anonymous_14)
FN:55,(anonymous_15)
FN:55,(anonymous_16)
FN:56,(anonymous_17)
FN:56,(anonymous_18)
FN:57,(anonymous_19)
FN:57,(anonymous_20)
FN:59,(anonymous_21)
FN:60,(anonymous_22)
FNF:23
FNH:11
FNDA:1,(anonymous_0)
FNDA:2,(anonymous_1)
FNDA:2,(anonymous_2)
FNDA:1,(anonymous_3)
FNDA:1,(anonymous_4)
FNDA:1,(anonymous_5)
FNDA:1,(anonymous_6)
FNDA:1,(anonymous_7)
FNDA:1,(anonymous_8)
FNDA:0,(anonymous_9)
FNDA:0,(anonymous_10)
FNDA:0,(anonymous_11)
FNDA:0,(anonymous_12)
FNDA:0,(anonymous_13)
FNDA:0,(anonymous_14)
FNDA:0,(anonymous_15)
FNDA:0,(anonymous_16)
FNDA:0,(anonymous_17)
FNDA:0,(anonymous_18)
FNDA:0,(anonymous_19)
FNDA:0,(anonymous_20)
FNDA:5,(anonymous_21)
FNDA:1,(anonymous_22)
DA:35,1
DA:48,2
DA:49,1
DA:50,1
DA:51,1
DA:52,0
DA:53,0
DA:54,0
DA:55,0
DA:56,0
DA:57,0
DA:59,5
DA:60,1
LF:13
LH:7
BRDA:59,0,0,5
BRF:1
BRH:1
end_of_record
TN:
SF:src/stores/userPrefs.ts
FN:82,storageKey
FN:93,loadUserPrefs
FN:116,saveUserPrefs
FN:123,setPreferredLanguage
FN:132,completeOnboarding
FN:142,completeOnboardingAsync
FN:167,learnBrandFromDesign
FN:171,(anonymous_7)
FN:177,(anonymous_8)
FN:181,(anonymous_9)
FN:187,(anonymous_10)
FN:193,(anonymous_11)
FN:209,trackTextUsage
FN:212,(anonymous_13)
FN:219,(anonymous_14)
FN:227,trackSizeUsage
FN:242,prefsToPromptSection
FN:252,(anonymous_17)
FNF:18
FNH:0
FNDA:0,storageKey
FNDA:0,loadUserPrefs
FNDA:0,saveUserPrefs
FNDA:0,setPreferredLanguage
FNDA:0,completeOnboarding
FNDA:0,completeOnboardingAsync
FNDA:0,learnBrandFromDesign
FNDA:0,(anonymous_7)
FNDA:0,(anonymous_8)
FNDA:0,(anonymous_9)
FNDA:0,(anonymous_10)
FNDA:0,(anonymous_11)
FNDA:0,trackTextUsage
FNDA:0,(anonymous_13)
FNDA:0,(anonymous_14)
FNDA:0,trackSizeUsage
FNDA:0,prefsToPromptSection
FNDA:0,(anonymous_17)
DA:8,0
DA:10,0
DA:14,0
DA:57,0
DA:83,0
DA:85,0
DA:94,0
DA:95,0
DA:96,0
DA:99,0
DA:100,0
DA:101,0
DA:103,0
DA:104,0
DA:105,0
DA:109,0
DA:110,0
DA:112,0
DA:117,0
DA:124,0
DA:125,0
DA:126,0
DA:133,0
DA:134,0
DA:135,0
DA:147,0
DA:148,0
DA:149,0
DA:150,0
DA:153,0
DA:154,0
DA:155,0
DA:157,0
DA:168,0
DA:171,0
DA:172,0
DA:173,0
DA:177,0
DA:178,0
DA:179,0
DA:181,0
DA:182,0
DA:183,0
DA:187,0
DA:188,0
DA:189,0
DA:193,0
DA:194,0
DA:195,0
DA:196,0
DA:200,0
DA:201,0
DA:203,0
DA:210,0
DA:211,0
DA:212,0
DA:213,0
DA:214,0
DA:216,0
DA:219,0
DA:220,0
DA:221,0
DA:228,0
DA:229,0
DA:230,0
DA:231,0
DA:232,0
DA:233,0
DA:236,0
DA:243,0
DA:244,0
DA:245,0
DA:246,0
DA:247,0
DA:248,0
DA:249,0
DA:250,0
DA:251,0
DA:252,0
DA:254,0
DA:255,0
LF:81
LH:0
BRDA:83,0,0,0
BRDA:83,0,1,0
BRDA:99,1,0,0
BRDA:99,1,1,0
BRDA:99,2,0,0
BRDA:99,2,1,0
BRDA:101,3,0,0
BRDA:101,3,1,0
BRDA:109,4,0,0
BRDA:109,4,1,0
BRDA:171,5,0,0
BRDA:171,5,1,0
BRDA:172,6,0,0
BRDA:172,6,1,0
BRDA:172,7,0,0
BRDA:172,7,1,0
BRDA:177,8,0,0
BRDA:177,8,1,0
BRDA:178,9,0,0
BRDA:178,9,1,0
BRDA:178,10,0,0
BRDA:178,10,1,0
BRDA:181,11,0,0
BRDA:181,11,1,0
BRDA:182,12,0,0
BRDA:182,12,1,0
BRDA:182,13,0,0
BRDA:182,13,1,0
BRDA:187,14,0,0
BRDA:187,14,1,0
BRDA:188,15,0,0
BRDA:188,15,1,0
BRDA:188,16,0,0
BRDA:188,16,1,0
BRDA:194,17,0,0
BRDA:194,17,1,0
BRDA:194,18,0,0
BRDA:194,18,1,0
BRDA:212,19,0,0
BRDA:212,19,1,0
BRDA:213,20,0,0
BRDA:213,20,1,0
BRDA:230,21,0,0
BRDA:230,21,1,0
BRDA:232,22,0,0
BRDA:232,22,1,0
BRDA:251,23,0,0
BRDA:251,23,1,0
BRF:48
BRH:0
end_of_record
TN:
SF:src/stores/versionStore.ts
FN:54,genId
FN:60,(anonymous_1)
FN:63,(anonymous_2)
FN:64,(anonymous_3)
FN:69,(anonymous_4)
FN:83,(anonymous_5)
FN:86,(anonymous_6)
FN:96,(anonymous_7)
FN:98,(anonymous_8)
FN:117,(anonymous_9)
FN:120,(anonymous_10)
FN:121,(anonymous_11)
FN:123,(anonymous_12)
FN:124,(anonymous_13)
FN:126,(anonymous_14)
FN:130,(anonymous_15)
FN:136,(anonymous_16)
FN:145,(anonymous_17)
FNF:18
FNH:18
FNDA:36,genId
FNDA:1,(anonymous_1)
FNDA:33,(anonymous_2)
FNDA:33,(anonymous_3)
FNDA:27,(anonymous_4)
FNDA:324,(anonymous_5)
FNDA:105,(anonymous_6)
FNDA:4,(anonymous_7)
FNDA:4,(anonymous_8)
FNDA:7,(anonymous_9)
FNDA:3,(anonymous_10)
FNDA:4,(anonymous_11)
FNDA:1,(anonymous_12)
FNDA:1,(anonymous_13)
FNDA:1,(anonymous_14)
FNDA:1,(anonymous_15)
FNDA:1,(anonymous_16)
FNDA:1,(anonymous_17)
DA:51,1
DA:52,1
DA:55,36
DA:58,1
DA:60,1
DA:64,33
DA:65,33
DA:66,33
DA:69,33
DA:70,33
DA:72,32
DA:83,324
DA:84,32
DA:85,5
DA:86,105
DA:90,32
DA:91,0
DA:97,4
DA:98,4
DA:99,4
DA:100,4
DA:110,4
DA:111,0
DA:114,4
DA:117,7
DA:121,4
DA:124,1
DA:125,1
DA:126,1
DA:131,1
DA:132,1
DA:133,1
DA:137,1
DA:138,1
DA:139,1
DA:140,1
DA:141,1
DA:142,1
DA:145,1
LF:39
LH:37
BRDA:65,0,0,6
BRDA:65,0,1,27
BRDA:70,1,0,1
BRDA:70,1,1,32
BRDA:84,2,0,5
BRDA:84,2,1,27
BRDA:90,3,0,0
BRDA:90,3,1,32
BRDA:99,4,0,3
BRDA:99,4,1,1
BRDA:110,5,0,0
BRDA:110,5,1,4
BRDA:118,6,0,7
BRDA:118,6,1,1
BRDA:125,7,0,0
BRDA:125,7,1,1
BRDA:132,8,0,0
BRDA:132,8,1,1
BRDA:132,9,0,1
BRDA:132,9,1,1
BRDA:139,10,0,0
BRDA:139,10,1,1
BRDA:139,11,0,1
BRDA:139,11,1,1
BRDA:141,12,0,1
BRDA:141,12,1,0
BRF:26
BRH:20
end_of_record
TN:
SF:src/stores/videoStorage.ts
FN:11,openDB
FN:12,(anonymous_1)
FN:14,(anonymous_2)
FN:20,(anonymous_3)
FN:21,(anonymous_4)
FN:26,saveVideoBlob
FN:29,(anonymous_6)
FN:35,(anonymous_7)
FN:36,(anonymous_8)
FN:41,loadVideoBlob
FN:43,(anonymous_10)
FN:46,(anonymous_11)
FN:53,(anonymous_12)
FN:58,deleteVideoBlob
FN:60,(anonymous_14)
FN:63,(anonymous_15)
FN:64,(anonymous_16)
FN:69,hasVideoBlob
FN:71,(anonymous_18)
FN:74,(anonymous_19)
FN:75,(anonymous_20)
FNF:21
FNH:0
FNDA:0,openDB
FNDA:0,(anonymous_1)
FNDA:0,(anonymous_2)
FNDA:0,(anonymous_3)
FNDA:0,(anonymous_4)
FNDA:0,saveVideoBlob
FNDA:0,(anonymous_6)
FNDA:0,(anonymous_7)
FNDA:0,(anonymous_8)
FNDA:0,loadVideoBlob
FNDA:0,(anonymous_10)
FNDA:0,(anonymous_11)
FNDA:0,(anonymous_12)
FNDA:0,deleteVideoBlob
FNDA:0,(anonymous_14)
FNDA:0,(anonymous_15)
FNDA:0,(anonymous_16)
FNDA:0,hasVideoBlob
FNDA:0,(anonymous_18)
FNDA:0,(anonymous_19)
FNDA:0,(anonymous_20)
DA:7,0
DA:8,0
DA:9,0
DA:12,0
DA:13,0
DA:14,0
DA:15,0
DA:16,0
DA:17,0
DA:20,0
DA:21,0
DA:27,0
DA:28,0
DA:29,0
DA:30,0
DA:31,0
DA:35,0
DA:36,0
DA:42,0
DA:43,0
DA:44,0
DA:45,0
DA:46,0
DA:47,0
DA:48,0
DA:49,0
DA:50,0
DA:51,0
DA:53,0
DA:59,0
DA:60,0
DA:61,0
DA:62,0
DA:63,0
DA:64,0
DA:70,0
DA:71,0
DA:72,0
DA:73,0
DA:74,0
DA:75,0
LF:41
LH:0
BRDA:16,0,0,0
BRDA:16,0,1,0
BRDA:48,1,0,0
BRDA:48,1,1,0
BRF:4
BRH:0
end_of_record
