TN:
SF:src/engine/CanvasViewport.ts
FN:15,(anonymous_0)
FN:39,(anonymous_1)
FN:56,(anonymous_2)
FN:60,(anonymous_3)
FN:65,(anonymous_4)
FN:74,(anonymous_5)
FN:78,(anonymous_6)
FN:85,(anonymous_7)
FN:95,(anonymous_8)
FNF:9
FNH:0
FNDA:0,(anonymous_0)
FNDA:0,(anonymous_1)
FNDA:0,(anonymous_2)
FNDA:0,(anonymous_3)
FNDA:0,(anonymous_4)
FNDA:0,(anonymous_5)
FNDA:0,(anonymous_6)
FNDA:0,(anonymous_7)
FNDA:0,(anonymous_8)
DA:16,0
DA:17,0
DA:18,0
DA:21,0
DA:22,0
DA:23,0
DA:26,0
DA:27,0
DA:30,0
DA:31,0
DA:32,0
DA:35,0
DA:40,0
DA:43,0
DA:46,0
DA:49,0
DA:50,0
DA:51,0
DA:57,0
DA:60,0
DA:61,0
DA:62,0
DA:63,0
DA:65,0
DA:66,0
DA:67,0
DA:68,0
DA:75,0
DA:79,0
DA:80,0
DA:81,0
DA:82,0
DA:86,0
DA:87,0
DA:91,0
DA:92,0
DA:96,0
LF:37
LH:0
BRDA:61,0,0,0
BRDA:61,0,1,0
BRDA:66,1,0,0
BRDA:66,1,1,0
BRDA:88,2,0,0
BRDA:88,2,1,0
BRDA:89,3,0,0
BRDA:89,3,1,0
BRF:8
BRH:0
end_of_record
TN:
SF:src/engine/ElementRenderer.ts
FN:12,renderElement
FN:42,renderText
FN:69,renderShape
FN:109,renderButton
FN:143,renderImagePlaceholder
FN:172,renderGroup
FN:195,renderVariant
FN:200,(anonymous_7)
FN:201,(anonymous_8)
FNF:9
FNH:0
FNDA:0,renderElement
FNDA:0,renderText
FNDA:0,renderShape
FNDA:0,renderButton
FNDA:0,renderImagePlaceholder
FNDA:0,renderGroup
FNDA:0,renderVariant
FNDA:0,(anonymous_7)
FNDA:0,(anonymous_8)
DA:17,0
DA:19,0
DA:21,0
DA:23,0
DA:25,0
DA:27,0
DA:29,0
DA:31,0
DA:46,0
DA:59,0
DA:60,0
DA:61,0
DA:62,0
DA:63,0
DA:64,0
DA:65,0
DA:66,0
DA:73,0
DA:75,0
DA:76,0
DA:78,0
DA:79,0
DA:82,0
DA:84,0
DA:85,0
DA:87,0
DA:88,0
DA:90,0
DA:91,0
DA:92,0
DA:94,0
DA:97,0
DA:98,0
DA:100,0
DA:101,0
DA:102,0
DA:103,0
DA:104,0
DA:105,0
DA:106,0
DA:113,0
DA:114,0
DA:115,0
DA:116,0
DA:119,0
DA:120,0
DA:121,0
DA:122,0
DA:123,0
DA:126,0
DA:133,0
DA:134,0
DA:135,0
DA:136,0
DA:138,0
DA:139,0
DA:140,0
DA:148,0
DA:149,0
DA:150,0
DA:151,0
DA:153,0
DA:154,0
DA:155,0
DA:156,0
DA:159,0
DA:160,0
DA:161,0
DA:162,0
DA:163,0
DA:164,0
DA:166,0
DA:167,0
DA:168,0
DA:169,0
DA:178,0
DA:179,0
DA:180,0
DA:181,0
DA:183,0
DA:184,0
DA:187,0
DA:188,0
DA:189,0
DA:196,0
DA:197,0
DA:198,0
DA:200,0
DA:201,0
LF:89
LH:0
BRDA:19,0,0,0
BRDA:19,0,1,0
BRDA:19,0,2,0
BRDA:19,0,3,0
BRDA:19,0,4,0
BRDA:19,0,5,0
BRDA:75,1,0,0
BRDA:75,1,1,0
BRDA:78,2,0,0
BRDA:78,2,1,0
BRDA:79,3,0,0
BRDA:79,3,1,0
BRDA:82,4,0,0
BRDA:82,4,1,0
BRDA:82,4,2,0
BRDA:82,4,3,0
BRDA:84,5,0,0
BRDA:84,5,1,0
BRDA:98,6,0,0
BRDA:98,6,1,0
BRF:20
BRH:0
end_of_record
TN:
SF:src/engine/PixiRenderer.ts
FN:13,(anonymous_0)
FN:18,(anonymous_1)
FN:33,(anonymous_2)
FN:37,(anonymous_3)
FN:41,(anonymous_4)
FN:46,(anonymous_5)
FN:58,(anonymous_6)
FN:68,(anonymous_7)
FN:73,(anonymous_8)
FN:78,(anonymous_9)
FN:114,(anonymous_10)
FNF:11
FNH:0
FNDA:0,(anonymous_0)
FNDA:0,(anonymous_1)
FNDA:0,(anonymous_2)
FNDA:0,(anonymous_3)
FNDA:0,(anonymous_4)
FNDA:0,(anonymous_5)
FNDA:0,(anonymous_6)
FNDA:0,(anonymous_7)
FNDA:0,(anonymous_8)
FNDA:0,(anonymous_9)
FNDA:0,(anonymous_10)
DA:10,0
DA:11,0
DA:14,0
DA:19,0
DA:21,0
DA:29,0
DA:30,0
DA:34,0
DA:38,0
DA:42,0
DA:47,0
DA:48,0
DA:51,0
DA:52,0
DA:53,0
DA:54,0
DA:59,0
DA:60,0
DA:61,0
DA:62,0
DA:63,0
DA:69,0
DA:74,0
DA:79,0
DA:80,0
DA:81,0
DA:82,0
DA:83,0
DA:84,0
DA:86,0
DA:87,0
DA:92,0
DA:93,0
DA:94,0
DA:96,0
DA:97,0
DA:99,0
DA:100,0
DA:101,0
DA:103,0
DA:104,0
DA:105,0
DA:106,0
DA:107,0
DA:108,0
DA:115,0
DA:116,0
DA:118,0
DA:119,0
DA:120,0
DA:121,0
DA:126,0
LF:52
LH:0
BRDA:19,0,0,0
BRDA:19,0,1,0
BRDA:47,1,0,0
BRDA:47,1,1,0
BRDA:60,2,0,0
BRDA:60,2,1,0
BRDA:78,3,0,0
BRDA:78,4,0,0
BRDA:103,5,0,0
BRDA:103,5,1,0
BRDA:119,6,0,0
BRDA:119,6,1,0
BRF:12
BRH:0
end_of_record
TN:
SF:src/engine/SyncEngine.ts
FN:41,(anonymous_0)
FN:64,(anonymous_1)
FN:122,(anonymous_2)
FN:124,(anonymous_3)
FN:144,(anonymous_4)
FN:163,(anonymous_5)
FN:218,(anonymous_6)
FNF:7
FNH:0
FNDA:0,(anonymous_0)
FNDA:0,(anonymous_1)
FNDA:0,(anonymous_2)
FNDA:0,(anonymous_3)
FNDA:0,(anonymous_4)
FNDA:0,(anonymous_5)
FNDA:0,(anonymous_6)
DA:45,0
DA:47,0
DA:49,0
DA:52,0
DA:53,0
DA:54,0
DA:58,0
DA:59,0
DA:60,0
DA:64,0
DA:65,0
DA:69,0
DA:71,0
DA:72,0
DA:82,0
DA:83,0
DA:90,0
DA:93,0
DA:94,0
DA:98,0
DA:99,0
DA:104,0
DA:107,0
DA:115,0
DA:123,0
DA:124,0
DA:126,0
DA:128,0
DA:129,0
DA:131,0
DA:132,0
DA:133,0
DA:134,0
DA:137,0
DA:148,0
DA:149,0
DA:151,0
DA:152,0
DA:153,0
DA:154,0
DA:157,0
DA:167,0
DA:170,0
DA:173,0
DA:174,0
DA:175,0
DA:176,0
DA:179,0
DA:180,0
DA:182,0
DA:183,0
DA:184,0
DA:185,0
DA:186,0
DA:187,0
DA:188,0
DA:189,0
DA:190,0
DA:193,0
DA:194,0
DA:195,0
DA:196,0
DA:197,0
DA:198,0
DA:201,0
DA:202,0
DA:203,0
DA:204,0
DA:205,0
DA:206,0
DA:211,0
DA:227,0
DA:228,0
DA:230,0
DA:231,0
DA:232,0
DA:234,0
DA:235,0
DA:236,0
DA:241,0
DA:242,0
DA:243,0
DA:244,0
DA:245,0
DA:246,0
DA:247,0
DA:249,0
DA:250,0
DA:256,0
DA:257,0
DA:258,0
DA:259,0
DA:260,0
DA:261,0
DA:263,0
DA:264,0
DA:267,0
LF:97
LH:0
BRDA:49,0,0,0
BRDA:49,0,1,0
BRDA:52,1,0,0
BRDA:52,1,1,0
BRDA:58,2,0,0
BRDA:58,2,1,0
BRDA:65,3,0,0
BRDA:65,3,1,0
BRDA:69,4,0,0
BRDA:69,4,1,0
BRDA:78,5,0,0
BRDA:78,5,1,0
BRDA:78,5,2,0
BRDA:82,6,0,0
BRDA:82,6,1,0
BRDA:93,7,0,0
BRDA:93,7,1,0
BRDA:98,8,0,0
BRDA:98,8,1,0
BRDA:98,9,0,0
BRDA:98,9,1,0
BRDA:98,9,2,0
BRDA:126,10,0,0
BRDA:126,10,1,0
BRDA:173,11,0,0
BRDA:173,11,1,0
BRDA:174,12,0,0
BRDA:174,12,1,0
BRDA:175,13,0,0
BRDA:175,13,1,0
BRDA:176,14,0,0
BRDA:176,14,1,0
BRDA:179,15,0,0
BRDA:179,15,1,0
BRDA:180,16,0,0
BRDA:180,16,1,0
BRDA:180,16,2,0
BRDA:183,17,0,0
BRDA:183,17,1,0
BRDA:184,18,0,0
BRDA:184,18,1,0
BRDA:185,19,0,0
BRDA:185,19,1,0
BRDA:186,20,0,0
BRDA:186,20,1,0
BRDA:187,21,0,0
BRDA:187,21,1,0
BRDA:188,22,0,0
BRDA:188,22,1,0
BRDA:189,23,0,0
BRDA:189,23,1,0
BRDA:194,24,0,0
BRDA:194,24,1,0
BRDA:195,25,0,0
BRDA:195,25,1,0
BRDA:196,26,0,0
BRDA:196,26,1,0
BRDA:197,27,0,0
BRDA:197,27,1,0
BRDA:202,28,0,0
BRDA:202,28,1,0
BRDA:203,29,0,0
BRDA:203,29,1,0
BRDA:204,30,0,0
BRDA:204,30,1,0
BRDA:205,31,0,0
BRDA:205,31,1,0
BRDA:241,32,0,0
BRDA:241,32,1,0
BRDA:241,33,0,0
BRDA:241,33,1,0
BRDA:245,34,0,0
BRDA:245,34,1,0
BRDA:256,35,0,0
BRDA:256,35,1,0
BRDA:256,36,0,0
BRDA:256,36,1,0
BRDA:259,37,0,0
BRDA:259,37,1,0
BRF:79
BRH:0
end_of_record
TN:
SF:src/engine/bannerRoleResolver.ts
FN:53,(anonymous_0)
FN:68,(anonymous_1)
FN:83,(anonymous_2)
FN:99,(anonymous_3)
FN:109,(anonymous_4)
FN:118,(anonymous_5)
FN:125,(anonymous_6)
FN:140,(anonymous_7)
FN:154,(anonymous_8)
FN:159,(anonymous_9)
FN:180,resolveRoleDefaults
FN:251,resolveAllRoleDefaults
FN:272,getRoleTypographyHint
FNF:13
FNH:0
FNDA:0,(anonymous_0)
FNDA:0,(anonymous_1)
FNDA:0,(anonymous_2)
FNDA:0,(anonymous_3)
FNDA:0,(anonymous_4)
FNDA:0,(anonymous_5)
FNDA:0,(anonymous_6)
FNDA:0,(anonymous_7)
FNDA:0,(anonymous_8)
FNDA:0,(anonymous_9)
FNDA:0,resolveRoleDefaults
FNDA:0,resolveAllRoleDefaults
FNDA:0,getRoleTypographyHint
DA:50,0
DA:53,0
DA:54,0
DA:55,0
DA:56,0
DA:57,0
DA:68,0
DA:69,0
DA:70,0
DA:71,0
DA:72,0
DA:83,0
DA:84,0
DA:85,0
DA:86,0
DA:87,0
DA:88,0
DA:99,0
DA:100,0
DA:101,0
DA:109,0
DA:118,0
DA:125,0
DA:126,0
DA:127,0
DA:128,0
DA:140,0
DA:141,0
DA:142,0
DA:143,0
DA:144,0
DA:154,0
DA:159,0
DA:160,0
DA:161,0
DA:162,0
DA:185,0
DA:187,0
DA:188,0
DA:190,0
DA:191,0
DA:194,0
DA:197,0
DA:198,0
DA:199,0
DA:200,0
DA:202,0
DA:203,0
DA:205,0
DA:206,0
DA:208,0
DA:209,0
DA:211,0
DA:212,0
DA:217,0
DA:218,0
DA:219,0
DA:220,0
DA:222,0
DA:223,0
DA:225,0
DA:226,0
DA:231,0
DA:232,0
DA:233,0
DA:234,0
DA:239,0
DA:240,0
DA:243,0
DA:256,0
DA:258,0
DA:259,0
DA:260,0
DA:261,0
DA:265,0
DA:277,0
DA:278,0
DA:280,0
DA:289,0
DA:290,0
DA:292,0
DA:293,0
DA:297,0
LF:83
LH:0
BRDA:55,0,0,0
BRDA:55,0,1,0
BRDA:60,1,0,0
BRDA:60,1,1,0
BRDA:70,2,0,0
BRDA:70,2,1,0
BRDA:75,3,0,0
BRDA:75,3,1,0
BRDA:85,4,0,0
BRDA:85,4,1,0
BRDA:93,5,0,0
BRDA:93,5,1,0
BRDA:119,6,0,0
BRDA:119,6,1,0
BRDA:120,7,0,0
BRDA:120,7,1,0
BRDA:127,8,0,0
BRDA:127,8,1,0
BRDA:142,9,0,0
BRDA:142,9,1,0
BRDA:161,10,0,0
BRDA:161,10,1,0
BRDA:185,11,0,0
BRDA:185,11,1,0
BRDA:188,12,0,0
BRDA:188,12,1,0
BRDA:197,13,0,0
BRDA:197,13,1,0
BRDA:199,14,0,0
BRDA:199,14,1,0
BRDA:199,15,0,0
BRDA:199,15,1,0
BRDA:202,16,0,0
BRDA:202,16,1,0
BRDA:202,17,0,0
BRDA:202,17,1,0
BRDA:205,18,0,0
BRDA:205,18,1,0
BRDA:205,19,0,0
BRDA:205,19,1,0
BRDA:208,20,0,0
BRDA:208,20,1,0
BRDA:208,21,0,0
BRDA:208,21,1,0
BRDA:211,22,0,0
BRDA:211,22,1,0
BRDA:211,23,0,0
BRDA:211,23,1,0
BRDA:217,24,0,0
BRDA:217,24,1,0
BRDA:219,25,0,0
BRDA:219,25,1,0
BRDA:219,26,0,0
BRDA:219,26,1,0
BRDA:222,27,0,0
BRDA:222,27,1,0
BRDA:222,28,0,0
BRDA:222,28,1,0
BRDA:225,29,0,0
BRDA:225,29,1,0
BRDA:225,30,0,0
BRDA:225,30,1,0
BRDA:231,31,0,0
BRDA:231,31,1,0
BRDA:233,32,0,0
BRDA:233,32,1,0
BRDA:233,33,0,0
BRDA:233,33,1,0
BRDA:239,34,0,0
BRDA:239,34,1,0
BRDA:239,35,0,0
BRDA:239,35,1,0
BRDA:243,36,0,0
BRDA:243,36,1,0
BRDA:260,37,0,0
BRDA:260,37,1,0
BRDA:278,38,0,0
BRDA:278,38,1,0
BRDA:290,39,0,0
BRDA:290,39,1,0
BRDA:297,40,0,0
BRDA:297,40,1,0
BRF:82
BRH:0
end_of_record
TN:
SF:src/engine/brandPalette.ts
FN:35,hexToRgb
FN:44,rgbToHex
FN:45,(anonymous_2)
FN:50,srgbToLinear
FN:55,linearToSrgb
FN:61,rgbToOklch
FN:86,oklchToRgb
FN:113,oklchToHex
FN:120,luminance
FN:124,wcagContrast
FN:136,rotateHue
FN:140,adjustLightness
FN:153,generateBrandPalette
FN:212,autoSelectHarmony
FN:221,computeHarmony
FN:237,paletteToPromptSection
FNF:16
FNH:15
FNDA:70,hexToRgb
FNDA:57,rgbToHex
FNDA:171,(anonymous_2)
FNDA:210,srgbToLinear
FNDA:171,linearToSrgb
FNDA:14,rgbToOklch
FNDA:57,oklchToRgb
FNDA:57,oklchToHex
FNDA:56,luminance
FNDA:28,wcagContrast
FNDA:28,rotateHue
FNDA:14,adjustLightness
FNDA:14,generateBrandPalette
FNDA:10,autoSelectHarmony
FNDA:14,computeHarmony
FNDA:0,paletteToPromptSection
DA:36,70
DA:37,70
DA:45,171
DA:46,57
DA:51,210
DA:52,210
DA:56,171
DA:57,171
DA:62,14
DA:63,14
DA:64,14
DA:67,14
DA:68,14
DA:69,14
DA:71,14
DA:72,14
DA:73,14
DA:75,14
DA:76,14
DA:77,14
DA:79,14
DA:80,14
DA:81,14
DA:83,14
DA:87,57
DA:88,57
DA:89,57
DA:90,57
DA:93,57
DA:94,57
DA:95,57
DA:97,57
DA:98,57
DA:99,57
DA:102,57
DA:103,57
DA:104,57
DA:106,57
DA:114,57
DA:115,57
DA:121,56
DA:125,28
DA:126,28
DA:127,28
DA:128,28
DA:129,28
DA:130,28
DA:131,28
DA:137,28
DA:141,14
DA:157,14
DA:158,14
DA:161,14
DA:164,14
DA:165,14
DA:168,14
DA:171,14
DA:174,14
DA:177,14
DA:178,14
DA:181,14
DA:183,14
DA:184,0
DA:188,14
DA:189,14
DA:190,14
DA:193,14
DA:194,1
DA:195,1
DA:198,14
DA:213,10
DA:214,3
DA:215,3
DA:222,14
DA:224,8
DA:226,1
DA:228,4
DA:230,1
DA:238,0
LF:79
LH:77
BRDA:38,0,0,70
BRDA:38,0,1,4
BRDA:39,1,0,70
BRDA:39,1,1,14
BRDA:40,2,0,70
BRDA:40,2,1,13
BRDA:52,3,0,41
BRDA:52,3,1,169
BRDA:56,4,0,38
BRDA:56,4,1,133
BRDA:81,5,0,2
BRDA:81,5,1,12
BRDA:161,6,0,14
BRDA:161,6,1,10
BRDA:171,7,0,2
BRDA:171,7,1,12
BRDA:177,8,0,2
BRDA:177,8,1,12
BRDA:181,9,0,2
BRDA:181,9,1,12
BRDA:183,10,0,0
BRDA:183,10,1,14
BRDA:184,11,0,0
BRDA:184,11,1,0
BRDA:193,12,0,1
BRDA:193,12,1,13
BRDA:194,13,0,0
BRDA:194,13,1,1
BRDA:213,14,0,7
BRDA:213,14,1,3
BRDA:214,15,0,0
BRDA:214,15,1,3
BRDA:222,16,0,8
BRDA:222,16,1,1
BRDA:222,16,2,4
BRDA:222,16,3,1
BRF:36
BRH:31
end_of_record
TN:
SF:src/engine/designHeuristics.ts
FN:20,hexToRgb
FN:30,relativeLuminance
FN:31,(anonymous_2)
FN:37,contrastRatio
FN:58,runDesignHeuristics
FN:86,checkSafeZone
FN:145,checkCTAContrast
FN:188,checkTextOverflow
FN:225,findBackgroundColor
FN:227,(anonymous_9)
FN:232,(anonymous_10)
FN:233,(anonymous_11)
FNF:12
FNH:0
FNDA:0,hexToRgb
FNDA:0,relativeLuminance
FNDA:0,(anonymous_2)
FNDA:0,contrastRatio
FNDA:0,runDesignHeuristics
FNDA:0,checkSafeZone
FNDA:0,checkCTAContrast
FNDA:0,checkTextOverflow
FNDA:0,findBackgroundColor
FNDA:0,(anonymous_9)
FNDA:0,(anonymous_10)
FNDA:0,(anonymous_11)
DA:21,0
DA:22,0
DA:23,0
DA:31,0
DA:32,0
DA:34,0
DA:38,0
DA:39,0
DA:40,0
DA:41,0
DA:42,0
DA:43,0
DA:44,0
DA:45,0
DA:50,0
DA:59,0
DA:60,0
DA:61,0
DA:64,0
DA:66,0
DA:68,0
DA:71,0
DA:72,0
DA:76,0
DA:77,0
DA:81,0
DA:93,0
DA:95,0
DA:96,0
DA:98,0
DA:99,0
DA:100,0
DA:103,0
DA:104,0
DA:105,0
DA:108,0
DA:109,0
DA:110,0
DA:113,0
DA:114,0
DA:115,0
DA:118,0
DA:119,0
DA:120,0
DA:123,0
DA:124,0
DA:140,0
DA:150,0
DA:153,0
DA:154,0
DA:156,0
DA:157,0
DA:160,0
DA:171,0
DA:172,0
DA:173,0
DA:183,0
DA:194,0
DA:195,0
DA:198,0
DA:200,0
DA:202,0
DA:203,0
DA:208,0
DA:209,0
DA:220,0
DA:227,0
DA:228,0
DA:231,0
DA:232,0
DA:234,0
DA:235,0
DA:236,0
DA:238,0
DA:241,0
LF:75
LH:0
BRDA:22,0,0,0
BRDA:22,0,1,0
BRDA:22,1,0,0
BRDA:22,1,1,0
BRDA:22,1,2,0
BRDA:22,1,3,0
BRDA:32,2,0,0
BRDA:32,2,1,0
BRDA:40,3,0,0
BRDA:40,3,1,0
BRDA:40,4,0,0
BRDA:40,4,1,0
BRDA:71,5,0,0
BRDA:71,5,1,0
BRDA:71,6,0,0
BRDA:71,6,1,0
BRDA:76,7,0,0
BRDA:76,7,1,0
BRDA:93,8,0,0
BRDA:93,8,1,0
BRDA:103,9,0,0
BRDA:103,9,1,0
BRDA:108,10,0,0
BRDA:108,10,1,0
BRDA:113,11,0,0
BRDA:113,11,1,0
BRDA:118,12,0,0
BRDA:118,12,1,0
BRDA:123,13,0,0
BRDA:123,13,1,0
BRDA:154,14,0,0
BRDA:154,14,1,0
BRDA:157,15,0,0
BRDA:157,15,1,0
BRDA:166,16,0,0
BRDA:166,16,1,0
BRDA:172,17,0,0
BRDA:172,17,1,0
BRDA:200,18,0,0
BRDA:200,18,1,0
BRDA:208,19,0,0
BRDA:208,19,1,0
BRDA:227,20,0,0
BRDA:227,20,1,0
BRDA:228,21,0,0
BRDA:228,21,1,0
BRDA:238,22,0,0
BRDA:238,22,1,0
BRF:48
BRH:0
end_of_record
TN:
SF:src/engine/elementConverters.ts
FN:18,absoluteToConstraints
FN:75,constraintsToAbsolute
FN:112,rgbFloatToHex
FN:113,(anonymous_3)
FN:117,hexToRgbFloat
FN:127,nodeTypeToShapeType
FN:132,getAnimationForElement
FN:140,engineNodeToShapeElement
FN:172,engineNodeToTextElement
FN:203,engineNodeToImageElement
FN:228,overlayToDesignElement
FNF:11
FNH:5
FNDA:3,absoluteToConstraints
FNDA:3,constraintsToAbsolute
FNDA:8,rgbFloatToHex
FNDA:24,(anonymous_3)
FNDA:6,hexToRgbFloat
FNDA:0,nodeTypeToShapeType
FNDA:0,getAnimationForElement
FNDA:0,engineNodeToShapeElement
FNDA:0,engineNodeToTextElement
FNDA:0,engineNodeToImageElement
FNDA:0,overlayToDesignElement
DA:22,3
DA:23,3
DA:24,3
DA:25,3
DA:27,3
DA:28,3
DA:37,3
DA:38,1
DA:39,2
DA:40,1
DA:41,1
DA:42,1
DA:44,0
DA:48,3
DA:49,1
DA:50,2
DA:51,1
DA:52,1
DA:53,1
DA:55,0
DA:59,3
DA:60,1
DA:61,2
DA:62,0
DA:63,2
DA:64,0
DA:66,2
DA:69,3
DA:80,3
DA:81,3
DA:84,3
DA:85,1
DA:86,2
DA:87,0
DA:89,0
DA:90,0
DA:91,0
DA:92,0
DA:96,3
DA:97,1
DA:98,2
DA:99,0
DA:101,0
DA:102,0
DA:103,0
DA:104,0
DA:107,3
DA:113,24
DA:114,8
DA:118,6
DA:119,6
DA:120,6
DA:121,6
DA:122,6
DA:128,0
DA:129,0
DA:133,0
DA:134,0
DA:135,0
DA:145,0
DA:146,0
DA:148,0
DA:149,0
DA:150,0
DA:151,0
DA:152,0
DA:154,0
DA:156,0
DA:177,0
DA:178,0
DA:180,0
DA:208,0
DA:209,0
DA:211,0
DA:235,0
DA:236,0
DA:237,0
DA:238,0
DA:239,0
DA:240,0
DA:242,0
DA:243,0
DA:266,0
DA:267,0
DA:285,0
LF:85
LH:40
BRDA:37,0,0,1
BRDA:37,0,1,2
BRDA:39,1,0,1
BRDA:39,1,1,1
BRDA:39,2,0,2
BRDA:39,2,1,1
BRDA:41,3,0,1
BRDA:41,3,1,0
BRDA:48,4,0,1
BRDA:48,4,1,2
BRDA:50,5,0,1
BRDA:50,5,1,1
BRDA:50,6,0,2
BRDA:50,6,1,1
BRDA:52,7,0,1
BRDA:52,7,1,0
BRDA:59,8,0,1
BRDA:59,8,1,2
BRDA:59,9,0,3
BRDA:59,9,1,1
BRDA:61,10,0,0
BRDA:61,10,1,2
BRDA:63,11,0,0
BRDA:63,11,1,2
BRDA:80,12,0,1
BRDA:80,12,1,2
BRDA:81,13,0,1
BRDA:81,13,1,2
BRDA:84,14,0,1
BRDA:84,14,1,2
BRDA:84,14,2,0
BRDA:84,14,3,0
BRDA:84,14,4,0
BRDA:85,15,0,1
BRDA:85,15,1,0
BRDA:86,16,0,2
BRDA:86,16,1,0
BRDA:87,17,0,0
BRDA:87,17,1,0
BRDA:89,18,0,0
BRDA:89,18,1,0
BRDA:90,19,0,0
BRDA:90,19,1,0
BRDA:90,20,0,0
BRDA:90,20,1,0
BRDA:96,21,0,1
BRDA:96,21,1,2
BRDA:96,21,2,0
BRDA:96,21,3,0
BRDA:96,21,4,0
BRDA:97,22,0,1
BRDA:97,22,1,0
BRDA:98,23,0,2
BRDA:98,23,1,0
BRDA:99,24,0,0
BRDA:99,24,1,0
BRDA:101,25,0,0
BRDA:101,25,1,0
BRDA:102,26,0,0
BRDA:102,26,1,0
BRDA:102,27,0,0
BRDA:102,27,1,0
BRDA:128,28,0,0
BRDA:128,28,1,0
BRDA:134,29,0,0
BRDA:134,29,1,0
BRDA:134,30,0,0
BRDA:134,30,1,0
BRDA:146,31,0,0
BRDA:146,31,1,0
BRDA:146,32,0,0
BRDA:146,32,1,0
BRDA:146,33,0,0
BRDA:146,33,1,0
BRDA:149,34,0,0
BRDA:149,34,1,0
BRDA:150,35,0,0
BRDA:150,35,1,0
BRDA:150,36,0,0
BRDA:150,36,1,0
BRDA:151,37,0,0
BRDA:151,37,1,0
BRDA:163,38,0,0
BRDA:163,38,1,0
BRDA:166,39,0,0
BRDA:166,39,1,0
BRDA:167,40,0,0
BRDA:167,40,1,0
BRDA:182,41,0,0
BRDA:182,41,1,0
BRDA:185,42,0,0
BRDA:185,42,1,0
BRDA:186,43,0,0
BRDA:186,43,1,0
BRDA:187,44,0,0
BRDA:187,44,1,0
BRDA:188,45,0,0
BRDA:188,45,1,0
BRDA:188,46,0,0
BRDA:188,46,1,0
BRDA:190,47,0,0
BRDA:190,47,1,0
BRDA:191,48,0,0
BRDA:191,48,1,0
BRDA:192,49,0,0
BRDA:192,49,1,0
BRDA:193,50,0,0
BRDA:193,50,1,0
BRDA:195,51,0,0
BRDA:195,51,1,0
BRDA:198,52,0,0
BRDA:198,52,1,0
BRDA:213,53,0,0
BRDA:213,53,1,0
BRDA:216,54,0,0
BRDA:216,54,1,0
BRDA:217,55,0,0
BRDA:217,55,1,0
BRDA:220,56,0,0
BRDA:220,56,1,0
BRDA:223,57,0,0
BRDA:223,57,1,0
BRDA:242,58,0,0
BRDA:242,58,1,0
BRDA:245,59,0,0
BRDA:245,59,1,0
BRDA:248,60,0,0
BRDA:248,60,1,0
BRDA:249,61,0,0
BRDA:249,61,1,0
BRDA:250,62,0,0
BRDA:250,62,1,0
BRDA:251,63,0,0
BRDA:251,63,1,0
BRDA:251,64,0,0
BRDA:251,64,1,0
BRDA:253,65,0,0
BRDA:253,65,1,0
BRDA:254,66,0,0
BRDA:254,66,1,0
BRDA:255,67,0,0
BRDA:255,67,1,0
BRDA:256,68,0,0
BRDA:256,68,1,0
BRDA:258,69,0,0
BRDA:258,69,1,0
BRDA:260,70,0,0
BRDA:260,70,1,0
BRDA:261,71,0,0
BRDA:261,71,1,0
BRDA:266,72,0,0
BRDA:266,72,1,0
BRDA:269,73,0,0
BRDA:269,73,1,0
BRDA:272,74,0,0
BRDA:272,74,1,0
BRDA:273,75,0,0
BRDA:273,75,1,0
BRDA:276,76,0,0
BRDA:276,76,1,0
BRDA:278,77,0,0
BRDA:278,77,1,0
BRDA:279,78,0,0
BRDA:279,78,1,0
BRDA:287,79,0,0
BRDA:287,79,1,0
BRDA:296,80,0,0
BRDA:296,80,1,0
BRDA:297,81,0,0
BRDA:297,81,1,0
BRDA:298,82,0,0
BRDA:298,82,1,0
BRDA:299,83,0,0
BRDA:299,83,1,0
BRDA:300,84,0,0
BRDA:300,84,1,0
BRDA:303,85,0,0
BRDA:303,85,1,0
BRDA:304,86,0,0
BRDA:304,86,1,0
BRF:180
BRH:32
end_of_record
TN:
SF:src/engine/loader.ts
FN:19,loadAceEngine
FN:26,(anonymous_1)
FN:53,clearEngineCache
FNF:3
FNH:0
FNDA:0,loadAceEngine
FNDA:0,(anonymous_1)
FNDA:0,clearEngineCache
DA:7,0
DA:8,0
DA:21,0
DA:24,0
DA:26,0
DA:27,0
DA:28,0
DA:30,0
DA:31,0
DA:32,0
DA:34,0
DA:35,0
DA:36,0
DA:38,0
DA:40,0
DA:41,0
DA:43,0
DA:47,0
DA:54,0
DA:55,0
LF:20
LH:0
BRDA:21,0,0,0
BRDA:21,0,1,0
BRDA:24,1,0,0
BRDA:24,1,1,0
BRDA:31,2,0,0
BRDA:31,2,1,0
BRF:6
BRH:0
end_of_record
TN:
SF:src/engine/lottieExporter.ts
FN:41,exportToLottie
FN:51,(anonymous_1)
FN:70,buildLayer
FN:77,(anonymous_3)
FN:80,(anonymous_4)
FN:81,(anonymous_5)
FN:82,(anonymous_6)
FN:83,(anonymous_7)
FN:84,(anonymous_8)
FN:85,(anonymous_9)
FN:125,buildPositionProperty
FN:136,(anonymous_11)
FN:137,(anonymous_12)
FN:138,(anonymous_13)
FN:140,(anonymous_14)
FN:165,buildScalarProperty
FN:175,(anonymous_16)
FN:194,buildSizeProperty
FN:204,(anonymous_18)
FN:205,(anonymous_19)
FN:206,(anonymous_20)
FN:208,(anonymous_21)
FN:227,findValueAt
FN:228,(anonymous_23)
FN:233,buildRectContent
FN:273,buildEllipseContent
FN:315,downloadLottie
FNF:27
FNH:0
FNDA:0,exportToLottie
FNDA:0,(anonymous_1)
FNDA:0,buildLayer
FNDA:0,(anonymous_3)
FNDA:0,(anonymous_4)
FNDA:0,(anonymous_5)
FNDA:0,(anonymous_6)
FNDA:0,(anonymous_7)
FNDA:0,(anonymous_8)
FNDA:0,(anonymous_9)
FNDA:0,buildPositionProperty
FNDA:0,(anonymous_11)
FNDA:0,(anonymous_12)
FNDA:0,(anonymous_13)
FNDA:0,(anonymous_14)
FNDA:0,buildScalarProperty
FNDA:0,(anonymous_16)
FNDA:0,buildSizeProperty
FNDA:0,(anonymous_18)
FNDA:0,(anonymous_19)
FNDA:0,(anonymous_20)
FNDA:0,(anonymous_21)
FNDA:0,findValueAt
FNDA:0,(anonymous_23)
FNDA:0,buildRectContent
FNDA:0,buildEllipseContent
FNDA:0,downloadLottie
DA:47,0
DA:48,0
DA:51,0
DA:52,0
DA:53,0
DA:56,0
DA:77,0
DA:80,0
DA:81,0
DA:82,0
DA:83,0
DA:84,0
DA:85,0
DA:88,0
DA:89,0
DA:91,0
DA:92,0
DA:93,0
DA:96,0
DA:99,0
DA:103,0
DA:130,0
DA:131,0
DA:135,0
DA:136,0
DA:137,0
DA:138,0
DA:140,0
DA:141,0
DA:142,0
DA:143,0
DA:145,0
DA:152,0
DA:153,0
DA:154,0
DA:155,0
DA:156,0
DA:159,0
DA:162,0
DA:171,0
DA:172,0
DA:175,0
DA:176,0
DA:177,0
DA:183,0
DA:184,0
DA:185,0
DA:186,0
DA:188,0
DA:191,0
DA:199,0
DA:200,0
DA:203,0
DA:204,0
DA:205,0
DA:206,0
DA:208,0
DA:209,0
DA:210,0
DA:211,0
DA:217,0
DA:218,0
DA:219,0
DA:221,0
DA:224,0
DA:228,0
DA:229,0
DA:230,0
DA:234,0
DA:274,0
DA:316,0
DA:317,0
DA:318,0
DA:319,0
DA:320,0
DA:321,0
DA:322,0
DA:323,0
DA:324,0
DA:325,0
LF:80
LH:0
BRDA:47,0,0,0
BRDA:80,1,0,0
BRDA:80,1,1,0
BRDA:81,2,0,0
BRDA:81,2,1,0
BRDA:83,3,0,0
BRDA:83,3,1,0
BRDA:84,4,0,0
BRDA:84,4,1,0
BRDA:99,5,0,0
BRDA:99,5,1,0
BRDA:101,6,0,0
BRDA:101,6,1,0
BRDA:130,7,0,0
BRDA:130,7,1,0
BRDA:130,8,0,0
BRDA:130,8,1,0
BRDA:152,9,0,0
BRDA:152,9,1,0
BRDA:169,10,0,0
BRDA:171,11,0,0
BRDA:171,11,1,0
BRDA:176,12,0,0
BRDA:176,12,1,0
BRDA:183,13,0,0
BRDA:183,13,1,0
BRDA:199,14,0,0
BRDA:199,14,1,0
BRDA:199,15,0,0
BRDA:199,15,1,0
BRDA:217,16,0,0
BRDA:217,16,1,0
BRDA:229,17,0,0
BRDA:229,17,1,0
BRDA:315,18,0,0
BRF:35
BRH:0
end_of_record
TN:
SF:src/engine/smartLayout.ts
FN:39,clamp
FN:44,scaledFontSize
FN:52,textHeight
FN:147,computeSmartConstraints
FN:235,isOutOfBounds
FN:248,getSmartFontSize
FN:264,fallbackConstraints
FNF:7
FNH:0
FNDA:0,clamp
FNDA:0,scaledFontSize
FNDA:0,textHeight
FNDA:0,computeSmartConstraints
FNDA:0,isOutOfBounds
FNDA:0,getSmartFontSize
FNDA:0,fallbackConstraints
DA:40,0
DA:45,0
DA:46,0
DA:47,0
DA:48,0
DA:53,0
DA:71,2
DA:86,2
DA:101,2
DA:116,2
DA:129,2
DA:148,0
DA:149,0
DA:150,0
DA:151,0
DA:154,0
DA:155,0
DA:158,0
DA:163,0
DA:165,0
DA:166,0
DA:167,0
DA:168,0
DA:169,0
DA:171,0
DA:176,0
DA:177,0
DA:178,0
DA:179,0
DA:180,0
DA:181,0
DA:182,0
DA:184,0
DA:189,0
DA:190,0
DA:191,0
DA:192,0
DA:193,0
DA:194,0
DA:197,0
DA:202,0
DA:203,0
DA:204,0
DA:205,0
DA:208,0
DA:211,0
DA:241,0
DA:242,0
DA:249,0
DA:250,0
DA:258,0
DA:259,0
DA:265,0
LF:53
LH:5
BRDA:46,0,0,0
BRDA:46,0,1,0
BRDA:47,1,0,0
BRDA:47,1,1,0
BRDA:52,2,0,0
BRDA:154,3,0,0
BRDA:154,3,1,0
BRDA:158,4,0,0
BRDA:158,4,1,0
BRDA:159,5,0,0
BRDA:159,5,1,0
BRDA:165,6,0,0
BRDA:165,6,1,0
BRDA:168,7,0,0
BRDA:168,7,1,0
BRDA:171,8,0,0
BRDA:171,8,1,0
BRDA:176,9,0,0
BRDA:176,9,1,0
BRDA:178,10,0,0
BRDA:178,10,1,0
BRDA:178,11,0,0
BRDA:178,11,1,0
BRDA:178,11,2,0
BRDA:178,11,3,0
BRDA:179,12,0,0
BRDA:179,12,1,0
BRDA:179,12,2,0
BRDA:181,13,0,0
BRDA:181,13,1,0
BRDA:184,14,0,0
BRDA:184,14,1,0
BRDA:189,15,0,0
BRDA:189,15,1,0
BRDA:191,16,0,0
BRDA:191,16,1,0
BRDA:193,17,0,0
BRDA:193,17,1,0
BRDA:202,18,0,0
BRDA:202,18,1,0
BRDA:204,19,0,0
BRDA:204,19,1,0
BRDA:215,20,0,0
BRDA:215,20,1,0
BRDA:242,21,0,0
BRDA:242,21,1,0
BRDA:242,21,2,0
BRDA:242,21,3,0
BRDA:258,22,0,0
BRDA:258,22,1,0
BRDA:271,23,0,0
BRDA:271,23,1,0
BRDA:272,24,0,0
BRDA:272,24,1,0
BRF:54
BRH:0
end_of_record
TN:
SF:src/engine/smartSizing.ts
FN:34,classifyRatio
FN:47,detectElementRole
FN:189,smartReposition
FN:315,scaleFontSize
FN:355,smartSizeElements
FN:367,(anonymous_5)
FN:397,classifyMasterGroup
FN:408,groupSizesByMaster
FN:427,getMasterGroupDescriptions
FN:450,getMasterGroupFontBoost
FNF:10
FNH:6
FNDA:24,classifyRatio
FNDA:12,detectElementRole
FNDA:8,smartReposition
FNDA:8,scaleFontSize
FNDA:5,smartSizeElements
FNDA:8,(anonymous_5)
FNDA:0,classifyMasterGroup
FNDA:0,groupSizesByMaster
FNDA:0,getMasterGroupDescriptions
FNDA:0,getMasterGroupFontBoost
DA:35,24
DA:36,24
DA:37,13
DA:38,12
DA:39,11
DA:40,8
DA:41,3
DA:52,12
DA:55,12
DA:56,8
DA:57,8
DA:58,8
DA:59,0
DA:60,0
DA:63,0
DA:64,0
DA:65,0
DA:66,0
DA:67,0
DA:69,0
DA:70,0
DA:71,0
DA:72,0
DA:73,0
DA:74,0
DA:77,0
DA:123,3
DA:196,8
DA:197,8
DA:198,8
DA:201,8
DA:202,4
DA:211,4
DA:212,4
DA:213,4
DA:214,4
DA:217,4
DA:218,4
DA:219,4
DA:220,4
DA:224,4
DA:225,4
DA:226,4
DA:227,0
DA:228,0
DA:230,0
DA:234,4
DA:235,4
DA:236,1
DA:237,3
DA:238,3
DA:240,0
DA:245,4
DA:246,0
DA:247,0
DA:248,0
DA:257,4
DA:258,4
DA:272,0
DA:273,0
DA:274,0
DA:275,0
DA:276,0
DA:277,0
DA:278,0
DA:280,0
DA:289,0
DA:302,3
DA:322,8
DA:324,4
DA:325,4
DA:326,4
DA:329,4
DA:330,4
DA:331,4
DA:334,4
DA:336,8
DA:337,4
DA:341,0
DA:342,0
DA:346,0
DA:363,5
DA:364,0
DA:367,5
DA:368,8
DA:369,8
DA:371,8
DA:398,0
DA:399,0
DA:400,0
DA:401,0
DA:411,0
DA:416,0
DA:417,0
DA:418,0
DA:420,0
DA:428,0
DA:451,0
DA:456,0
LF:99
LH:53
BRDA:36,0,0,11
BRDA:36,0,1,13
BRDA:37,1,0,1
BRDA:37,1,1,12
BRDA:38,2,0,1
BRDA:38,2,1,11
BRDA:39,3,0,3
BRDA:39,3,1,8
BRDA:40,4,0,5
BRDA:40,4,1,3
BRDA:55,5,0,4
BRDA:55,5,1,8
BRDA:56,6,0,0
BRDA:56,6,1,8
BRDA:57,7,0,0
BRDA:57,7,1,8
BRDA:58,8,0,8
BRDA:58,8,1,0
BRDA:59,9,0,0
BRDA:59,9,1,0
BRDA:60,10,0,0
BRDA:60,10,1,0
BRDA:63,11,0,0
BRDA:63,11,1,0
BRDA:66,12,0,0
BRDA:66,12,1,0
BRDA:69,13,0,0
BRDA:69,13,1,0
BRDA:70,14,0,0
BRDA:70,14,1,0
BRDA:71,15,0,0
BRDA:71,15,1,0
BRDA:72,16,0,0
BRDA:72,16,1,0
BRDA:73,17,0,0
BRDA:73,17,1,0
BRDA:201,18,0,4
BRDA:201,18,1,4
BRDA:225,19,0,4
BRDA:225,19,1,0
BRDA:225,20,0,4
BRDA:225,20,1,4
BRDA:227,21,0,0
BRDA:227,21,1,0
BRDA:235,22,0,1
BRDA:235,22,1,3
BRDA:235,23,0,4
BRDA:235,23,1,1
BRDA:237,24,0,3
BRDA:237,24,1,0
BRDA:245,25,0,0
BRDA:245,25,1,4
BRDA:257,26,0,4
BRDA:257,26,1,0
BRDA:272,27,0,0
BRDA:272,27,1,0
BRDA:276,28,0,0
BRDA:276,28,1,0
BRDA:322,29,0,4
BRDA:322,29,1,4
BRDA:322,30,0,8
BRDA:322,30,1,4
BRDA:334,31,0,4
BRDA:334,31,1,0
BRDA:336,32,0,4
BRDA:336,32,1,4
BRDA:341,33,0,0
BRDA:341,33,1,0
BRDA:363,34,0,0
BRDA:363,34,1,5
BRDA:363,35,0,5
BRDA:363,35,1,0
BRDA:399,36,0,0
BRDA:399,36,1,0
BRDA:400,37,0,0
BRDA:400,37,1,0
BRF:76
BRH:36
end_of_record
TN:
SF:src/engine/smartSizingFixer.ts
FN:27,generateFixes
FN:34,(anonymous_1)
FN:37,(anonymous_2)
FN:132,fixOutOfBounds
FN:202,fixOverlap
FNF:5
FNH:0
FNDA:0,generateFixes
FNDA:0,(anonymous_1)
FNDA:0,(anonymous_2)
FNDA:0,fixOutOfBounds
FNDA:0,fixOverlap
DA:31,0
DA:33,0
DA:34,0
DA:35,0
DA:37,0
DA:38,0
DA:40,0
DA:41,0
DA:42,0
DA:44,0
DA:47,0
DA:48,0
DA:51,0
DA:52,0
DA:54,0
DA:62,0
DA:64,0
DA:77,0
DA:79,0
DA:92,0
DA:94,0
DA:107,0
DA:110,0
DA:123,0
DA:127,0
DA:140,0
DA:141,0
DA:149,0
DA:160,0
DA:161,0
DA:162,0
DA:164,0
DA:165,0
DA:166,0
DA:167,0
DA:168,0
DA:169,0
DA:171,0
DA:172,0
DA:173,0
DA:174,0
DA:175,0
DA:176,0
DA:178,0
DA:179,0
DA:180,0
DA:182,0
DA:183,0
DA:184,0
DA:187,0
DA:188,0
DA:197,0
DA:209,0
DA:212,0
DA:213,0
DA:233,0
DA:234,0
DA:246,0
LF:58
LH:0
BRDA:35,0,0,0
BRDA:35,0,1,0
BRDA:35,1,0,0
BRDA:35,1,1,0
BRDA:38,2,0,0
BRDA:38,2,1,0
BRDA:44,3,0,0
BRDA:44,3,1,0
BRDA:44,3,2,0
BRDA:44,3,3,0
BRDA:44,3,4,0
BRDA:44,3,5,0
BRDA:44,3,6,0
BRDA:44,3,7,0
BRDA:140,4,0,0
BRDA:140,4,1,0
BRDA:147,5,0,0
BRDA:147,5,1,0
BRDA:164,6,0,0
BRDA:164,6,1,0
BRDA:167,7,0,0
BRDA:167,7,1,0
BRDA:171,8,0,0
BRDA:171,8,1,0
BRDA:174,9,0,0
BRDA:174,9,1,0
BRDA:178,10,0,0
BRDA:178,10,1,0
BRDA:182,11,0,0
BRDA:182,11,1,0
BRDA:187,12,0,0
BRDA:187,12,1,0
BRDA:212,13,0,0
BRDA:212,13,1,0
BRDA:225,14,0,0
BRDA:225,14,1,0
BRDA:233,15,0,0
BRDA:233,15,1,0
BRDA:233,16,0,0
BRDA:233,16,1,0
BRDA:233,16,2,0
BRF:41
BRH:0
end_of_record
TN:
SF:src/engine/smartSizingQA.ts
FN:34,runSmartSizingQA
FN:44,(anonymous_1)
FN:74,(anonymous_2)
FN:126,(anonymous_3)
FN:126,(anonymous_4)
FN:150,checkLayoutPattern
FN:159,(anonymous_6)
FN:160,(anonymous_7)
FN:161,(anonymous_8)
FN:202,rectsOverlap
FNF:10
FNH:0
FNDA:0,runSmartSizingQA
FNDA:0,(anonymous_1)
FNDA:0,(anonymous_2)
FNDA:0,(anonymous_3)
FNDA:0,(anonymous_4)
FNDA:0,checkLayoutPattern
FNDA:0,(anonymous_6)
FNDA:0,(anonymous_7)
FNDA:0,(anonymous_8)
FNDA:0,rectsOverlap
DA:35,0
DA:37,0
DA:38,0
DA:39,0
DA:40,0
DA:41,0
DA:44,0
DA:50,0
DA:51,0
DA:52,0
DA:54,0
DA:61,0
DA:63,0
DA:74,0
DA:75,0
DA:77,0
DA:78,0
DA:79,0
DA:80,0
DA:81,0
DA:82,0
DA:94,0
DA:95,0
DA:96,0
DA:97,0
DA:98,0
DA:110,0
DA:111,0
DA:112,0
DA:123,0
DA:126,0
DA:127,0
DA:128,0
DA:135,0
DA:136,0
DA:145,0
DA:156,0
DA:157,0
DA:159,0
DA:160,0
DA:161,0
DA:163,0
DA:165,0
DA:166,0
DA:175,0
DA:176,0
DA:186,0
DA:188,0
DA:189,0
DA:207,0
DA:208,0
LF:51
LH:0
BRDA:41,0,0,0
BRDA:41,0,1,0
BRDA:51,1,0,0
BRDA:51,1,1,0
BRDA:52,2,0,0
BRDA:52,2,1,0
BRDA:52,3,0,0
BRDA:52,3,1,0
BRDA:52,3,2,0
BRDA:52,3,3,0
BRDA:61,4,0,0
BRDA:61,4,1,0
BRDA:61,5,0,0
BRDA:61,5,1,0
BRDA:61,5,2,0
BRDA:61,5,3,0
BRDA:75,6,0,0
BRDA:75,6,1,0
BRDA:75,6,2,0
BRDA:81,7,0,0
BRDA:81,7,1,0
BRDA:95,8,0,0
BRDA:95,8,1,0
BRDA:95,9,0,0
BRDA:95,9,1,0
BRDA:97,10,0,0
BRDA:97,10,1,0
BRDA:97,11,0,0
BRDA:97,11,1,0
BRDA:111,12,0,0
BRDA:111,12,1,0
BRDA:111,13,0,0
BRDA:111,13,1,0
BRDA:127,14,0,0
BRDA:127,14,1,0
BRDA:135,15,0,0
BRDA:135,15,1,0
BRDA:157,16,0,0
BRDA:157,16,1,0
BRDA:163,17,0,0
BRDA:163,17,1,0
BRDA:165,18,0,0
BRDA:165,18,1,0
BRDA:165,19,0,0
BRDA:165,19,1,0
BRDA:175,20,0,0
BRDA:175,20,1,0
BRDA:175,21,0,0
BRDA:175,21,1,0
BRDA:186,22,0,0
BRDA:186,22,1,0
BRDA:188,23,0,0
BRDA:188,23,1,0
BRDA:188,24,0,0
BRDA:188,24,1,0
BRDA:188,24,2,0
BRDA:209,25,0,0
BRDA:209,25,1,0
BRDA:209,25,2,0
BRDA:209,25,3,0
BRF:60
BRH:0
end_of_record
TN:
SF:src/engine/tauriBridge.ts
FN:10,(anonymous_0)
FN:25,ping
FN:31,getEngineStatus
FN:43,addRect
FNF:4
FNH:0
FNDA:0,(anonymous_0)
FNDA:0,ping
FNDA:0,getEngineStatus
FNDA:0,addRect
DA:10,0
DA:11,0
DA:26,0
DA:27,0
DA:32,0
DA:33,0
DA:39,0
DA:47,0
DA:48,0
LF:9
LH:0
BRDA:26,0,0,0
BRDA:26,0,1,0
BRDA:32,1,0,0
BRDA:32,1,1,0
BRDA:47,2,0,0
BRDA:47,2,1,0
BRF:6
BRH:0
end_of_record
TN:
SF:src/engine/videoExporter.ts
FN:42,exportToMp4
FN:79,(anonymous_1)
FN:83,(anonymous_2)
FN:134,(anonymous_3)
FN:165,downloadBlob
FNF:5
FNH:0
FNDA:0,exportToMp4
FNDA:0,(anonymous_1)
FNDA:0,(anonymous_2)
FNDA:0,(anonymous_3)
FNDA:0,downloadBlob
DA:55,0
DA:57,0
DA:60,0
DA:61,0
DA:65,0
DA:66,0
DA:77,0
DA:78,0
DA:80,0
DA:81,0
DA:84,0
DA:85,0
DA:95,0
DA:104,0
DA:105,0
DA:108,0
DA:110,0
DA:113,0
DA:115,0
DA:120,0
DA:121,0
DA:122,0
DA:123,0
DA:125,0
DA:133,0
DA:134,0
DA:139,0
DA:140,0
DA:143,0
DA:150,0
DA:152,0
DA:159,0
DA:166,0
DA:167,0
DA:168,0
DA:169,0
DA:170,0
DA:171,0
DA:172,0
DA:173,0
DA:174,0
LF:41
LH:0
BRDA:53,0,0,0
BRDA:54,1,0,0
BRDA:60,2,0,0
BRDA:60,2,1,0
BRDA:80,3,0,0
BRDA:80,3,1,0
BRDA:133,4,0,0
BRDA:133,4,1,0
BRDA:165,5,0,0
BRF:9
BRH:0
end_of_record
TN:
SF:src/schema/constraints.types.ts
FN:54,resolveConstraints
FNF:1
FNH:1
FNDA:16,resolveConstraints
DA:61,16
DA:62,15
DA:63,1
DA:64,1
DA:66,0
DA:71,16
DA:72,15
DA:73,1
DA:74,1
DA:76,0
DA:80,16
DA:81,0
DA:82,0
DA:86,16
DA:87,16
DA:88,16
DA:89,16
DA:93,16
DA:94,16
DA:96,13
DA:97,13
DA:99,1
DA:100,1
DA:102,1
DA:103,1
DA:105,1
DA:106,1
DA:107,1
DA:112,16
DA:113,16
DA:115,13
DA:116,13
DA:118,1
DA:119,1
DA:121,1
DA:122,1
DA:124,1
DA:125,1
DA:126,1
DA:129,16
LF:40
LH:36
BRDA:61,0,0,15
BRDA:61,0,1,1
BRDA:63,1,0,1
BRDA:63,1,1,0
BRDA:71,2,0,15
BRDA:71,2,1,1
BRDA:73,3,0,1
BRDA:73,3,1,0
BRDA:80,4,0,0
BRDA:80,4,1,16
BRDA:80,5,0,16
BRDA:80,5,1,0
BRDA:80,5,2,0
BRDA:86,6,0,1
BRDA:86,6,1,15
BRDA:87,7,0,1
BRDA:87,7,1,15
BRDA:88,8,0,0
BRDA:88,8,1,16
BRDA:89,9,0,0
BRDA:89,9,1,16
BRDA:94,10,0,13
BRDA:94,10,1,1
BRDA:94,10,2,1
BRDA:94,10,3,1
BRDA:105,11,0,1
BRDA:105,11,1,0
BRDA:106,12,0,1
BRDA:106,12,1,0
BRDA:106,13,0,1
BRDA:106,13,1,0
BRDA:113,14,0,13
BRDA:113,14,1,1
BRDA:113,14,2,1
BRDA:113,14,3,1
BRDA:124,15,0,1
BRDA:124,15,1,0
BRDA:125,16,0,1
BRDA:125,16,1,0
BRDA:125,17,0,1
BRDA:125,17,1,0
BRF:41
BRH:28
end_of_record
TN:
SF:src/schema/design.types.ts
FNF:0
FNH:0
LF:0
LH:0
BRF:0
BRH:0
end_of_record
TN:
SF:src/schema/elements.types.ts
FN:131,createDefaultConstraints
FNF:1
FNH:1
FNDA:13,createDefaultConstraints
DA:132,13
LF:1
LH:1
BRF:0
BRH:0
end_of_record
TN:
SF:src/schema/layoutRoles.ts
FN:38,getAspectCategory
FNF:1
FNH:0
FNDA:0,getAspectCategory
DA:39,0
DA:40,0
DA:41,0
DA:42,0
DA:43,0
DA:49,2
DA:66,2
LF:7
LH:2
BRDA:40,0,0,0
BRDA:40,0,1,0
BRDA:41,1,0,0
BRDA:41,1,1,0
BRDA:42,2,0,0
BRDA:42,2,1,0
BRF:6
BRH:0
end_of_record
TN:
SF:src/schema/presets.ts
FN:30,getPresetById
FN:31,(anonymous_1)
FN:34,getPresetsByCategory
FN:35,(anonymous_3)
FNF:4
FNH:4
FNDA:3,getPresetById
FNDA:26,(anonymous_1)
FNDA:4,getPresetsByCategory
FNDA:64,(anonymous_3)
DA:6,1
DA:31,26
DA:35,64
LF:3
LH:3
BRF:0
BRH:0
end_of_record
TN:
SF:src/services/anthropicClient.ts
FN:15,getAnthropicUrl
FN:23,getAnthropicHeaders
FN:32,callAnthropicApi
FNF:3
FNH:0
FNDA:0,getAnthropicUrl
FNDA:0,getAnthropicHeaders
FNDA:0,callAnthropicApi
DA:13,0
DA:17,0
DA:18,0
DA:24,0
DA:36,0
DA:37,0
DA:38,0
DA:41,0
DA:42,0
DA:49,0
DA:50,0
DA:51,0
DA:52,0
DA:54,0
DA:57,0
LF:15
LH:0
BRDA:17,0,0,0
BRDA:17,0,1,0
BRDA:18,1,0,0
BRDA:18,1,1,0
BRDA:37,2,0,0
BRDA:37,2,1,0
BRDA:49,3,0,0
BRDA:49,3,1,0
BRDA:51,4,0,0
BRDA:51,4,1,0
BRF:10
BRH:0
end_of_record
TN:
SF:src/services/autoDesignLoop.ts
FN:44,buildReviewPrompt
FN:45,(anonymous_1)
FN:87,applyFix
FN:103,(anonymous_3)
FN:138,runVisionLoop
FN:164,(anonymous_5)
FN:202,(anonymous_6)
FN:234,(anonymous_7)
FNF:8
FNH:0
FNDA:0,buildReviewPrompt
FNDA:0,(anonymous_1)
FNDA:0,applyFix
FNDA:0,(anonymous_3)
FNDA:0,runVisionLoop
FNDA:0,(anonymous_5)
FNDA:0,(anonymous_6)
FNDA:0,(anonymous_7)
DA:39,0
DA:40,0
DA:45,0
DA:46,0
DA:88,0
DA:89,0
DA:90,0
DA:91,0
DA:94,0
DA:96,0
DA:99,0
DA:100,0
DA:103,0
DA:104,0
DA:109,0
DA:111,0
DA:112,0
DA:113,0
DA:118,0
DA:119,0
DA:120,0
DA:123,0
DA:124,0
DA:125,0
DA:128,0
DA:129,0
DA:130,0
DA:133,0
DA:145,0
DA:146,0
DA:148,0
DA:150,0
DA:153,0
DA:154,0
DA:156,0
DA:157,0
DA:161,0
DA:162,0
DA:163,0
DA:164,0
DA:167,0
DA:170,0
DA:174,0
DA:176,0
DA:198,0
DA:199,0
DA:202,0
DA:203,0
DA:204,0
DA:205,0
DA:207,0
DA:208,0
DA:211,0
DA:212,0
DA:214,0
DA:216,0
DA:217,0
DA:218,0
DA:222,0
DA:224,0
DA:225,0
DA:228,0
DA:229,0
DA:230,0
DA:234,0
DA:237,0
LF:66
LH:0
BRDA:89,0,0,0
BRDA:89,0,1,0
BRDA:89,1,0,0
BRDA:89,1,1,0
BRDA:96,2,0,0
BRDA:96,2,1,0
BRDA:96,3,0,0
BRDA:96,3,1,0
BRDA:106,4,0,0
BRDA:106,4,1,0
BRDA:106,4,2,0
BRDA:107,5,0,0
BRDA:107,5,1,0
BRDA:107,5,2,0
BRDA:111,6,0,0
BRDA:111,6,1,0
BRDA:111,7,0,0
BRDA:111,7,1,0
BRDA:118,8,0,0
BRDA:118,8,1,0
BRDA:118,9,0,0
BRDA:118,9,1,0
BRDA:123,10,0,0
BRDA:123,10,1,0
BRDA:128,11,0,0
BRDA:128,11,1,0
BRDA:164,12,0,0
BRDA:164,12,1,0
BRDA:167,13,0,0
BRDA:167,13,1,0
BRDA:170,14,0,0
BRDA:170,14,1,0
BRDA:171,15,0,0
BRDA:171,15,1,0
BRDA:202,16,0,0
BRDA:202,16,1,0
BRDA:204,17,0,0
BRDA:204,17,1,0
BRDA:211,18,0,0
BRDA:211,18,1,0
BRDA:212,19,0,0
BRDA:212,19,1,0
BRDA:216,20,0,0
BRDA:216,20,1,0
BRDA:222,21,0,0
BRDA:222,21,1,0
BRDA:225,22,0,0
BRDA:225,22,1,0
BRDA:228,23,0,0
BRDA:228,23,1,0
BRF:50
BRH:0
end_of_record
TN:
SF:src/services/autoDesignService.ts
FN:186,detectPersonality
FN:244,buildFromScratchPrompt
FN:351,buildAssetContextPrompt
FN:359,(anonymous_3)
FN:403,(anonymous_4)
FN:403,(anonymous_5)
FN:404,(anonymous_6)
FN:454,callFromScratch
FN:479,(anonymous_8)
FN:486,callAssetContext
FN:533,(anonymous_10)
FNF:11
FNH:0
FNDA:0,detectPersonality
FNDA:0,buildFromScratchPrompt
FNDA:0,buildAssetContextPrompt
FNDA:0,(anonymous_3)
FNDA:0,(anonymous_4)
FNDA:0,(anonymous_5)
FNDA:0,(anonymous_6)
FNDA:0,callFromScratch
FNDA:0,(anonymous_8)
FNDA:0,callAssetContext
FNDA:0,(anonymous_10)
DA:91,0
DA:127,0
DA:187,0
DA:188,0
DA:189,0
DA:190,0
DA:191,0
DA:192,0
DA:193,0
DA:196,0
DA:245,0
DA:246,0
DA:247,0
DA:248,0
DA:251,0
DA:252,0
DA:253,0
DA:256,0
DA:257,0
DA:258,0
DA:259,0
DA:260,0
DA:261,0
DA:262,0
DA:263,0
DA:264,0
DA:265,0
DA:268,0
DA:269,0
DA:270,0
DA:271,0
DA:274,0
DA:282,0
DA:284,0
DA:358,0
DA:359,0
DA:362,0
DA:363,0
DA:366,0
DA:367,0
DA:368,0
DA:369,0
DA:370,0
DA:371,0
DA:372,0
DA:373,0
DA:374,0
DA:375,0
DA:376,0
DA:379,0
DA:381,0
DA:383,0
DA:384,0
DA:385,0
DA:386,0
DA:389,0
DA:390,0
DA:391,0
DA:392,0
DA:396,0
DA:397,0
DA:398,0
DA:399,0
DA:400,0
DA:401,0
DA:403,0
DA:404,0
DA:406,0
DA:461,0
DA:462,0
DA:466,0
DA:475,0
DA:479,0
DA:480,0
DA:482,0
DA:483,0
DA:495,0
DA:498,0
DA:502,0
DA:529,0
DA:533,0
DA:534,0
DA:536,0
DA:537,0
LF:84
LH:0
BRDA:188,0,0,0
BRDA:188,0,1,0
BRDA:189,1,0,0
BRDA:189,1,1,0
BRDA:190,2,0,0
BRDA:190,2,1,0
BRDA:191,3,0,0
BRDA:191,3,1,0
BRDA:192,4,0,0
BRDA:192,4,1,0
BRDA:282,5,0,0
BRDA:282,5,1,0
BRDA:356,6,0,0
BRDA:381,7,0,0
BRDA:381,7,1,0
BRDA:396,8,0,0
BRDA:396,8,1,0
BRDA:397,9,0,0
BRDA:397,9,1,0
BRDA:398,10,0,0
BRDA:398,10,1,0
BRDA:400,11,0,0
BRDA:400,11,1,0
BRDA:401,12,0,0
BRDA:401,12,1,0
BRDA:404,13,0,0
BRDA:404,13,1,0
BRDA:416,14,0,0
BRDA:416,14,1,0
BRDA:422,15,0,0
BRDA:422,15,1,0
BRDA:423,16,0,0
BRDA:423,16,1,0
BRDA:423,17,0,0
BRDA:423,17,1,0
BRDA:423,18,0,0
BRDA:423,18,1,0
BRDA:423,19,0,0
BRDA:423,19,1,0
BRDA:427,20,0,0
BRDA:427,20,1,0
BRDA:431,21,0,0
BRDA:431,21,1,0
BRDA:459,22,0,0
BRDA:462,23,0,0
BRDA:462,23,1,0
BRDA:479,24,0,0
BRDA:479,24,1,0
BRDA:480,25,0,0
BRDA:480,25,1,0
BRDA:483,26,0,0
BRDA:483,26,1,0
BRDA:493,27,0,0
BRDA:498,28,0,0
BRDA:498,28,1,0
BRDA:499,29,0,0
BRDA:499,29,1,0
BRDA:533,30,0,0
BRDA:533,30,1,0
BRDA:534,31,0,0
BRDA:534,31,1,0
BRDA:539,32,0,0
BRDA:539,32,1,0
BRDA:540,33,0,0
BRDA:540,33,1,0
BRF:65
BRH:0
end_of_record
TN:
SF:src/services/screenshotScanService.ts
FN:30,matchFont
FN:117,scanDesignScreenshot
FN:159,(anonymous_2)
FN:175,(anonymous_3)
FN:186,(anonymous_4)
FNF:5
FNH:0
FNDA:0,matchFont
FNDA:0,scanDesignScreenshot
FNDA:0,(anonymous_2)
FNDA:0,(anonymous_3)
FNDA:0,(anonymous_4)
DA:12,0
DA:31,0
DA:32,0
DA:33,0
DA:35,0
DA:54,0
DA:76,0
DA:124,0
DA:128,0
DA:132,0
DA:155,0
DA:159,0
DA:160,0
DA:162,0
DA:169,0
DA:170,0
DA:171,0
DA:172,0
DA:175,0
DA:186,0
DA:188,0
LF:21
LH:0
BRDA:31,0,0,0
BRDA:31,0,1,0
BRDA:33,1,0,0
BRDA:33,1,1,0
BRDA:124,2,0,0
BRDA:124,2,1,0
BRDA:128,3,0,0
BRDA:128,3,1,0
BRDA:128,4,0,0
BRDA:128,4,1,0
BRDA:159,5,0,0
BRDA:159,5,1,0
BRDA:160,6,0,0
BRDA:160,6,1,0
BRDA:169,7,0,0
BRDA:169,7,1,0
BRDA:170,8,0,0
BRDA:170,8,1,0
BRDA:177,9,0,0
BRDA:177,9,1,0
BRDA:178,10,0,0
BRDA:178,10,1,0
BRDA:179,11,0,0
BRDA:179,11,1,0
BRDA:180,12,0,0
BRDA:180,12,1,0
BRDA:181,13,0,0
BRDA:181,13,1,0
BRDA:183,14,0,0
BRDA:183,14,1,0
BRF:30
BRH:0
end_of_record
TN:
SF:src/services/visionService.ts
FN:47,buildPrompt
FN:54,(anonymous_1)
FN:112,callVisionCheck
FN:154,(anonymous_3)
FNF:4
FNH:0
FNDA:0,buildPrompt
FNDA:0,(anonymous_1)
FNDA:0,callVisionCheck
FNDA:0,(anonymous_3)
DA:53,0
DA:54,0
DA:57,0
DA:99,0
DA:120,0
DA:124,0
DA:126,0
DA:150,0
DA:154,0
DA:157,0
DA:158,0
DA:159,0
DA:162,0
DA:163,0
LF:14
LH:0
BRDA:54,0,0,0
BRDA:54,0,1,0
BRDA:120,1,0,0
BRDA:120,1,1,0
BRDA:121,2,0,0
BRDA:121,2,1,0
BRDA:154,3,0,0
BRDA:154,3,1,0
BRDA:158,4,0,0
BRDA:158,4,1,0
BRF:10
BRH:0
end_of_record
TN:
SF:src/stores/designMemoryStore.ts
FN:33,(anonymous_0)
FN:36,(anonymous_1)
FN:42,(anonymous_2)
FN:44,(anonymous_3)
FN:49,(anonymous_4)
FN:50,(anonymous_5)
FN:51,(anonymous_6)
FN:53,(anonymous_7)
FN:57,(anonymous_8)
FN:59,(anonymous_9)
FN:63,(anonymous_10)
FN:73,buildFewShotExamples
FN:76,(anonymous_12)
FN:77,(anonymous_13)
FNF:14
FNH:0
FNDA:0,(anonymous_0)
FNDA:0,(anonymous_1)
FNDA:0,(anonymous_2)
FNDA:0,(anonymous_3)
FNDA:0,(anonymous_4)
FNDA:0,(anonymous_5)
FNDA:0,(anonymous_6)
FNDA:0,(anonymous_7)
FNDA:0,(anonymous_8)
FNDA:0,(anonymous_9)
FNDA:0,(anonymous_10)
FNDA:0,buildFewShotExamples
FNDA:0,(anonymous_12)
FNDA:0,(anonymous_13)
DA:9,0
DA:10,0
DA:31,0
DA:33,0
DA:37,0
DA:42,0
DA:44,0
DA:50,0
DA:52,0
DA:53,0
DA:58,0
DA:59,0
DA:63,0
DA:74,0
DA:76,0
DA:77,0
DA:78,0
DA:79,0
DA:81,0
DA:82,0
DA:84,0
DA:87,0
DA:91,0
LF:23
LH:0
BRDA:52,0,0,0
BRDA:52,0,1,0
BRDA:57,1,0,0
BRDA:74,2,0,0
BRDA:74,2,1,0
BRDA:78,3,0,0
BRDA:78,3,1,0
BRDA:81,4,0,0
BRDA:81,4,1,0
BRF:9
BRH:0
end_of_record
TN:
SF:src/stores/designStore.ts
FN:82,getActiveCS
FN:90,(anonymous_1)
FN:95,(anonymous_2)
FN:123,(anonymous_3)
FN:132,(anonymous_4)
FN:136,(anonymous_5)
FN:143,(anonymous_6)
FN:144,(anonymous_7)
FN:153,(anonymous_8)
FN:154,(anonymous_9)
FN:161,(anonymous_10)
FN:162,(anonymous_11)
FN:174,(anonymous_12)
FN:175,(anonymous_13)
FN:179,(anonymous_14)
FN:206,(anonymous_15)
FN:207,(anonymous_16)
FN:211,(anonymous_17)
FN:216,(anonymous_18)
FN:226,(anonymous_19)
FN:237,(anonymous_20)
FN:238,(anonymous_21)
FN:243,(anonymous_22)
FN:245,(anonymous_23)
FN:254,(anonymous_24)
FN:255,(anonymous_25)
FN:259,(anonymous_26)
FN:279,(anonymous_27)
FN:280,(anonymous_28)
FN:286,(anonymous_29)
FN:293,(anonymous_30)
FN:294,(anonymous_31)
FN:297,(anonymous_32)
FN:300,(anonymous_33)
FN:308,(anonymous_34)
FN:309,(anonymous_35)
FN:312,(anonymous_36)
FN:325,(anonymous_37)
FN:326,(anonymous_38)
FN:337,(anonymous_39)
FN:338,(anonymous_40)
FN:341,(anonymous_41)
FN:376,(anonymous_42)
FN:377,(anonymous_43)
FN:382,(anonymous_44)
FN:392,(anonymous_45)
FN:395,(anonymous_46)
FN:408,(anonymous_47)
FN:417,(anonymous_48)
FN:422,(anonymous_49)
FN:422,(anonymous_50)
FN:428,(anonymous_51)
FN:437,(anonymous_52)
FN:451,(anonymous_53)
FN:464,_applyDesignSync
FN:483,_broadcastDesignSync
FN:494,(anonymous_56)
FN:502,(anonymous_57)
FNF:58
FNH:24
FNDA:8,getActiveCS
FNDA:2,(anonymous_1)
FNDA:10,(anonymous_2)
FNDA:10,(anonymous_3)
FNDA:1,(anonymous_4)
FNDA:1,(anonymous_5)
FNDA:5,(anonymous_6)
FNDA:5,(anonymous_7)
FNDA:0,(anonymous_8)
FNDA:0,(anonymous_9)
FNDA:0,(anonymous_10)
FNDA:0,(anonymous_11)
FNDA:4,(anonymous_12)
FNDA:4,(anonymous_13)
FNDA:4,(anonymous_14)
FNDA:0,(anonymous_15)
FNDA:0,(anonymous_16)
FNDA:0,(anonymous_17)
FNDA:0,(anonymous_18)
FNDA:0,(anonymous_19)
FNDA:1,(anonymous_20)
FNDA:1,(anonymous_21)
FNDA:2,(anonymous_22)
FNDA:0,(anonymous_23)
FNDA:2,(anonymous_24)
FNDA:2,(anonymous_25)
FNDA:2,(anonymous_26)
FNDA:1,(anonymous_27)
FNDA:1,(anonymous_28)
FNDA:0,(anonymous_29)
FNDA:0,(anonymous_30)
FNDA:0,(anonymous_31)
FNDA:0,(anonymous_32)
FNDA:0,(anonymous_33)
FNDA:0,(anonymous_34)
FNDA:0,(anonymous_35)
FNDA:0,(anonymous_36)
FNDA:0,(anonymous_37)
FNDA:0,(anonymous_38)
FNDA:0,(anonymous_39)
FNDA:0,(anonymous_40)
FNDA:0,(anonymous_41)
FNDA:0,(anonymous_42)
FNDA:0,(anonymous_43)
FNDA:0,(anonymous_44)
FNDA:0,(anonymous_45)
FNDA:0,(anonymous_46)
FNDA:0,(anonymous_47)
FNDA:33,(anonymous_48)
FNDA:2,(anonymous_49)
FNDA:2,(anonymous_50)
FNDA:2,(anonymous_51)
FNDA:33,(anonymous_52)
FNDA:0,(anonymous_53)
FNDA:0,_applyDesignSync
FNDA:0,_broadcastDesignSync
FNDA:0,(anonymous_56)
FNDA:0,(anonymous_57)
DA:83,8
DA:84,8
DA:87,2
DA:90,2
DA:96,10
DA:97,10
DA:98,10
DA:100,10
DA:109,10
DA:123,10
DA:124,10
DA:125,10
DA:126,10
DA:129,10
DA:133,1
DA:134,1
DA:136,1
DA:137,1
DA:138,1
DA:140,1
DA:144,5
DA:145,5
DA:146,5
DA:147,1
DA:148,1
DA:154,0
DA:155,0
DA:156,0
DA:157,0
DA:162,0
DA:163,0
DA:164,0
DA:165,0
DA:166,0
DA:167,0
DA:168,0
DA:175,4
DA:176,4
DA:177,4
DA:178,4
DA:179,4
DA:181,4
DA:184,4
DA:186,4
DA:187,4
DA:190,4
DA:191,4
DA:193,0
DA:198,0
DA:201,4
DA:202,4
DA:207,0
DA:208,0
DA:209,0
DA:210,0
DA:211,0
DA:213,0
DA:216,0
DA:217,0
DA:218,0
DA:221,0
DA:222,0
DA:223,0
DA:224,0
DA:226,0
DA:227,0
DA:228,0
DA:232,0
DA:233,0
DA:238,1
DA:239,1
DA:240,1
DA:242,1
DA:243,2
DA:244,2
DA:245,0
DA:249,1
DA:250,1
DA:255,2
DA:256,2
DA:257,2
DA:258,2
DA:259,2
DA:261,2
DA:264,2
DA:273,2
DA:274,2
DA:275,2
DA:280,1
DA:281,1
DA:282,1
DA:284,1
DA:285,0
DA:286,0
DA:288,0
DA:289,0
DA:294,0
DA:295,0
DA:296,0
DA:297,0
DA:298,0
DA:300,0
DA:301,0
DA:302,0
DA:303,0
DA:304,0
DA:309,0
DA:310,0
DA:311,0
DA:312,0
DA:313,0
DA:315,0
DA:316,0
DA:317,0
DA:319,0
DA:321,0
DA:326,0
DA:327,0
DA:328,0
DA:329,0
DA:331,0
DA:333,0
DA:338,0
DA:339,0
DA:340,0
DA:341,0
DA:342,0
DA:345,0
DA:348,0
DA:349,0
DA:350,0
DA:352,0
DA:353,0
DA:354,0
DA:356,0
DA:357,0
DA:360,0
DA:369,0
DA:370,0
DA:371,0
DA:372,0
DA:373,0
DA:374,0
DA:376,0
DA:377,0
DA:378,0
DA:382,0
DA:383,0
DA:391,0
DA:392,0
DA:393,0
DA:395,0
DA:396,0
DA:398,0
DA:403,0
DA:404,0
DA:409,0
DA:417,33
DA:422,2
DA:423,2
DA:424,0
DA:429,2
DA:430,2
DA:431,0
DA:432,0
DA:434,0
DA:438,33
DA:439,33
DA:442,0
DA:443,0
DA:444,0
DA:445,0
DA:447,0
DA:452,0
DA:465,0
DA:466,0
DA:467,0
DA:468,0
DA:469,0
DA:470,0
DA:471,0
DA:472,0
DA:473,0
DA:477,0
DA:478,0
DA:484,0
DA:485,0
DA:486,0
DA:490,2
DA:492,2
DA:494,2
DA:495,0
DA:496,0
DA:500,2
DA:501,2
DA:502,2
DA:503,0
DA:504,0
LF:198
LH:73
BRDA:83,0,0,0
BRDA:83,0,1,8
BRDA:134,1,0,0
BRDA:134,1,1,1
BRDA:138,2,0,1
BRDA:138,2,1,0
BRDA:146,3,0,1
BRDA:146,3,1,4
BRDA:164,4,0,0
BRDA:164,4,1,0
BRDA:167,5,0,0
BRDA:167,5,1,0
BRDA:177,6,0,0
BRDA:177,6,1,4
BRDA:181,7,0,0
BRDA:181,7,1,4
BRDA:191,8,0,4
BRDA:191,8,1,0
BRDA:209,9,0,0
BRDA:209,9,1,0
BRDA:213,10,0,0
BRDA:213,10,1,0
BRDA:217,11,0,0
BRDA:217,11,1,0
BRDA:222,12,0,0
BRDA:222,12,1,0
BRDA:223,13,0,0
BRDA:223,13,1,0
BRDA:224,14,0,0
BRDA:224,14,1,0
BRDA:227,15,0,0
BRDA:227,15,1,0
BRDA:240,16,0,0
BRDA:240,16,1,1
BRDA:257,17,0,0
BRDA:257,17,1,2
BRDA:261,18,0,0
BRDA:261,18,1,2
BRDA:282,19,0,0
BRDA:282,19,1,1
BRDA:284,20,0,1
BRDA:284,20,1,0
BRDA:296,21,0,0
BRDA:296,21,1,0
BRDA:298,22,0,0
BRDA:298,22,1,0
BRDA:301,23,0,0
BRDA:301,23,1,0
BRDA:311,24,0,0
BRDA:311,24,1,0
BRDA:313,25,0,0
BRDA:313,25,1,0
BRDA:316,26,0,0
BRDA:316,26,1,0
BRDA:327,27,0,0
BRDA:327,27,1,0
BRDA:340,28,0,0
BRDA:340,28,1,0
BRDA:342,29,0,0
BRDA:342,29,1,0
BRDA:348,30,0,0
BRDA:348,30,1,0
BRDA:353,31,0,0
BRDA:353,31,1,0
BRDA:354,32,0,0
BRDA:354,32,1,0
BRDA:372,33,0,0
BRDA:372,33,1,0
BRDA:374,34,0,0
BRDA:374,34,1,0
BRDA:378,35,0,0
BRDA:378,35,1,0
BRDA:393,36,0,0
BRDA:393,36,1,0
BRDA:396,37,0,0
BRDA:396,37,1,0
BRDA:423,38,0,0
BRDA:423,38,1,2
BRDA:423,39,0,2
BRDA:423,39,1,2
BRDA:424,40,0,0
BRDA:424,40,1,0
BRDA:430,41,0,2
BRDA:430,41,1,0
BRDA:468,42,0,0
BRDA:468,42,1,0
BRDA:470,43,0,0
BRDA:470,43,1,0
BRDA:471,44,0,0
BRDA:471,44,1,0
BRDA:473,45,0,0
BRDA:473,45,1,0
BRDA:473,46,0,0
BRDA:473,46,1,0
BRDA:474,47,0,0
BRDA:474,47,1,0
BRDA:477,48,0,0
BRDA:477,48,1,0
BRDA:486,49,0,0
BRDA:486,49,1,0
BRDA:486,50,0,0
BRDA:486,50,1,0
BRDA:492,51,0,2
BRDA:492,51,1,0
BRDA:495,52,0,0
BRDA:495,52,1,0
BRDA:495,53,0,0
BRDA:495,53,1,0
BRDA:503,54,0,0
BRDA:503,54,1,0
BRF:110
BRH:18
end_of_record
TN:
SF:src/stores/editorStore.ts
FN:35,(anonymous_0)
FN:44,(anonymous_1)
FN:46,(anonymous_2)
FN:48,(anonymous_3)
FN:49,(anonymous_4)
FN:55,(anonymous_5)
FN:57,(anonymous_6)
FN:59,(anonymous_7)
FN:61,(anonymous_8)
FN:63,(anonymous_9)
FNF:10
FNH:10
FNDA:1,(anonymous_0)
FNDA:2,(anonymous_1)
FNDA:4,(anonymous_2)
FNDA:2,(anonymous_3)
FNDA:2,(anonymous_4)
FNDA:1,(anonymous_5)
FNDA:2,(anonymous_6)
FNDA:5,(anonymous_7)
FNDA:2,(anonymous_8)
FNDA:2,(anonymous_9)
DA:35,1
DA:44,2
DA:46,4
DA:49,2
DA:55,1
DA:57,2
DA:59,5
DA:61,2
DA:63,2
LF:9
LH:9
BRDA:50,0,0,1
BRDA:50,0,1,1
BRF:2
BRH:2
end_of_record
TN:
SF:src/stores/projectStore.ts
FN:75,(anonymous_0)
FN:89,(anonymous_1)
FN:91,(anonymous_2)
FN:105,(anonymous_3)
FN:106,(anonymous_4)
FN:117,(anonymous_5)
FN:118,(anonymous_6)
FN:119,(anonymous_7)
FN:131,(anonymous_8)
FN:132,(anonymous_9)
FN:133,(anonymous_10)
FN:141,(anonymous_11)
FN:142,(anonymous_12)
FN:143,(anonymous_13)
FN:148,(anonymous_14)
FN:149,(anonymous_15)
FN:150,(anonymous_16)
FN:155,(anonymous_17)
FN:156,(anonymous_18)
FN:157,(anonymous_19)
FN:159,(anonymous_20)
FN:164,(anonymous_21)
FN:165,(anonymous_22)
FN:166,(anonymous_23)
FN:178,(anonymous_24)
FN:179,(anonymous_25)
FN:187,(anonymous_26)
FN:187,(anonymous_27)
FN:188,(anonymous_28)
FN:189,(anonymous_29)
FN:199,(anonymous_30)
FN:200,(anonymous_31)
FN:201,(anonymous_32)
FN:209,(anonymous_33)
FN:209,(anonymous_34)
FN:210,(anonymous_35)
FN:210,(anonymous_36)
FN:211,(anonymous_37)
FN:212,(anonymous_38)
FN:219,(anonymous_39)
FN:220,(anonymous_40)
FN:221,(anonymous_41)
FN:230,(anonymous_42)
FN:234,(anonymous_43)
FN:235,(anonymous_44)
FN:241,(anonymous_45)
FN:250,(anonymous_46)
FN:260,(anonymous_47)
FN:267,(anonymous_48)
FN:276,(anonymous_49)
FN:279,(anonymous_50)
FN:295,_applyExternalSync
FN:311,_broadcastSync
FN:322,(anonymous_53)
FN:334,(anonymous_54)
FNF:55
FNH:33
FNDA:1,(anonymous_0)
FNDA:11,(anonymous_1)
FNDA:11,(anonymous_2)
FNDA:2,(anonymous_3)
FNDA:2,(anonymous_4)
FNDA:7,(anonymous_5)
FNDA:7,(anonymous_6)
FNDA:7,(anonymous_7)
FNDA:1,(anonymous_8)
FNDA:1,(anonymous_9)
FNDA:1,(anonymous_10)
FNDA:1,(anonymous_11)
FNDA:1,(anonymous_12)
FNDA:1,(anonymous_13)
FNDA:0,(anonymous_14)
FNDA:0,(anonymous_15)
FNDA:0,(anonymous_16)
FNDA:0,(anonymous_17)
FNDA:0,(anonymous_18)
FNDA:0,(anonymous_19)
FNDA:0,(anonymous_20)
FNDA:1,(anonymous_21)
FNDA:1,(anonymous_22)
FNDA:1,(anonymous_23)
FNDA:1,(anonymous_24)
FNDA:1,(anonymous_25)
FNDA:0,(anonymous_26)
FNDA:0,(anonymous_27)
FNDA:0,(anonymous_28)
FNDA:0,(anonymous_29)
FNDA:0,(anonymous_30)
FNDA:1,(anonymous_31)
FNDA:1,(anonymous_32)
FNDA:0,(anonymous_33)
FNDA:0,(anonymous_34)
FNDA:0,(anonymous_35)
FNDA:0,(anonymous_36)
FNDA:0,(anonymous_37)
FNDA:0,(anonymous_38)
FNDA:1,(anonymous_39)
FNDA:1,(anonymous_40)
FNDA:1,(anonymous_41)
FNDA:1,(anonymous_42)
FNDA:1,(anonymous_43)
FNDA:1,(anonymous_44)
FNDA:2,(anonymous_45)
FNDA:1,(anonymous_46)
FNDA:39,(anonymous_47)
FNDA:1,(anonymous_48)
FNDA:39,(anonymous_49)
FNDA:0,(anonymous_50)
FNDA:0,_applyExternalSync
FNDA:2,_broadcastSync
FNDA:0,(anonymous_53)
FNDA:0,(anonymous_54)
DA:14,1
DA:73,1
DA:75,1
DA:90,11
DA:91,11
DA:92,11
DA:102,11
DA:106,2
DA:107,2
DA:118,7
DA:119,7
DA:120,7
DA:122,7
DA:123,7
DA:127,7
DA:132,1
DA:133,1
DA:135,1
DA:136,1
DA:142,1
DA:143,1
DA:144,1
DA:149,0
DA:150,0
DA:151,0
DA:156,0
DA:157,0
DA:158,0
DA:159,0
DA:160,0
DA:165,1
DA:166,1
DA:167,1
DA:168,1
DA:179,1
DA:180,1
DA:181,1
DA:182,1
DA:187,0
DA:189,0
DA:190,0
DA:191,0
DA:193,0
DA:194,0
DA:196,0
DA:199,0
DA:201,1
DA:202,1
DA:203,0
DA:205,1
DA:209,0
DA:210,0
DA:211,0
DA:212,0
DA:220,1
DA:221,1
DA:222,1
DA:223,1
DA:224,1
DA:225,1
DA:226,1
DA:232,1
DA:234,1
DA:235,1
DA:238,1
DA:243,2
DA:244,2
DA:246,1
DA:247,3
DA:250,1
DA:251,1
DA:254,1
DA:260,39
DA:268,1
DA:269,1
DA:270,0
DA:271,0
DA:273,0
DA:277,39
DA:280,0
DA:296,0
DA:297,0
DA:298,0
DA:299,0
DA:300,0
DA:301,0
DA:302,0
DA:303,0
DA:304,0
DA:305,0
DA:312,2
DA:313,2
DA:314,2
DA:318,1
DA:320,1
DA:322,1
DA:323,0
DA:324,0
DA:325,0
DA:326,0
DA:328,0
DA:332,1
DA:333,1
DA:334,1
DA:335,0
DA:336,0
LF:106
LH:64
BRDA:95,0,0,11
BRDA:95,0,1,10
BRDA:110,1,0,2
BRDA:110,1,1,2
BRDA:120,2,0,0
BRDA:120,2,1,7
BRDA:136,3,0,1
BRDA:136,3,1,0
BRDA:136,4,0,1
BRDA:136,4,1,0
BRDA:144,5,0,1
BRDA:144,5,1,0
BRDA:151,6,0,0
BRDA:151,6,1,0
BRDA:158,7,0,0
BRDA:158,7,1,0
BRDA:158,8,0,0
BRDA:158,8,1,0
BRDA:160,9,0,0
BRDA:160,9,1,0
BRDA:160,10,0,0
BRDA:160,10,1,0
BRDA:167,11,0,0
BRDA:167,11,1,1
BRDA:190,12,0,0
BRDA:190,12,1,0
BRDA:191,13,0,0
BRDA:191,13,1,0
BRDA:202,14,0,0
BRDA:202,14,1,1
BRDA:222,15,0,0
BRDA:222,15,1,1
BRDA:224,16,0,0
BRDA:224,16,1,1
BRDA:244,17,0,1
BRDA:244,17,1,1
BRDA:269,18,0,1
BRDA:269,18,1,0
BRDA:299,19,0,0
BRDA:299,19,1,0
BRDA:301,20,0,0
BRDA:301,20,1,0
BRDA:302,21,0,0
BRDA:302,21,1,0
BRDA:303,22,0,0
BRDA:303,22,1,0
BRDA:304,23,0,0
BRDA:304,23,1,0
BRDA:314,24,0,2
BRDA:314,24,1,0
BRDA:314,25,0,2
BRDA:314,25,1,2
BRDA:320,26,0,1
BRDA:320,26,1,0
BRDA:323,27,0,0
BRDA:323,27,1,0
BRDA:324,28,0,0
BRDA:324,28,1,0
BRDA:335,29,0,0
BRDA:335,29,1,0
BRF:60
BRH:19
end_of_record
TN:
SF:src/stores/uiStore.ts
FN:22,(anonymous_0)
FN:29,(anonymous_1)
FN:29,(anonymous_2)
FN:30,(anonymous_3)
FN:30,(anonymous_4)
FN:31,(anonymous_5)
FN:31,(anonymous_6)
FN:32,(anonymous_7)
FN:32,(anonymous_8)
FN:34,(anonymous_9)
FN:35,(anonymous_10)
FNF:11
FNH:11
FNDA:1,(anonymous_0)
FNDA:2,(anonymous_1)
FNDA:2,(anonymous_2)
FNDA:1,(anonymous_3)
FNDA:1,(anonymous_4)
FNDA:1,(anonymous_5)
FNDA:1,(anonymous_6)
FNDA:1,(anonymous_7)
FNDA:1,(anonymous_8)
FNDA:5,(anonymous_9)
FNDA:1,(anonymous_10)
DA:22,1
DA:29,2
DA:30,1
DA:31,1
DA:32,1
DA:34,5
DA:35,1
LF:7
LH:7
BRDA:34,0,0,5
BRF:1
BRH:1
end_of_record
TN:
SF:src/stores/userPrefs.ts
FN:62,loadUserPrefs
FN:72,saveUserPrefs
FN:82,learnBrandFromDesign
FN:86,(anonymous_3)
FN:92,(anonymous_4)
FN:96,(anonymous_5)
FN:102,(anonymous_6)
FN:108,(anonymous_7)
FN:124,trackTextUsage
FN:127,(anonymous_9)
FN:134,(anonymous_10)
FN:142,trackSizeUsage
FN:157,prefsToPromptSection
FN:165,(anonymous_13)
FNF:14
FNH:0
FNDA:0,loadUserPrefs
FNDA:0,saveUserPrefs
FNDA:0,learnBrandFromDesign
FNDA:0,(anonymous_3)
FNDA:0,(anonymous_4)
FNDA:0,(anonymous_5)
FNDA:0,(anonymous_6)
FNDA:0,(anonymous_7)
FNDA:0,trackTextUsage
FNDA:0,(anonymous_9)
FNDA:0,(anonymous_10)
FNDA:0,trackSizeUsage
FNDA:0,prefsToPromptSection
FNDA:0,(anonymous_13)
DA:8,0
DA:39,0
DA:63,0
DA:64,0
DA:65,0
DA:66,0
DA:68,0
DA:73,0
DA:83,0
DA:86,0
DA:87,0
DA:88,0
DA:92,0
DA:93,0
DA:94,0
DA:96,0
DA:97,0
DA:98,0
DA:102,0
DA:103,0
DA:104,0
DA:108,0
DA:109,0
DA:110,0
DA:111,0
DA:115,0
DA:116,0
DA:118,0
DA:125,0
DA:126,0
DA:127,0
DA:128,0
DA:129,0
DA:131,0
DA:134,0
DA:135,0
DA:136,0
DA:143,0
DA:144,0
DA:145,0
DA:146,0
DA:147,0
DA:148,0
DA:151,0
DA:158,0
DA:159,0
DA:160,0
DA:161,0
DA:162,0
DA:163,0
DA:164,0
DA:165,0
DA:167,0
DA:168,0
LF:54
LH:0
BRDA:65,0,0,0
BRDA:65,0,1,0
BRDA:86,1,0,0
BRDA:86,1,1,0
BRDA:87,2,0,0
BRDA:87,2,1,0
BRDA:87,3,0,0
BRDA:87,3,1,0
BRDA:92,4,0,0
BRDA:92,4,1,0
BRDA:93,5,0,0
BRDA:93,5,1,0
BRDA:93,6,0,0
BRDA:93,6,1,0
BRDA:96,7,0,0
BRDA:96,7,1,0
BRDA:97,8,0,0
BRDA:97,8,1,0
BRDA:97,9,0,0
BRDA:97,9,1,0
BRDA:102,10,0,0
BRDA:102,10,1,0
BRDA:103,11,0,0
BRDA:103,11,1,0
BRDA:103,12,0,0
BRDA:103,12,1,0
BRDA:109,13,0,0
BRDA:109,13,1,0
BRDA:109,14,0,0
BRDA:109,14,1,0
BRDA:127,15,0,0
BRDA:127,15,1,0
BRDA:128,16,0,0
BRDA:128,16,1,0
BRDA:145,17,0,0
BRDA:145,17,1,0
BRDA:147,18,0,0
BRDA:147,18,1,0
BRDA:164,19,0,0
BRDA:164,19,1,0
BRF:40
BRH:0
end_of_record
TN:
SF:src/stores/videoStorage.ts
FN:11,openDB
FN:12,(anonymous_1)
FN:14,(anonymous_2)
FN:20,(anonymous_3)
FN:21,(anonymous_4)
FN:26,saveVideoBlob
FN:29,(anonymous_6)
FN:35,(anonymous_7)
FN:36,(anonymous_8)
FN:41,loadVideoBlob
FN:43,(anonymous_10)
FN:46,(anonymous_11)
FN:53,(anonymous_12)
FN:58,deleteVideoBlob
FN:60,(anonymous_14)
FN:63,(anonymous_15)
FN:64,(anonymous_16)
FN:69,hasVideoBlob
FN:71,(anonymous_18)
FN:74,(anonymous_19)
FN:75,(anonymous_20)
FNF:21
FNH:0
FNDA:0,openDB
FNDA:0,(anonymous_1)
FNDA:0,(anonymous_2)
FNDA:0,(anonymous_3)
FNDA:0,(anonymous_4)
FNDA:0,saveVideoBlob
FNDA:0,(anonymous_6)
FNDA:0,(anonymous_7)
FNDA:0,(anonymous_8)
FNDA:0,loadVideoBlob
FNDA:0,(anonymous_10)
FNDA:0,(anonymous_11)
FNDA:0,(anonymous_12)
FNDA:0,deleteVideoBlob
FNDA:0,(anonymous_14)
FNDA:0,(anonymous_15)
FNDA:0,(anonymous_16)
FNDA:0,hasVideoBlob
FNDA:0,(anonymous_18)
FNDA:0,(anonymous_19)
FNDA:0,(anonymous_20)
DA:7,0
DA:8,0
DA:9,0
DA:12,0
DA:13,0
DA:14,0
DA:15,0
DA:16,0
DA:17,0
DA:20,0
DA:21,0
DA:27,0
DA:28,0
DA:29,0
DA:30,0
DA:31,0
DA:35,0
DA:36,0
DA:42,0
DA:43,0
DA:44,0
DA:45,0
DA:46,0
DA:47,0
DA:48,0
DA:49,0
DA:50,0
DA:51,0
DA:53,0
DA:59,0
DA:60,0
DA:61,0
DA:62,0
DA:63,0
DA:64,0
DA:70,0
DA:71,0
DA:72,0
DA:73,0
DA:74,0
DA:75,0
LF:41
LH:0
BRDA:16,0,0,0
BRDA:16,0,1,0
BRDA:48,1,0,0
BRDA:48,1,1,0
BRF:4
BRH:0
end_of_record
